[2026-07-06 11:00:13] [INFO   ] [GLOBAL] [CONFIG] ============================================================
[2026-07-06 11:00:13] [INFO   ] [GLOBAL] [CONFIG] EXPERIMENT CONFIGURATION
[2026-07-06 11:00:13] [INFO   ] [GLOBAL] [CONFIG] ============================================================
[2026-07-06 11:00:13] [INFO   ] [GLOBAL] [CONFIG]   experiment_id            : performance_cifar10_a1.0_s456
[2026-07-06 11:00:13] [INFO   ] [GLOBAL] [CONFIG]   strategy                 : performance
[2026-07-06 11:00:13] [INFO   ] [GLOBAL] [CONFIG]   dataset                  : cifar10
[2026-07-06 11:00:13] [INFO   ] [GLOBAL] [CONFIG]   alpha                    : 1.0
[2026-07-06 11:00:13] [INFO   ] [GLOBAL] [CONFIG]   seed                     : 456
[2026-07-06 11:00:13] [INFO   ] [GLOBAL] [CONFIG]   num_rounds               : 20
[2026-07-06 11:00:13] [INFO   ] [GLOBAL] [CONFIG]   num_clients              : 10
[2026-07-06 11:00:13] [INFO   ] [GLOBAL] [CONFIG]   clients_per_round        : 5
[2026-07-06 11:00:13] [INFO   ] [GLOBAL] [CONFIG]   local_epochs             : 3
[2026-07-06 11:00:13] [INFO   ] [GLOBAL] [CONFIG]   learning_rate            : 0.01
[2026-07-06 11:00:13] [INFO   ] [GLOBAL] [CONFIG]   device                   : cpu
[2026-07-06 11:00:13] [INFO   ] [GLOBAL] [CONFIG]   trace_mode               : False
[2026-07-06 11:00:13] [INFO   ] [GLOBAL] [CONFIG] ============================================================
[2026-07-06 11:00:13] [INFO   ] [performance_cifar10_a1.0_s456] [SIMULATION] Starting simulation: 20 rounds | 10 clients | 5/round
[2026-07-06 11:00:22] [INFO   ] [performance_cifar10_a1.0_s456] [ROUND_00] Global Accuracy: 7.3500%
[2026-07-06 11:00:22] [INFO   ] [performance_cifar10_a1.0_s456] [STRATEGY] [PERFORMANCE] Round 01 | Selected 5 clients (by latency ascending)
  Rank 01 | Client   5 | Latency:    4.94 ms
  Rank 02 | Client   6 | Latency:   23.32 ms
  Rank 03 | Client   2 | Latency:   23.66 ms
  Rank 04 | Client   1 | Latency:   42.04 ms
  Rank 05 | Client   0 | Latency:   49.13 ms
  [NOT SELECTED]: ['3', '9', '8', '4', '7']
[2026-07-06 11:00:43] [INFO   ] [performance_cifar10_a1.0_s456] [ROUND_01] Global Accuracy: 13.7300%
[2026-07-06 11:00:47] [INFO   ] [performance_cifar10_a1.0_s456] [STRATEGY] [PERFORMANCE] Round 02 | Selected 5 clients (by latency ascending)
  Rank 01 | Client   5 | Latency:    4.94 ms
  Rank 02 | Client   6 | Latency:   23.32 ms
  Rank 03 | Client   2 | Latency:   23.66 ms
  Rank 04 | Client   1 | Latency:   42.04 ms
  Rank 05 | Client   0 | Latency:   49.13 ms
  [NOT SELECTED]: ['3', '9', '8', '4', '7']
[2026-07-06 11:01:06] [INFO   ] [performance_cifar10_a1.0_s456] [ROUND_02] Global Accuracy: 41.2900%
[2026-07-06 11:01:09] [INFO   ] [performance_cifar10_a1.0_s456] [STRATEGY] [PERFORMANCE] Round 03 | Selected 5 clients (by latency ascending)
  Rank 01 | Client   5 | Latency:    4.94 ms
  Rank 02 | Client   6 | Latency:   23.32 ms
  Rank 03 | Client   2 | Latency:   23.66 ms
  Rank 04 | Client   1 | Latency:   42.04 ms
  Rank 05 | Client   0 | Latency:   49.13 ms
  [NOT SELECTED]: ['3', '9', '8', '4', '7']
[2026-07-06 11:01:27] [INFO   ] [performance_cifar10_a1.0_s456] [ROUND_03] Global Accuracy: 55.6000%
[2026-07-06 11:01:31] [INFO   ] [performance_cifar10_a1.0_s456] [STRATEGY] [PERFORMANCE] Round 04 | Selected 5 clients (by latency ascending)
  Rank 01 | Client   5 | Latency:    4.94 ms
  Rank 02 | Client   6 | Latency:   23.32 ms
  Rank 03 | Client   2 | Latency:   23.66 ms
  Rank 04 | Client   1 | Latency:   42.04 ms
  Rank 05 | Client   0 | Latency:   49.13 ms
  [NOT SELECTED]: ['3', '9', '8', '4', '7']
[2026-07-06 11:01:49] [INFO   ] [performance_cifar10_a1.0_s456] [ROUND_04] Global Accuracy: 59.2500%
[2026-07-06 11:01:52] [INFO   ] [performance_cifar10_a1.0_s456] [STRATEGY] [PERFORMANCE] Round 05 | Selected 5 clients (by latency ascending)
  Rank 01 | Client   5 | Latency:    4.94 ms
  Rank 02 | Client   6 | Latency:   23.32 ms
  Rank 03 | Client   2 | Latency:   23.66 ms
  Rank 04 | Client   1 | Latency:   42.04 ms
  Rank 05 | Client   0 | Latency:   49.13 ms
  [NOT SELECTED]: ['3', '9', '8', '4', '7']
[2026-07-06 11:02:10] [INFO   ] [performance_cifar10_a1.0_s456] [ROUND_05] Global Accuracy: 62.3700%
[2026-07-06 11:02:14] [INFO   ] [performance_cifar10_a1.0_s456] [STRATEGY] [PERFORMANCE] Round 06 | Selected 5 clients (by latency ascending)
  Rank 01 | Client   5 | Latency:    4.94 ms
  Rank 02 | Client   6 | Latency:   23.32 ms
  Rank 03 | Client   2 | Latency:   23.66 ms
  Rank 04 | Client   1 | Latency:   42.04 ms
  Rank 05 | Client   0 | Latency:   49.13 ms
  [NOT SELECTED]: ['3', '9', '8', '4', '7']
[2026-07-06 11:02:32] [INFO   ] [performance_cifar10_a1.0_s456] [ROUND_06] Global Accuracy: 63.8000%
[2026-07-06 11:02:35] [INFO   ] [performance_cifar10_a1.0_s456] [STRATEGY] [PERFORMANCE] Round 07 | Selected 5 clients (by latency ascending)
  Rank 01 | Client   5 | Latency:    4.94 ms
  Rank 02 | Client   6 | Latency:   23.32 ms
  Rank 03 | Client   2 | Latency:   23.66 ms
  Rank 04 | Client   1 | Latency:   42.04 ms
  Rank 05 | Client   0 | Latency:   49.13 ms
  [NOT SELECTED]: ['3', '9', '8', '4', '7']
[2026-07-06 11:02:53] [INFO   ] [performance_cifar10_a1.0_s456] [ROUND_07] Global Accuracy: 65.3700%
[2026-07-06 11:02:56] [INFO   ] [performance_cifar10_a1.0_s456] [STRATEGY] [PERFORMANCE] Round 08 | Selected 5 clients (by latency ascending)
  Rank 01 | Client   5 | Latency:    4.94 ms
  Rank 02 | Client   6 | Latency:   23.32 ms
  Rank 03 | Client   2 | Latency:   23.66 ms
  Rank 04 | Client   1 | Latency:   42.04 ms
  Rank 05 | Client   0 | Latency:   49.13 ms
  [NOT SELECTED]: ['3', '9', '8', '4', '7']
[2026-07-06 11:03:14] [INFO   ] [performance_cifar10_a1.0_s456] [ROUND_08] Global Accuracy: 66.0900%
[2026-07-06 11:03:18] [INFO   ] [performance_cifar10_a1.0_s456] [STRATEGY] [PERFORMANCE] Round 09 | Selected 5 clients (by latency ascending)
  Rank 01 | Client   5 | Latency:    4.94 ms
  Rank 02 | Client   6 | Latency:   23.32 ms
  Rank 03 | Client   2 | Latency:   23.66 ms
  Rank 04 | Client   1 | Latency:   42.04 ms
  Rank 05 | Client   0 | Latency:   49.13 ms
  [NOT SELECTED]: ['3', '9', '8', '4', '7']
[2026-07-06 11:03:35] [INFO   ] [performance_cifar10_a1.0_s456] [ROUND_09] Global Accuracy: 67.3300%
[2026-07-06 11:03:39] [INFO   ] [performance_cifar10_a1.0_s456] [STRATEGY] [PERFORMANCE] Round 10 | Selected 5 clients (by latency ascending)
  Rank 01 | Client   5 | Latency:    4.94 ms
  Rank 02 | Client   6 | Latency:   23.32 ms
  Rank 03 | Client   2 | Latency:   23.66 ms
  Rank 04 | Client   1 | Latency:   42.04 ms
  Rank 05 | Client   0 | Latency:   49.13 ms
  [NOT SELECTED]: ['3', '9', '8', '4', '7']
[2026-07-06 11:03:56] [INFO   ] [performance_cifar10_a1.0_s456] [ROUND_10] Global Accuracy: 67.6400%
[2026-07-06 11:04:00] [INFO   ] [performance_cifar10_a1.0_s456] [STRATEGY] [PERFORMANCE] Round 11 | Selected 5 clients (by latency ascending)
  Rank 01 | Client   5 | Latency:    4.94 ms
  Rank 02 | Client   6 | Latency:   23.32 ms
  Rank 03 | Client   2 | Latency:   23.66 ms
  Rank 04 | Client   1 | Latency:   42.04 ms
  Rank 05 | Client   0 | Latency:   49.13 ms
  [NOT SELECTED]: ['3', '9', '8', '4', '7']
[2026-07-06 11:04:17] [INFO   ] [performance_cifar10_a1.0_s456] [ROUND_11] Global Accuracy: 68.3800%
[2026-07-06 11:04:20] [INFO   ] [performance_cifar10_a1.0_s456] [STRATEGY] [PERFORMANCE] Round 12 | Selected 5 clients (by latency ascending)
  Rank 01 | Client   5 | Latency:    4.94 ms
  Rank 02 | Client   6 | Latency:   23.32 ms
  Rank 03 | Client   2 | Latency:   23.66 ms
  Rank 04 | Client   1 | Latency:   42.04 ms
  Rank 05 | Client   0 | Latency:   49.13 ms
  [NOT SELECTED]: ['3', '9', '8', '4', '7']
[2026-07-06 11:04:38] [INFO   ] [performance_cifar10_a1.0_s456] [ROUND_12] Global Accuracy: 69.5200%
[2026-07-06 11:04:41] [INFO   ] [performance_cifar10_a1.0_s456] [STRATEGY] [PERFORMANCE] Round 13 | Selected 5 clients (by latency ascending)
  Rank 01 | Client   5 | Latency:    4.94 ms
  Rank 02 | Client   6 | Latency:   23.32 ms
  Rank 03 | Client   2 | Latency:   23.66 ms
  Rank 04 | Client   1 | Latency:   42.04 ms
  Rank 05 | Client   0 | Latency:   49.13 ms
  [NOT SELECTED]: ['3', '9', '8', '4', '7']
[2026-07-06 11:04:59] [INFO   ] [performance_cifar10_a1.0_s456] [ROUND_13] Global Accuracy: 68.6500%
[2026-07-06 11:05:02] [INFO   ] [performance_cifar10_a1.0_s456] [STRATEGY] [PERFORMANCE] Round 14 | Selected 5 clients (by latency ascending)
  Rank 01 | Client   5 | Latency:    4.94 ms
  Rank 02 | Client   6 | Latency:   23.32 ms
  Rank 03 | Client   2 | Latency:   23.66 ms
  Rank 04 | Client   1 | Latency:   42.04 ms
  Rank 05 | Client   0 | Latency:   49.13 ms
  [NOT SELECTED]: ['3', '9', '8', '4', '7']
[2026-07-06 11:05:20] [INFO   ] [performance_cifar10_a1.0_s456] [ROUND_14] Global Accuracy: 68.7500%
[2026-07-06 11:05:23] [INFO   ] [performance_cifar10_a1.0_s456] [STRATEGY] [PERFORMANCE] Round 15 | Selected 5 clients (by latency ascending)
  Rank 01 | Client   5 | Latency:    4.94 ms
  Rank 02 | Client   6 | Latency:   23.32 ms
  Rank 03 | Client   2 | Latency:   23.66 ms
  Rank 04 | Client   1 | Latency:   42.04 ms
  Rank 05 | Client   0 | Latency:   49.13 ms
  [NOT SELECTED]: ['3', '9', '8', '4', '7']
[2026-07-06 11:05:41] [INFO   ] [performance_cifar10_a1.0_s456] [ROUND_15] Global Accuracy: 69.0900%
[2026-07-06 11:05:44] [INFO   ] [performance_cifar10_a1.0_s456] [STRATEGY] [PERFORMANCE] Round 16 | Selected 5 clients (by latency ascending)
  Rank 01 | Client   5 | Latency:    4.94 ms
  Rank 02 | Client   6 | Latency:   23.32 ms
  Rank 03 | Client   2 | Latency:   23.66 ms
  Rank 04 | Client   1 | Latency:   42.04 ms
  Rank 05 | Client   0 | Latency:   49.13 ms
  [NOT SELECTED]: ['3', '9', '8', '4', '7']
[2026-07-06 11:06:02] [INFO   ] [performance_cifar10_a1.0_s456] [ROUND_16] Global Accuracy: 69.1000%
[2026-07-06 11:06:05] [INFO   ] [performance_cifar10_a1.0_s456] [STRATEGY] [PERFORMANCE] Round 17 | Selected 5 clients (by latency ascending)
  Rank 01 | Client   5 | Latency:    4.94 ms
  Rank 02 | Client   6 | Latency:   23.32 ms
  Rank 03 | Client   2 | Latency:   23.66 ms
  Rank 04 | Client   1 | Latency:   42.04 ms
  Rank 05 | Client   0 | Latency:   49.13 ms
  [NOT SELECTED]: ['3', '9', '8', '4', '7']
[2026-07-06 11:06:23] [INFO   ] [performance_cifar10_a1.0_s456] [ROUND_17] Global Accuracy: 69.3200%
[2026-07-06 11:06:26] [INFO   ] [performance_cifar10_a1.0_s456] [STRATEGY] [PERFORMANCE] Round 18 | Selected 5 clients (by latency ascending)
  Rank 01 | Client   5 | Latency:    4.94 ms
  Rank 02 | Client   6 | Latency:   23.32 ms
  Rank 03 | Client   2 | Latency:   23.66 ms
  Rank 04 | Client   1 | Latency:   42.04 ms
  Rank 05 | Client   0 | Latency:   49.13 ms
  [NOT SELECTED]: ['3', '9', '8', '4', '7']
[2026-07-06 11:06:44] [INFO   ] [performance_cifar10_a1.0_s456] [ROUND_18] Global Accuracy: 69.2700%
[2026-07-06 11:06:47] [INFO   ] [performance_cifar10_a1.0_s456] [STRATEGY] [PERFORMANCE] Round 19 | Selected 5 clients (by latency ascending)
  Rank 01 | Client   5 | Latency:    4.94 ms
  Rank 02 | Client   6 | Latency:   23.32 ms
  Rank 03 | Client   2 | Latency:   23.66 ms
  Rank 04 | Client   1 | Latency:   42.04 ms
  Rank 05 | Client   0 | Latency:   49.13 ms
  [NOT SELECTED]: ['3', '9', '8', '4', '7']
[2026-07-06 11:07:05] [INFO   ] [performance_cifar10_a1.0_s456] [ROUND_19] Global Accuracy: 69.6300%
[2026-07-06 11:07:09] [INFO   ] [performance_cifar10_a1.0_s456] [STRATEGY] [PERFORMANCE] Round 20 | Selected 5 clients (by latency ascending)
  Rank 01 | Client   5 | Latency:    4.94 ms
  Rank 02 | Client   6 | Latency:   23.32 ms
  Rank 03 | Client   2 | Latency:   23.66 ms
  Rank 04 | Client   1 | Latency:   42.04 ms
  Rank 05 | Client   0 | Latency:   49.13 ms
  [NOT SELECTED]: ['3', '9', '8', '4', '7']
[2026-07-06 11:07:27] [INFO   ] [performance_cifar10_a1.0_s456] [ROUND_20] Global Accuracy: 68.5400%
