[2026-07-03 15:34:43] [INFO   ] [GLOBAL] [CONFIG] ============================================================
[2026-07-03 15:34:43] [INFO   ] [GLOBAL] [CONFIG] EXPERIMENT CONFIGURATION
[2026-07-03 15:34:43] [INFO   ] [GLOBAL] [CONFIG] ============================================================
[2026-07-03 15:34:43] [INFO   ] [GLOBAL] [CONFIG]   experiment_id            : random_cifar10_a1.0_s42
[2026-07-03 15:34:43] [INFO   ] [GLOBAL] [CONFIG]   strategy                 : random
[2026-07-03 15:34:43] [INFO   ] [GLOBAL] [CONFIG]   dataset                  : cifar10
[2026-07-03 15:34:43] [INFO   ] [GLOBAL] [CONFIG]   alpha                    : 1.0
[2026-07-03 15:34:43] [INFO   ] [GLOBAL] [CONFIG]   seed                     : 42
[2026-07-03 15:34:43] [INFO   ] [GLOBAL] [CONFIG]   num_rounds               : 20
[2026-07-03 15:34:43] [INFO   ] [GLOBAL] [CONFIG]   num_clients              : 10
[2026-07-03 15:34:43] [INFO   ] [GLOBAL] [CONFIG]   clients_per_round        : 5
[2026-07-03 15:34:43] [INFO   ] [GLOBAL] [CONFIG]   local_epochs             : 3
[2026-07-03 15:34:43] [INFO   ] [GLOBAL] [CONFIG]   learning_rate            : 0.01
[2026-07-03 15:34:43] [INFO   ] [GLOBAL] [CONFIG]   device                   : cpu
[2026-07-03 15:34:43] [INFO   ] [GLOBAL] [CONFIG]   trace_mode               : False
[2026-07-03 15:34:43] [INFO   ] [GLOBAL] [CONFIG] ============================================================
[2026-07-03 15:34:43] [INFO   ] [random_cifar10_a1.0_s42] [SIMULATION] Starting simulation: 20 rounds | 10 clients | 5/round
[2026-07-03 15:34:52] [INFO   ] [random_cifar10_a1.0_s42] [ROUND_00] Global Accuracy: 10.7700%
[2026-07-03 15:34:52] [INFO   ] [random_cifar10_a1.0_s42] [STRATEGY] [RANDOM] Round 01 | Selected 5 clients: ['1', '2', '5', '7', '8']
[2026-07-03 15:35:10] [INFO   ] [random_cifar10_a1.0_s42] [ROUND_01] Global Accuracy: 10.8000%
[2026-07-03 15:35:15] [INFO   ] [random_cifar10_a1.0_s42] [STRATEGY] [RANDOM] Round 02 | Selected 5 clients: ['2', '6', '7', '8', '9']
[2026-07-03 15:35:31] [INFO   ] [random_cifar10_a1.0_s42] [ROUND_02] Global Accuracy: 40.4100%
[2026-07-03 15:35:34] [INFO   ] [random_cifar10_a1.0_s42] [STRATEGY] [RANDOM] Round 03 | Selected 5 clients: ['0', '2', '3', '4', '6']
[2026-07-03 15:35:53] [INFO   ] [random_cifar10_a1.0_s42] [ROUND_03] Global Accuracy: 52.1800%
[2026-07-03 15:35:56] [INFO   ] [random_cifar10_a1.0_s42] [STRATEGY] [RANDOM] Round 04 | Selected 5 clients: ['0', '4', '6', '7', '9']
[2026-07-03 15:36:12] [INFO   ] [random_cifar10_a1.0_s42] [ROUND_04] Global Accuracy: 58.3600%
[2026-07-03 15:36:15] [INFO   ] [random_cifar10_a1.0_s42] [STRATEGY] [RANDOM] Round 05 | Selected 5 clients: ['0', '1', '2', '6', '7']
[2026-07-03 15:36:31] [INFO   ] [random_cifar10_a1.0_s42] [ROUND_05] Global Accuracy: 60.3600%
[2026-07-03 15:36:35] [INFO   ] [random_cifar10_a1.0_s42] [STRATEGY] [RANDOM] Round 06 | Selected 5 clients: ['0', '2', '7', '8', '9']
[2026-07-03 15:36:50] [INFO   ] [random_cifar10_a1.0_s42] [ROUND_06] Global Accuracy: 62.9100%
[2026-07-03 15:36:53] [INFO   ] [random_cifar10_a1.0_s42] [STRATEGY] [RANDOM] Round 07 | Selected 5 clients: ['2', '3', '5', '8', '9']
[2026-07-03 15:37:11] [INFO   ] [random_cifar10_a1.0_s42] [ROUND_07] Global Accuracy: 66.7500%
[2026-07-03 15:37:14] [INFO   ] [random_cifar10_a1.0_s42] [STRATEGY] [RANDOM] Round 08 | Selected 5 clients: ['0', '1', '3', '5', '8']
[2026-07-03 15:37:32] [INFO   ] [random_cifar10_a1.0_s42] [ROUND_08] Global Accuracy: 66.9900%
[2026-07-03 15:37:35] [INFO   ] [random_cifar10_a1.0_s42] [STRATEGY] [RANDOM] Round 09 | Selected 5 clients: ['1', '3', '4', '6', '7']
[2026-07-03 15:37:53] [INFO   ] [random_cifar10_a1.0_s42] [ROUND_09] Global Accuracy: 69.8100%
[2026-07-03 15:37:56] [INFO   ] [random_cifar10_a1.0_s42] [STRATEGY] [RANDOM] Round 10 | Selected 5 clients: ['2', '4', '6', '8', '9']
[2026-07-03 15:38:12] [INFO   ] [random_cifar10_a1.0_s42] [ROUND_10] Global Accuracy: 67.3100%
[2026-07-03 15:38:15] [INFO   ] [random_cifar10_a1.0_s42] [STRATEGY] [RANDOM] Round 11 | Selected 5 clients: ['1', '2', '5', '7', '9']
[2026-07-03 15:38:30] [INFO   ] [random_cifar10_a1.0_s42] [ROUND_11] Global Accuracy: 69.1000%
[2026-07-03 15:38:33] [INFO   ] [random_cifar10_a1.0_s42] [STRATEGY] [RANDOM] Round 12 | Selected 5 clients: ['2', '4', '5', '7', '9']
[2026-07-03 15:38:48] [INFO   ] [random_cifar10_a1.0_s42] [ROUND_12] Global Accuracy: 69.4100%
[2026-07-03 15:38:51] [INFO   ] [random_cifar10_a1.0_s42] [STRATEGY] [RANDOM] Round 13 | Selected 5 clients: ['0', '2', '4', '6', '7']
[2026-07-03 15:39:07] [INFO   ] [random_cifar10_a1.0_s42] [ROUND_13] Global Accuracy: 68.7300%
[2026-07-03 15:39:10] [INFO   ] [random_cifar10_a1.0_s42] [STRATEGY] [RANDOM] Round 14 | Selected 5 clients: ['1', '4', '5', '6', '7']
[2026-07-03 15:39:26] [INFO   ] [random_cifar10_a1.0_s42] [ROUND_14] Global Accuracy: 69.9800%
[2026-07-03 15:39:29] [INFO   ] [random_cifar10_a1.0_s42] [STRATEGY] [RANDOM] Round 15 | Selected 5 clients: ['1', '2', '3', '5', '9']
[2026-07-03 15:39:47] [INFO   ] [random_cifar10_a1.0_s42] [ROUND_15] Global Accuracy: 70.0600%
[2026-07-03 15:39:50] [INFO   ] [random_cifar10_a1.0_s42] [STRATEGY] [RANDOM] Round 16 | Selected 5 clients: ['1', '3', '5', '6', '9']
[2026-07-03 15:40:08] [INFO   ] [random_cifar10_a1.0_s42] [ROUND_16] Global Accuracy: 70.6600%
[2026-07-03 15:40:11] [INFO   ] [random_cifar10_a1.0_s42] [STRATEGY] [RANDOM] Round 17 | Selected 5 clients: ['0', '4', '5', '7', '9']
[2026-07-03 15:40:27] [INFO   ] [random_cifar10_a1.0_s42] [ROUND_17] Global Accuracy: 71.4900%
[2026-07-03 15:40:30] [INFO   ] [random_cifar10_a1.0_s42] [STRATEGY] [RANDOM] Round 18 | Selected 5 clients: ['2', '6', '7', '8', '9']
[2026-07-03 15:40:48] [INFO   ] [random_cifar10_a1.0_s42] [ROUND_18] Global Accuracy: 72.2200%
[2026-07-03 15:40:51] [INFO   ] [random_cifar10_a1.0_s42] [STRATEGY] [RANDOM] Round 19 | Selected 5 clients: ['1', '3', '7', '8', '9']
[2026-07-03 15:41:10] [INFO   ] [random_cifar10_a1.0_s42] [ROUND_19] Global Accuracy: 71.9500%
[2026-07-03 15:41:13] [INFO   ] [random_cifar10_a1.0_s42] [STRATEGY] [RANDOM] Round 20 | Selected 5 clients: ['2', '3', '5', '7', '8']
[2026-07-03 15:41:32] [INFO   ] [random_cifar10_a1.0_s42] [ROUND_20] Global Accuracy: 73.0000%
