[2026-07-06 10:38:28] [INFO   ] [GLOBAL] [CONFIG] ============================================================
[2026-07-06 10:38:28] [INFO   ] [GLOBAL] [CONFIG] EXPERIMENT CONFIGURATION
[2026-07-06 10:38:28] [INFO   ] [GLOBAL] [CONFIG] ============================================================
[2026-07-06 10:38:28] [INFO   ] [GLOBAL] [CONFIG]   experiment_id            : performance_cifar10_a0.5_s456
[2026-07-06 10:38:28] [INFO   ] [GLOBAL] [CONFIG]   strategy                 : performance
[2026-07-06 10:38:28] [INFO   ] [GLOBAL] [CONFIG]   dataset                  : cifar10
[2026-07-06 10:38:28] [INFO   ] [GLOBAL] [CONFIG]   alpha                    : 0.5
[2026-07-06 10:38:28] [INFO   ] [GLOBAL] [CONFIG]   seed                     : 456
[2026-07-06 10:38:28] [INFO   ] [GLOBAL] [CONFIG]   num_rounds               : 20
[2026-07-06 10:38:28] [INFO   ] [GLOBAL] [CONFIG]   num_clients              : 10
[2026-07-06 10:38:28] [INFO   ] [GLOBAL] [CONFIG]   clients_per_round        : 5
[2026-07-06 10:38:28] [INFO   ] [GLOBAL] [CONFIG]   local_epochs             : 3
[2026-07-06 10:38:28] [INFO   ] [GLOBAL] [CONFIG]   learning_rate            : 0.01
[2026-07-06 10:38:28] [INFO   ] [GLOBAL] [CONFIG]   device                   : cpu
[2026-07-06 10:38:28] [INFO   ] [GLOBAL] [CONFIG]   trace_mode               : False
[2026-07-06 10:38:28] [INFO   ] [GLOBAL] [CONFIG] ============================================================
[2026-07-06 10:38:29] [INFO   ] [performance_cifar10_a0.5_s456] [SIMULATION] Starting simulation: 20 rounds | 10 clients | 5/round
[2026-07-06 10:38:37] [INFO   ] [performance_cifar10_a0.5_s456] [ROUND_00] Global Accuracy: 8.2800%
[2026-07-06 10:38:37] [INFO   ] [performance_cifar10_a0.5_s456] [STRATEGY] [PERFORMANCE] Round 01 | Selected 5 clients (by latency ascending)
  Rank 01 | Client   5 | Latency:    4.94 ms
  Rank 02 | Client   6 | Latency:   23.32 ms
  Rank 03 | Client   2 | Latency:   23.66 ms
  Rank 04 | Client   1 | Latency:   42.04 ms
  Rank 05 | Client   0 | Latency:   49.13 ms
  [NOT SELECTED]: ['3', '9', '8', '4', '7']
[2026-07-06 10:39:00] [INFO   ] [performance_cifar10_a0.5_s456] [ROUND_01] Global Accuracy: 22.5800%
[2026-07-06 10:39:05] [INFO   ] [performance_cifar10_a0.5_s456] [STRATEGY] [PERFORMANCE] Round 02 | Selected 5 clients (by latency ascending)
  Rank 01 | Client   5 | Latency:    4.94 ms
  Rank 02 | Client   6 | Latency:   23.32 ms
  Rank 03 | Client   2 | Latency:   23.66 ms
  Rank 04 | Client   1 | Latency:   42.04 ms
  Rank 05 | Client   0 | Latency:   49.13 ms
  [NOT SELECTED]: ['3', '9', '8', '4', '7']
[2026-07-06 10:39:26] [INFO   ] [performance_cifar10_a0.5_s456] [ROUND_02] Global Accuracy: 39.5600%
[2026-07-06 10:39:29] [INFO   ] [performance_cifar10_a0.5_s456] [STRATEGY] [PERFORMANCE] Round 03 | Selected 5 clients (by latency ascending)
  Rank 01 | Client   5 | Latency:    4.94 ms
  Rank 02 | Client   6 | Latency:   23.32 ms
  Rank 03 | Client   2 | Latency:   23.66 ms
  Rank 04 | Client   1 | Latency:   42.04 ms
  Rank 05 | Client   0 | Latency:   49.13 ms
  [NOT SELECTED]: ['3', '9', '8', '4', '7']
[2026-07-06 10:39:50] [INFO   ] [performance_cifar10_a0.5_s456] [ROUND_03] Global Accuracy: 49.0400%
[2026-07-06 10:39:54] [INFO   ] [performance_cifar10_a0.5_s456] [STRATEGY] [PERFORMANCE] Round 04 | Selected 5 clients (by latency ascending)
  Rank 01 | Client   5 | Latency:    4.94 ms
  Rank 02 | Client   6 | Latency:   23.32 ms
  Rank 03 | Client   2 | Latency:   23.66 ms
  Rank 04 | Client   1 | Latency:   42.04 ms
  Rank 05 | Client   0 | Latency:   49.13 ms
  [NOT SELECTED]: ['3', '9', '8', '4', '7']
[2026-07-06 10:40:14] [INFO   ] [performance_cifar10_a0.5_s456] [ROUND_04] Global Accuracy: 56.9500%
[2026-07-06 10:40:18] [INFO   ] [performance_cifar10_a0.5_s456] [STRATEGY] [PERFORMANCE] Round 05 | Selected 5 clients (by latency ascending)
  Rank 01 | Client   5 | Latency:    4.94 ms
  Rank 02 | Client   6 | Latency:   23.32 ms
  Rank 03 | Client   2 | Latency:   23.66 ms
  Rank 04 | Client   1 | Latency:   42.04 ms
  Rank 05 | Client   0 | Latency:   49.13 ms
  [NOT SELECTED]: ['3', '9', '8', '4', '7']
[2026-07-06 10:40:39] [INFO   ] [performance_cifar10_a0.5_s456] [ROUND_05] Global Accuracy: 59.8000%
[2026-07-06 10:40:42] [INFO   ] [performance_cifar10_a0.5_s456] [STRATEGY] [PERFORMANCE] Round 06 | Selected 5 clients (by latency ascending)
  Rank 01 | Client   5 | Latency:    4.94 ms
  Rank 02 | Client   6 | Latency:   23.32 ms
  Rank 03 | Client   2 | Latency:   23.66 ms
  Rank 04 | Client   1 | Latency:   42.04 ms
  Rank 05 | Client   0 | Latency:   49.13 ms
  [NOT SELECTED]: ['3', '9', '8', '4', '7']
[2026-07-06 10:41:03] [INFO   ] [performance_cifar10_a0.5_s456] [ROUND_06] Global Accuracy: 63.1900%
[2026-07-06 10:41:06] [INFO   ] [performance_cifar10_a0.5_s456] [STRATEGY] [PERFORMANCE] Round 07 | Selected 5 clients (by latency ascending)
  Rank 01 | Client   5 | Latency:    4.94 ms
  Rank 02 | Client   6 | Latency:   23.32 ms
  Rank 03 | Client   2 | Latency:   23.66 ms
  Rank 04 | Client   1 | Latency:   42.04 ms
  Rank 05 | Client   0 | Latency:   49.13 ms
  [NOT SELECTED]: ['3', '9', '8', '4', '7']
[2026-07-06 10:41:27] [INFO   ] [performance_cifar10_a0.5_s456] [ROUND_07] Global Accuracy: 63.5100%
[2026-07-06 10:41:30] [INFO   ] [performance_cifar10_a0.5_s456] [STRATEGY] [PERFORMANCE] Round 08 | Selected 5 clients (by latency ascending)
  Rank 01 | Client   5 | Latency:    4.94 ms
  Rank 02 | Client   6 | Latency:   23.32 ms
  Rank 03 | Client   2 | Latency:   23.66 ms
  Rank 04 | Client   1 | Latency:   42.04 ms
  Rank 05 | Client   0 | Latency:   49.13 ms
  [NOT SELECTED]: ['3', '9', '8', '4', '7']
[2026-07-06 10:41:50] [INFO   ] [performance_cifar10_a0.5_s456] [ROUND_08] Global Accuracy: 65.0100%
[2026-07-06 10:41:54] [INFO   ] [performance_cifar10_a0.5_s456] [STRATEGY] [PERFORMANCE] Round 09 | Selected 5 clients (by latency ascending)
  Rank 01 | Client   5 | Latency:    4.94 ms
  Rank 02 | Client   6 | Latency:   23.32 ms
  Rank 03 | Client   2 | Latency:   23.66 ms
  Rank 04 | Client   1 | Latency:   42.04 ms
  Rank 05 | Client   0 | Latency:   49.13 ms
  [NOT SELECTED]: ['3', '9', '8', '4', '7']
[2026-07-06 10:42:14] [INFO   ] [performance_cifar10_a0.5_s456] [ROUND_09] Global Accuracy: 65.6500%
[2026-07-06 10:42:18] [INFO   ] [performance_cifar10_a0.5_s456] [STRATEGY] [PERFORMANCE] Round 10 | Selected 5 clients (by latency ascending)
  Rank 01 | Client   5 | Latency:    4.94 ms
  Rank 02 | Client   6 | Latency:   23.32 ms
  Rank 03 | Client   2 | Latency:   23.66 ms
  Rank 04 | Client   1 | Latency:   42.04 ms
  Rank 05 | Client   0 | Latency:   49.13 ms
  [NOT SELECTED]: ['3', '9', '8', '4', '7']
[2026-07-06 10:42:38] [INFO   ] [performance_cifar10_a0.5_s456] [ROUND_10] Global Accuracy: 66.5500%
[2026-07-06 10:42:42] [INFO   ] [performance_cifar10_a0.5_s456] [STRATEGY] [PERFORMANCE] Round 11 | Selected 5 clients (by latency ascending)
  Rank 01 | Client   5 | Latency:    4.94 ms
  Rank 02 | Client   6 | Latency:   23.32 ms
  Rank 03 | Client   2 | Latency:   23.66 ms
  Rank 04 | Client   1 | Latency:   42.04 ms
  Rank 05 | Client   0 | Latency:   49.13 ms
  [NOT SELECTED]: ['3', '9', '8', '4', '7']
[2026-07-06 10:43:02] [INFO   ] [performance_cifar10_a0.5_s456] [ROUND_11] Global Accuracy: 67.3300%
[2026-07-06 10:43:06] [INFO   ] [performance_cifar10_a0.5_s456] [STRATEGY] [PERFORMANCE] Round 12 | Selected 5 clients (by latency ascending)
  Rank 01 | Client   5 | Latency:    4.94 ms
  Rank 02 | Client   6 | Latency:   23.32 ms
  Rank 03 | Client   2 | Latency:   23.66 ms
  Rank 04 | Client   1 | Latency:   42.04 ms
  Rank 05 | Client   0 | Latency:   49.13 ms
  [NOT SELECTED]: ['3', '9', '8', '4', '7']
[2026-07-06 10:43:26] [INFO   ] [performance_cifar10_a0.5_s456] [ROUND_12] Global Accuracy: 66.8600%
[2026-07-06 10:43:30] [INFO   ] [performance_cifar10_a0.5_s456] [STRATEGY] [PERFORMANCE] Round 13 | Selected 5 clients (by latency ascending)
  Rank 01 | Client   5 | Latency:    4.94 ms
  Rank 02 | Client   6 | Latency:   23.32 ms
  Rank 03 | Client   2 | Latency:   23.66 ms
  Rank 04 | Client   1 | Latency:   42.04 ms
  Rank 05 | Client   0 | Latency:   49.13 ms
  [NOT SELECTED]: ['3', '9', '8', '4', '7']
[2026-07-06 10:43:50] [INFO   ] [performance_cifar10_a0.5_s456] [ROUND_13] Global Accuracy: 67.0700%
[2026-07-06 10:43:54] [INFO   ] [performance_cifar10_a0.5_s456] [STRATEGY] [PERFORMANCE] Round 14 | Selected 5 clients (by latency ascending)
  Rank 01 | Client   5 | Latency:    4.94 ms
  Rank 02 | Client   6 | Latency:   23.32 ms
  Rank 03 | Client   2 | Latency:   23.66 ms
  Rank 04 | Client   1 | Latency:   42.04 ms
  Rank 05 | Client   0 | Latency:   49.13 ms
  [NOT SELECTED]: ['3', '9', '8', '4', '7']
[2026-07-06 10:44:14] [INFO   ] [performance_cifar10_a0.5_s456] [ROUND_14] Global Accuracy: 67.1000%
[2026-07-06 10:44:17] [INFO   ] [performance_cifar10_a0.5_s456] [STRATEGY] [PERFORMANCE] Round 15 | Selected 5 clients (by latency ascending)
  Rank 01 | Client   5 | Latency:    4.94 ms
  Rank 02 | Client   6 | Latency:   23.32 ms
  Rank 03 | Client   2 | Latency:   23.66 ms
  Rank 04 | Client   1 | Latency:   42.04 ms
  Rank 05 | Client   0 | Latency:   49.13 ms
  [NOT SELECTED]: ['3', '9', '8', '4', '7']
[2026-07-06 10:44:37] [INFO   ] [performance_cifar10_a0.5_s456] [ROUND_15] Global Accuracy: 67.4900%
[2026-07-06 10:44:41] [INFO   ] [performance_cifar10_a0.5_s456] [STRATEGY] [PERFORMANCE] Round 16 | Selected 5 clients (by latency ascending)
  Rank 01 | Client   5 | Latency:    4.94 ms
  Rank 02 | Client   6 | Latency:   23.32 ms
  Rank 03 | Client   2 | Latency:   23.66 ms
  Rank 04 | Client   1 | Latency:   42.04 ms
  Rank 05 | Client   0 | Latency:   49.13 ms
  [NOT SELECTED]: ['3', '9', '8', '4', '7']
[2026-07-06 10:45:01] [INFO   ] [performance_cifar10_a0.5_s456] [ROUND_16] Global Accuracy: 67.5700%
[2026-07-06 10:45:05] [INFO   ] [performance_cifar10_a0.5_s456] [STRATEGY] [PERFORMANCE] Round 17 | Selected 5 clients (by latency ascending)
  Rank 01 | Client   5 | Latency:    4.94 ms
  Rank 02 | Client   6 | Latency:   23.32 ms
  Rank 03 | Client   2 | Latency:   23.66 ms
  Rank 04 | Client   1 | Latency:   42.04 ms
  Rank 05 | Client   0 | Latency:   49.13 ms
  [NOT SELECTED]: ['3', '9', '8', '4', '7']
[2026-07-06 10:45:25] [INFO   ] [performance_cifar10_a0.5_s456] [ROUND_17] Global Accuracy: 67.7600%
[2026-07-06 10:45:28] [INFO   ] [performance_cifar10_a0.5_s456] [STRATEGY] [PERFORMANCE] Round 18 | Selected 5 clients (by latency ascending)
  Rank 01 | Client   5 | Latency:    4.94 ms
  Rank 02 | Client   6 | Latency:   23.32 ms
  Rank 03 | Client   2 | Latency:   23.66 ms
  Rank 04 | Client   1 | Latency:   42.04 ms
  Rank 05 | Client   0 | Latency:   49.13 ms
  [NOT SELECTED]: ['3', '9', '8', '4', '7']
[2026-07-06 10:45:48] [INFO   ] [performance_cifar10_a0.5_s456] [ROUND_18] Global Accuracy: 68.1800%
[2026-07-06 10:45:51] [INFO   ] [performance_cifar10_a0.5_s456] [STRATEGY] [PERFORMANCE] Round 19 | Selected 5 clients (by latency ascending)
  Rank 01 | Client   5 | Latency:    4.94 ms
  Rank 02 | Client   6 | Latency:   23.32 ms
  Rank 03 | Client   2 | Latency:   23.66 ms
  Rank 04 | Client   1 | Latency:   42.04 ms
  Rank 05 | Client   0 | Latency:   49.13 ms
  [NOT SELECTED]: ['3', '9', '8', '4', '7']
[2026-07-06 10:46:11] [INFO   ] [performance_cifar10_a0.5_s456] [ROUND_19] Global Accuracy: 67.7400%
[2026-07-06 10:46:15] [INFO   ] [performance_cifar10_a0.5_s456] [STRATEGY] [PERFORMANCE] Round 20 | Selected 5 clients (by latency ascending)
  Rank 01 | Client   5 | Latency:    4.94 ms
  Rank 02 | Client   6 | Latency:   23.32 ms
  Rank 03 | Client   2 | Latency:   23.66 ms
  Rank 04 | Client   1 | Latency:   42.04 ms
  Rank 05 | Client   0 | Latency:   49.13 ms
  [NOT SELECTED]: ['3', '9', '8', '4', '7']
[2026-07-06 10:46:35] [INFO   ] [performance_cifar10_a0.5_s456] [ROUND_20] Global Accuracy: 67.3600%
