[2026-07-03 15:56:03] [INFO   ] [GLOBAL] [CONFIG] ============================================================
[2026-07-03 15:56:03] [INFO   ] [GLOBAL] [CONFIG] EXPERIMENT CONFIGURATION
[2026-07-03 15:56:03] [INFO   ] [GLOBAL] [CONFIG] ============================================================
[2026-07-03 15:56:03] [INFO   ] [GLOBAL] [CONFIG]   experiment_id            : performance_mnist_a0.1_s42
[2026-07-03 15:56:03] [INFO   ] [GLOBAL] [CONFIG]   strategy                 : performance
[2026-07-03 15:56:03] [INFO   ] [GLOBAL] [CONFIG]   dataset                  : mnist
[2026-07-03 15:56:03] [INFO   ] [GLOBAL] [CONFIG]   alpha                    : 0.1
[2026-07-03 15:56:03] [INFO   ] [GLOBAL] [CONFIG]   seed                     : 42
[2026-07-03 15:56:03] [INFO   ] [GLOBAL] [CONFIG]   num_rounds               : 20
[2026-07-03 15:56:03] [INFO   ] [GLOBAL] [CONFIG]   num_clients              : 10
[2026-07-03 15:56:03] [INFO   ] [GLOBAL] [CONFIG]   clients_per_round        : 5
[2026-07-03 15:56:03] [INFO   ] [GLOBAL] [CONFIG]   local_epochs             : 3
[2026-07-03 15:56:03] [INFO   ] [GLOBAL] [CONFIG]   learning_rate            : 0.01
[2026-07-03 15:56:03] [INFO   ] [GLOBAL] [CONFIG]   device                   : cpu
[2026-07-03 15:56:03] [INFO   ] [GLOBAL] [CONFIG]   trace_mode               : False
[2026-07-03 15:56:03] [INFO   ] [GLOBAL] [CONFIG] ============================================================
[2026-07-03 15:56:03] [INFO   ] [performance_mnist_a0.1_s42] [SIMULATION] Starting simulation: 20 rounds | 10 clients | 5/round
[2026-07-03 15:56:11] [INFO   ] [performance_mnist_a0.1_s42] [ROUND_00] Global Accuracy: 10.3200%
[2026-07-03 15:56:11] [INFO   ] [performance_mnist_a0.1_s42] [STRATEGY] [PERFORMANCE] Round 01 | Selected 5 clients (by latency ascending)
  Rank 01 | Client   8 | Latency:    7.93 ms
  Rank 02 | Client   4 | Latency:    8.64 ms
  Rank 03 | Client   3 | Latency:   27.98 ms
  Rank 04 | Client   9 | Latency:  104.66 ms
  Rank 05 | Client   6 | Latency:  141.00 ms
  [NOT SELECTED]: ['5', '1', '2', '0', '7']
[2026-07-03 15:56:27] [INFO   ] [performance_mnist_a0.1_s42] [ROUND_01] Global Accuracy: 76.2000%
[2026-07-03 15:56:32] [INFO   ] [performance_mnist_a0.1_s42] [STRATEGY] [PERFORMANCE] Round 02 | Selected 5 clients (by latency ascending)
  Rank 01 | Client   8 | Latency:    7.93 ms
  Rank 02 | Client   4 | Latency:    8.64 ms
  Rank 03 | Client   3 | Latency:   27.98 ms
  Rank 04 | Client   9 | Latency:  104.66 ms
  Rank 05 | Client   6 | Latency:  141.00 ms
  [NOT SELECTED]: ['5', '1', '2', '0', '7']
[2026-07-03 15:56:48] [INFO   ] [performance_mnist_a0.1_s42] [ROUND_02] Global Accuracy: 86.4600%
[2026-07-03 15:56:50] [INFO   ] [performance_mnist_a0.1_s42] [STRATEGY] [PERFORMANCE] Round 03 | Selected 5 clients (by latency ascending)
  Rank 01 | Client   8 | Latency:    7.93 ms
  Rank 02 | Client   4 | Latency:    8.64 ms
  Rank 03 | Client   3 | Latency:   27.98 ms
  Rank 04 | Client   9 | Latency:  104.66 ms
  Rank 05 | Client   6 | Latency:  141.00 ms
  [NOT SELECTED]: ['5', '1', '2', '0', '7']
[2026-07-03 15:57:07] [INFO   ] [performance_mnist_a0.1_s42] [ROUND_03] Global Accuracy: 88.4000%
[2026-07-03 15:57:09] [INFO   ] [performance_mnist_a0.1_s42] [STRATEGY] [PERFORMANCE] Round 04 | Selected 5 clients (by latency ascending)
  Rank 01 | Client   8 | Latency:    7.93 ms
  Rank 02 | Client   4 | Latency:    8.64 ms
  Rank 03 | Client   3 | Latency:   27.98 ms
  Rank 04 | Client   9 | Latency:  104.66 ms
  Rank 05 | Client   6 | Latency:  141.00 ms
  [NOT SELECTED]: ['5', '1', '2', '0', '7']
[2026-07-03 15:57:26] [INFO   ] [performance_mnist_a0.1_s42] [ROUND_04] Global Accuracy: 88.3900%
[2026-07-03 15:57:28] [INFO   ] [performance_mnist_a0.1_s42] [STRATEGY] [PERFORMANCE] Round 05 | Selected 5 clients (by latency ascending)
  Rank 01 | Client   8 | Latency:    7.93 ms
  Rank 02 | Client   4 | Latency:    8.64 ms
  Rank 03 | Client   3 | Latency:   27.98 ms
  Rank 04 | Client   9 | Latency:  104.66 ms
  Rank 05 | Client   6 | Latency:  141.00 ms
  [NOT SELECTED]: ['5', '1', '2', '0', '7']
[2026-07-03 15:57:44] [INFO   ] [performance_mnist_a0.1_s42] [ROUND_05] Global Accuracy: 88.7800%
[2026-07-03 15:57:46] [INFO   ] [performance_mnist_a0.1_s42] [STRATEGY] [PERFORMANCE] Round 06 | Selected 5 clients (by latency ascending)
  Rank 01 | Client   8 | Latency:    7.93 ms
  Rank 02 | Client   4 | Latency:    8.64 ms
  Rank 03 | Client   3 | Latency:   27.98 ms
  Rank 04 | Client   9 | Latency:  104.66 ms
  Rank 05 | Client   6 | Latency:  141.00 ms
  [NOT SELECTED]: ['5', '1', '2', '0', '7']
[2026-07-03 15:58:02] [INFO   ] [performance_mnist_a0.1_s42] [ROUND_06] Global Accuracy: 88.8300%
[2026-07-03 15:58:05] [INFO   ] [performance_mnist_a0.1_s42] [STRATEGY] [PERFORMANCE] Round 07 | Selected 5 clients (by latency ascending)
  Rank 01 | Client   8 | Latency:    7.93 ms
  Rank 02 | Client   4 | Latency:    8.64 ms
  Rank 03 | Client   3 | Latency:   27.98 ms
  Rank 04 | Client   9 | Latency:  104.66 ms
  Rank 05 | Client   6 | Latency:  141.00 ms
  [NOT SELECTED]: ['5', '1', '2', '0', '7']
[2026-07-03 15:58:21] [INFO   ] [performance_mnist_a0.1_s42] [ROUND_07] Global Accuracy: 89.3300%
[2026-07-03 15:58:23] [INFO   ] [performance_mnist_a0.1_s42] [STRATEGY] [PERFORMANCE] Round 08 | Selected 5 clients (by latency ascending)
  Rank 01 | Client   8 | Latency:    7.93 ms
  Rank 02 | Client   4 | Latency:    8.64 ms
  Rank 03 | Client   3 | Latency:   27.98 ms
  Rank 04 | Client   9 | Latency:  104.66 ms
  Rank 05 | Client   6 | Latency:  141.00 ms
  [NOT SELECTED]: ['5', '1', '2', '0', '7']
[2026-07-03 15:58:39] [INFO   ] [performance_mnist_a0.1_s42] [ROUND_08] Global Accuracy: 90.4600%
[2026-07-03 15:58:42] [INFO   ] [performance_mnist_a0.1_s42] [STRATEGY] [PERFORMANCE] Round 09 | Selected 5 clients (by latency ascending)
  Rank 01 | Client   8 | Latency:    7.93 ms
  Rank 02 | Client   4 | Latency:    8.64 ms
  Rank 03 | Client   3 | Latency:   27.98 ms
  Rank 04 | Client   9 | Latency:  104.66 ms
  Rank 05 | Client   6 | Latency:  141.00 ms
  [NOT SELECTED]: ['5', '1', '2', '0', '7']
[2026-07-03 15:58:58] [INFO   ] [performance_mnist_a0.1_s42] [ROUND_09] Global Accuracy: 90.8600%
[2026-07-03 15:59:00] [INFO   ] [performance_mnist_a0.1_s42] [STRATEGY] [PERFORMANCE] Round 10 | Selected 5 clients (by latency ascending)
  Rank 01 | Client   8 | Latency:    7.93 ms
  Rank 02 | Client   4 | Latency:    8.64 ms
  Rank 03 | Client   3 | Latency:   27.98 ms
  Rank 04 | Client   9 | Latency:  104.66 ms
  Rank 05 | Client   6 | Latency:  141.00 ms
  [NOT SELECTED]: ['5', '1', '2', '0', '7']
[2026-07-03 15:59:16] [INFO   ] [performance_mnist_a0.1_s42] [ROUND_10] Global Accuracy: 91.6000%
[2026-07-03 15:59:18] [INFO   ] [performance_mnist_a0.1_s42] [STRATEGY] [PERFORMANCE] Round 11 | Selected 5 clients (by latency ascending)
  Rank 01 | Client   8 | Latency:    7.93 ms
  Rank 02 | Client   4 | Latency:    8.64 ms
  Rank 03 | Client   3 | Latency:   27.98 ms
  Rank 04 | Client   9 | Latency:  104.66 ms
  Rank 05 | Client   6 | Latency:  141.00 ms
  [NOT SELECTED]: ['5', '1', '2', '0', '7']
[2026-07-03 15:59:34] [INFO   ] [performance_mnist_a0.1_s42] [ROUND_11] Global Accuracy: 92.3700%
[2026-07-03 15:59:36] [INFO   ] [performance_mnist_a0.1_s42] [STRATEGY] [PERFORMANCE] Round 12 | Selected 5 clients (by latency ascending)
  Rank 01 | Client   8 | Latency:    7.93 ms
  Rank 02 | Client   4 | Latency:    8.64 ms
  Rank 03 | Client   3 | Latency:   27.98 ms
  Rank 04 | Client   9 | Latency:  104.66 ms
  Rank 05 | Client   6 | Latency:  141.00 ms
  [NOT SELECTED]: ['5', '1', '2', '0', '7']
[2026-07-03 15:59:52] [INFO   ] [performance_mnist_a0.1_s42] [ROUND_12] Global Accuracy: 92.5300%
[2026-07-03 15:59:55] [INFO   ] [performance_mnist_a0.1_s42] [STRATEGY] [PERFORMANCE] Round 13 | Selected 5 clients (by latency ascending)
  Rank 01 | Client   8 | Latency:    7.93 ms
  Rank 02 | Client   4 | Latency:    8.64 ms
  Rank 03 | Client   3 | Latency:   27.98 ms
  Rank 04 | Client   9 | Latency:  104.66 ms
  Rank 05 | Client   6 | Latency:  141.00 ms
  [NOT SELECTED]: ['5', '1', '2', '0', '7']
[2026-07-03 16:00:10] [INFO   ] [performance_mnist_a0.1_s42] [ROUND_13] Global Accuracy: 93.0500%
[2026-07-03 16:00:13] [INFO   ] [performance_mnist_a0.1_s42] [STRATEGY] [PERFORMANCE] Round 14 | Selected 5 clients (by latency ascending)
  Rank 01 | Client   8 | Latency:    7.93 ms
  Rank 02 | Client   4 | Latency:    8.64 ms
  Rank 03 | Client   3 | Latency:   27.98 ms
  Rank 04 | Client   9 | Latency:  104.66 ms
  Rank 05 | Client   6 | Latency:  141.00 ms
  [NOT SELECTED]: ['5', '1', '2', '0', '7']
[2026-07-03 16:00:29] [INFO   ] [performance_mnist_a0.1_s42] [ROUND_14] Global Accuracy: 93.3500%
[2026-07-03 16:00:31] [INFO   ] [performance_mnist_a0.1_s42] [STRATEGY] [PERFORMANCE] Round 15 | Selected 5 clients (by latency ascending)
  Rank 01 | Client   8 | Latency:    7.93 ms
  Rank 02 | Client   4 | Latency:    8.64 ms
  Rank 03 | Client   3 | Latency:   27.98 ms
  Rank 04 | Client   9 | Latency:  104.66 ms
  Rank 05 | Client   6 | Latency:  141.00 ms
  [NOT SELECTED]: ['5', '1', '2', '0', '7']
[2026-07-03 16:00:47] [INFO   ] [performance_mnist_a0.1_s42] [ROUND_15] Global Accuracy: 93.7000%
[2026-07-03 16:00:49] [INFO   ] [performance_mnist_a0.1_s42] [STRATEGY] [PERFORMANCE] Round 16 | Selected 5 clients (by latency ascending)
  Rank 01 | Client   8 | Latency:    7.93 ms
  Rank 02 | Client   4 | Latency:    8.64 ms
  Rank 03 | Client   3 | Latency:   27.98 ms
  Rank 04 | Client   9 | Latency:  104.66 ms
  Rank 05 | Client   6 | Latency:  141.00 ms
  [NOT SELECTED]: ['5', '1', '2', '0', '7']
[2026-07-03 16:01:05] [INFO   ] [performance_mnist_a0.1_s42] [ROUND_16] Global Accuracy: 94.4200%
[2026-07-03 16:01:08] [INFO   ] [performance_mnist_a0.1_s42] [STRATEGY] [PERFORMANCE] Round 17 | Selected 5 clients (by latency ascending)
  Rank 01 | Client   8 | Latency:    7.93 ms
  Rank 02 | Client   4 | Latency:    8.64 ms
  Rank 03 | Client   3 | Latency:   27.98 ms
  Rank 04 | Client   9 | Latency:  104.66 ms
  Rank 05 | Client   6 | Latency:  141.00 ms
  [NOT SELECTED]: ['5', '1', '2', '0', '7']
[2026-07-03 16:01:24] [INFO   ] [performance_mnist_a0.1_s42] [ROUND_17] Global Accuracy: 94.9300%
[2026-07-03 16:01:26] [INFO   ] [performance_mnist_a0.1_s42] [STRATEGY] [PERFORMANCE] Round 18 | Selected 5 clients (by latency ascending)
  Rank 01 | Client   8 | Latency:    7.93 ms
  Rank 02 | Client   4 | Latency:    8.64 ms
  Rank 03 | Client   3 | Latency:   27.98 ms
  Rank 04 | Client   9 | Latency:  104.66 ms
  Rank 05 | Client   6 | Latency:  141.00 ms
  [NOT SELECTED]: ['5', '1', '2', '0', '7']
[2026-07-03 16:01:42] [INFO   ] [performance_mnist_a0.1_s42] [ROUND_18] Global Accuracy: 94.6400%
[2026-07-03 16:01:44] [INFO   ] [performance_mnist_a0.1_s42] [STRATEGY] [PERFORMANCE] Round 19 | Selected 5 clients (by latency ascending)
  Rank 01 | Client   8 | Latency:    7.93 ms
  Rank 02 | Client   4 | Latency:    8.64 ms
  Rank 03 | Client   3 | Latency:   27.98 ms
  Rank 04 | Client   9 | Latency:  104.66 ms
  Rank 05 | Client   6 | Latency:  141.00 ms
  [NOT SELECTED]: ['5', '1', '2', '0', '7']
[2026-07-03 16:02:00] [INFO   ] [performance_mnist_a0.1_s42] [ROUND_19] Global Accuracy: 94.4900%
[2026-07-03 16:02:03] [INFO   ] [performance_mnist_a0.1_s42] [STRATEGY] [PERFORMANCE] Round 20 | Selected 5 clients (by latency ascending)
  Rank 01 | Client   8 | Latency:    7.93 ms
  Rank 02 | Client   4 | Latency:    8.64 ms
  Rank 03 | Client   3 | Latency:   27.98 ms
  Rank 04 | Client   9 | Latency:  104.66 ms
  Rank 05 | Client   6 | Latency:  141.00 ms
  [NOT SELECTED]: ['5', '1', '2', '0', '7']
[2026-07-03 16:02:19] [INFO   ] [performance_mnist_a0.1_s42] [ROUND_20] Global Accuracy: 94.8600%
