[2026-07-03 14:47:57] [INFO   ] [GLOBAL] [CONFIG] ============================================================
[2026-07-03 14:47:57] [INFO   ] [GLOBAL] [CONFIG] EXPERIMENT CONFIGURATION
[2026-07-03 14:47:57] [INFO   ] [GLOBAL] [CONFIG] ============================================================
[2026-07-03 14:47:57] [INFO   ] [GLOBAL] [CONFIG]   experiment_id            : random_cifar10_a0.1_s123
[2026-07-03 14:47:57] [INFO   ] [GLOBAL] [CONFIG]   strategy                 : random
[2026-07-03 14:47:57] [INFO   ] [GLOBAL] [CONFIG]   dataset                  : cifar10
[2026-07-03 14:47:57] [INFO   ] [GLOBAL] [CONFIG]   alpha                    : 0.1
[2026-07-03 14:47:57] [INFO   ] [GLOBAL] [CONFIG]   seed                     : 123
[2026-07-03 14:47:57] [INFO   ] [GLOBAL] [CONFIG]   num_rounds               : 20
[2026-07-03 14:47:57] [INFO   ] [GLOBAL] [CONFIG]   num_clients              : 10
[2026-07-03 14:47:57] [INFO   ] [GLOBAL] [CONFIG]   clients_per_round        : 5
[2026-07-03 14:47:57] [INFO   ] [GLOBAL] [CONFIG]   local_epochs             : 3
[2026-07-03 14:47:57] [INFO   ] [GLOBAL] [CONFIG]   learning_rate            : 0.01
[2026-07-03 14:47:57] [INFO   ] [GLOBAL] [CONFIG]   device                   : cpu
[2026-07-03 14:47:57] [INFO   ] [GLOBAL] [CONFIG]   trace_mode               : False
[2026-07-03 14:47:57] [INFO   ] [GLOBAL] [CONFIG] ============================================================
[2026-07-03 14:47:57] [INFO   ] [random_cifar10_a0.1_s123] [SIMULATION] Starting simulation: 20 rounds | 10 clients | 5/round
[2026-07-03 14:48:06] [INFO   ] [random_cifar10_a0.1_s123] [ROUND_00] Global Accuracy: 10.1800%
[2026-07-03 14:48:06] [INFO   ] [random_cifar10_a0.1_s123] [STRATEGY] [RANDOM] Round 01 | Selected 5 clients: ['1', '2', '4', '6', '9']
[2026-07-03 14:48:30] [INFO   ] [random_cifar10_a0.1_s123] [ROUND_01] Global Accuracy: 11.1500%
[2026-07-03 14:48:35] [INFO   ] [random_cifar10_a0.1_s123] [STRATEGY] [RANDOM] Round 02 | Selected 5 clients: ['0', '1', '5', '7', '8']
[2026-07-03 14:48:59] [INFO   ] [random_cifar10_a0.1_s123] [ROUND_02] Global Accuracy: 23.0900%
[2026-07-03 14:49:03] [INFO   ] [random_cifar10_a0.1_s123] [STRATEGY] [RANDOM] Round 03 | Selected 5 clients: ['0', '2', '4', '5', '9']
[2026-07-03 14:49:25] [INFO   ] [random_cifar10_a0.1_s123] [ROUND_03] Global Accuracy: 36.1400%
[2026-07-03 14:49:29] [INFO   ] [random_cifar10_a0.1_s123] [STRATEGY] [RANDOM] Round 04 | Selected 5 clients: ['1', '3', '4', '5', '6']
[2026-07-03 14:49:47] [INFO   ] [random_cifar10_a0.1_s123] [ROUND_04] Global Accuracy: 46.3800%
[2026-07-03 14:49:50] [INFO   ] [random_cifar10_a0.1_s123] [STRATEGY] [RANDOM] Round 05 | Selected 5 clients: ['0', '3', '6', '8', '9']
[2026-07-03 14:50:12] [INFO   ] [random_cifar10_a0.1_s123] [ROUND_05] Global Accuracy: 33.4000%
[2026-07-03 14:50:16] [INFO   ] [random_cifar10_a0.1_s123] [STRATEGY] [RANDOM] Round 06 | Selected 5 clients: ['1', '2', '6', '8', '9']
[2026-07-03 14:50:40] [INFO   ] [random_cifar10_a0.1_s123] [ROUND_06] Global Accuracy: 47.2500%
[2026-07-03 14:50:44] [INFO   ] [random_cifar10_a0.1_s123] [STRATEGY] [RANDOM] Round 07 | Selected 5 clients: ['0', '3', '4', '8', '9']
[2026-07-03 14:51:05] [INFO   ] [random_cifar10_a0.1_s123] [ROUND_07] Global Accuracy: 37.1800%
[2026-07-03 14:51:09] [INFO   ] [random_cifar10_a0.1_s123] [STRATEGY] [RANDOM] Round 08 | Selected 5 clients: ['0', '3', '5', '6', '8']
[2026-07-03 14:51:31] [INFO   ] [random_cifar10_a0.1_s123] [ROUND_08] Global Accuracy: 37.9400%
[2026-07-03 14:51:35] [INFO   ] [random_cifar10_a0.1_s123] [STRATEGY] [RANDOM] Round 09 | Selected 5 clients: ['0', '3', '7', '8', '9']
[2026-07-03 14:51:56] [INFO   ] [random_cifar10_a0.1_s123] [ROUND_09] Global Accuracy: 39.5800%
[2026-07-03 14:52:00] [INFO   ] [random_cifar10_a0.1_s123] [STRATEGY] [RANDOM] Round 10 | Selected 5 clients: ['0', '4', '5', '6', '8']
[2026-07-03 14:52:23] [INFO   ] [random_cifar10_a0.1_s123] [ROUND_10] Global Accuracy: 45.8300%
[2026-07-03 14:52:27] [INFO   ] [random_cifar10_a0.1_s123] [STRATEGY] [RANDOM] Round 11 | Selected 5 clients: ['0', '4', '5', '7', '8']
[2026-07-03 14:52:50] [INFO   ] [random_cifar10_a0.1_s123] [ROUND_11] Global Accuracy: 45.1700%
[2026-07-03 14:52:54] [INFO   ] [random_cifar10_a0.1_s123] [STRATEGY] [RANDOM] Round 12 | Selected 5 clients: ['0', '1', '2', '4', '8']
[2026-07-03 14:53:18] [INFO   ] [random_cifar10_a0.1_s123] [ROUND_12] Global Accuracy: 56.6200%
[2026-07-03 14:53:22] [INFO   ] [random_cifar10_a0.1_s123] [STRATEGY] [RANDOM] Round 13 | Selected 5 clients: ['1', '2', '4', '6', '7']
[2026-07-03 14:53:44] [INFO   ] [random_cifar10_a0.1_s123] [ROUND_13] Global Accuracy: 56.5500%
[2026-07-03 14:53:48] [INFO   ] [random_cifar10_a0.1_s123] [STRATEGY] [RANDOM] Round 14 | Selected 5 clients: ['0', '3', '6', '7', '8']
[2026-07-03 14:54:10] [INFO   ] [random_cifar10_a0.1_s123] [ROUND_14] Global Accuracy: 51.7700%
[2026-07-03 14:54:13] [INFO   ] [random_cifar10_a0.1_s123] [STRATEGY] [RANDOM] Round 15 | Selected 5 clients: ['3', '5', '6', '7', '9']
[2026-07-03 14:54:31] [INFO   ] [random_cifar10_a0.1_s123] [ROUND_15] Global Accuracy: 54.9800%
[2026-07-03 14:54:34] [INFO   ] [random_cifar10_a0.1_s123] [STRATEGY] [RANDOM] Round 16 | Selected 5 clients: ['1', '5', '6', '8', '9']
[2026-07-03 14:54:57] [INFO   ] [random_cifar10_a0.1_s123] [ROUND_16] Global Accuracy: 57.1900%
[2026-07-03 14:55:01] [INFO   ] [random_cifar10_a0.1_s123] [STRATEGY] [RANDOM] Round 17 | Selected 5 clients: ['2', '3', '5', '6', '7']
[2026-07-03 14:55:23] [INFO   ] [random_cifar10_a0.1_s123] [ROUND_17] Global Accuracy: 58.7100%
[2026-07-03 14:55:26] [INFO   ] [random_cifar10_a0.1_s123] [STRATEGY] [RANDOM] Round 18 | Selected 5 clients: ['0', '4', '6', '7', '8']
[2026-07-03 14:55:49] [INFO   ] [random_cifar10_a0.1_s123] [ROUND_18] Global Accuracy: 62.8300%
[2026-07-03 14:55:52] [INFO   ] [random_cifar10_a0.1_s123] [STRATEGY] [RANDOM] Round 19 | Selected 5 clients: ['1', '4', '5', '6', '7']
[2026-07-03 14:56:11] [INFO   ] [random_cifar10_a0.1_s123] [ROUND_19] Global Accuracy: 65.4600%
[2026-07-03 14:56:15] [INFO   ] [random_cifar10_a0.1_s123] [STRATEGY] [RANDOM] Round 20 | Selected 5 clients: ['0', '1', '3', '4', '6']
[2026-07-03 14:56:32] [INFO   ] [random_cifar10_a0.1_s123] [ROUND_20] Global Accuracy: 60.6300%
