[2026-07-03 15:24:31] [INFO   ] [GLOBAL] [CONFIG] ============================================================
[2026-07-03 15:24:31] [INFO   ] [GLOBAL] [CONFIG] EXPERIMENT CONFIGURATION
[2026-07-03 15:24:31] [INFO   ] [GLOBAL] [CONFIG] ============================================================
[2026-07-03 15:24:31] [INFO   ] [GLOBAL] [CONFIG]   experiment_id            : random_cifar10_a0.5_s456
[2026-07-03 15:24:31] [INFO   ] [GLOBAL] [CONFIG]   strategy                 : random
[2026-07-03 15:24:31] [INFO   ] [GLOBAL] [CONFIG]   dataset                  : cifar10
[2026-07-03 15:24:31] [INFO   ] [GLOBAL] [CONFIG]   alpha                    : 0.5
[2026-07-03 15:24:31] [INFO   ] [GLOBAL] [CONFIG]   seed                     : 456
[2026-07-03 15:24:31] [INFO   ] [GLOBAL] [CONFIG]   num_rounds               : 20
[2026-07-03 15:24:31] [INFO   ] [GLOBAL] [CONFIG]   num_clients              : 10
[2026-07-03 15:24:31] [INFO   ] [GLOBAL] [CONFIG]   clients_per_round        : 5
[2026-07-03 15:24:31] [INFO   ] [GLOBAL] [CONFIG]   local_epochs             : 3
[2026-07-03 15:24:31] [INFO   ] [GLOBAL] [CONFIG]   learning_rate            : 0.01
[2026-07-03 15:24:31] [INFO   ] [GLOBAL] [CONFIG]   device                   : cpu
[2026-07-03 15:24:31] [INFO   ] [GLOBAL] [CONFIG]   trace_mode               : False
[2026-07-03 15:24:31] [INFO   ] [GLOBAL] [CONFIG] ============================================================
[2026-07-03 15:24:31] [INFO   ] [random_cifar10_a0.5_s456] [SIMULATION] Starting simulation: 20 rounds | 10 clients | 5/round
[2026-07-03 15:24:41] [INFO   ] [random_cifar10_a0.5_s456] [ROUND_00] Global Accuracy: 10.4300%
[2026-07-03 15:24:41] [INFO   ] [random_cifar10_a0.5_s456] [STRATEGY] [RANDOM] Round 01 | Selected 5 clients: ['2', '3', '4', '6', '8']
[2026-07-03 15:25:00] [INFO   ] [random_cifar10_a0.5_s456] [ROUND_01] Global Accuracy: 15.8500%
[2026-07-03 15:25:06] [INFO   ] [random_cifar10_a0.5_s456] [STRATEGY] [RANDOM] Round 02 | Selected 5 clients: ['0', '1', '2', '5', '9']
[2026-07-03 15:25:30] [INFO   ] [random_cifar10_a0.5_s456] [ROUND_02] Global Accuracy: 38.3000%
[2026-07-03 15:25:34] [INFO   ] [random_cifar10_a0.5_s456] [STRATEGY] [RANDOM] Round 03 | Selected 5 clients: ['4', '5', '7', '8', '9']
[2026-07-03 15:25:55] [INFO   ] [random_cifar10_a0.5_s456] [ROUND_03] Global Accuracy: 52.0100%
[2026-07-03 15:25:59] [INFO   ] [random_cifar10_a0.5_s456] [STRATEGY] [RANDOM] Round 04 | Selected 5 clients: ['0', '1', '4', '8', '9']
[2026-07-03 15:26:24] [INFO   ] [random_cifar10_a0.5_s456] [ROUND_04] Global Accuracy: 52.6600%
[2026-07-03 15:26:28] [INFO   ] [random_cifar10_a0.5_s456] [STRATEGY] [RANDOM] Round 05 | Selected 5 clients: ['0', '2', '3', '6', '7']
[2026-07-03 15:26:46] [INFO   ] [random_cifar10_a0.5_s456] [ROUND_05] Global Accuracy: 57.4700%
[2026-07-03 15:26:50] [INFO   ] [random_cifar10_a0.5_s456] [STRATEGY] [RANDOM] Round 06 | Selected 5 clients: ['2', '3', '4', '8', '9']
[2026-07-03 15:27:15] [INFO   ] [random_cifar10_a0.5_s456] [ROUND_06] Global Accuracy: 56.7300%
[2026-07-03 15:27:18] [INFO   ] [random_cifar10_a0.5_s456] [STRATEGY] [RANDOM] Round 07 | Selected 5 clients: ['1', '5', '6', '7', '9']
[2026-07-03 15:27:40] [INFO   ] [random_cifar10_a0.5_s456] [ROUND_07] Global Accuracy: 62.0200%
[2026-07-03 15:27:44] [INFO   ] [random_cifar10_a0.5_s456] [STRATEGY] [RANDOM] Round 08 | Selected 5 clients: ['1', '3', '5', '6', '8']
[2026-07-03 15:28:17] [INFO   ] [random_cifar10_a0.5_s456] [ROUND_08] Global Accuracy: 68.6300%
[2026-07-03 15:28:21] [INFO   ] [random_cifar10_a0.5_s456] [STRATEGY] [RANDOM] Round 09 | Selected 5 clients: ['1', '3', '4', '7', '8']
[2026-07-03 15:28:43] [INFO   ] [random_cifar10_a0.5_s456] [ROUND_09] Global Accuracy: 64.5700%
[2026-07-03 15:28:46] [INFO   ] [random_cifar10_a0.5_s456] [STRATEGY] [RANDOM] Round 10 | Selected 5 clients: ['0', '2', '3', '4', '6']
[2026-07-03 15:29:04] [INFO   ] [random_cifar10_a0.5_s456] [ROUND_10] Global Accuracy: 64.1600%
[2026-07-03 15:29:09] [INFO   ] [random_cifar10_a0.5_s456] [STRATEGY] [RANDOM] Round 11 | Selected 5 clients: ['1', '2', '5', '6', '8']
[2026-07-03 15:29:54] [INFO   ] [random_cifar10_a0.5_s456] [ROUND_11] Global Accuracy: 70.4000%
[2026-07-03 15:30:00] [INFO   ] [random_cifar10_a0.5_s456] [STRATEGY] [RANDOM] Round 12 | Selected 5 clients: ['0', '1', '2', '3', '8']
[2026-07-03 15:30:29] [INFO   ] [random_cifar10_a0.5_s456] [ROUND_12] Global Accuracy: 66.4300%
[2026-07-03 15:30:32] [INFO   ] [random_cifar10_a0.5_s456] [STRATEGY] [RANDOM] Round 13 | Selected 5 clients: ['0', '1', '3', '7', '9']
[2026-07-03 15:30:54] [INFO   ] [random_cifar10_a0.5_s456] [ROUND_13] Global Accuracy: 67.2300%
[2026-07-03 15:30:57] [INFO   ] [random_cifar10_a0.5_s456] [STRATEGY] [RANDOM] Round 14 | Selected 5 clients: ['0', '4', '6', '7', '9']
[2026-07-03 15:31:26] [INFO   ] [random_cifar10_a0.5_s456] [ROUND_14] Global Accuracy: 64.4600%
[2026-07-03 15:31:33] [INFO   ] [random_cifar10_a0.5_s456] [STRATEGY] [RANDOM] Round 15 | Selected 5 clients: ['0', '4', '6', '7', '9']
[2026-07-03 15:32:09] [INFO   ] [random_cifar10_a0.5_s456] [ROUND_15] Global Accuracy: 64.8500%
[2026-07-03 15:32:16] [INFO   ] [random_cifar10_a0.5_s456] [STRATEGY] [RANDOM] Round 16 | Selected 5 clients: ['1', '3', '4', '5', '9']
[2026-07-03 15:32:55] [INFO   ] [random_cifar10_a0.5_s456] [ROUND_16] Global Accuracy: 70.8100%
[2026-07-03 15:32:59] [INFO   ] [random_cifar10_a0.5_s456] [STRATEGY] [RANDOM] Round 17 | Selected 5 clients: ['1', '2', '4', '5', '6']
[2026-07-03 15:33:21] [INFO   ] [random_cifar10_a0.5_s456] [ROUND_17] Global Accuracy: 70.4600%
[2026-07-03 15:33:24] [INFO   ] [random_cifar10_a0.5_s456] [STRATEGY] [RANDOM] Round 18 | Selected 5 clients: ['0', '2', '3', '5', '8']
[2026-07-03 15:33:45] [INFO   ] [random_cifar10_a0.5_s456] [ROUND_18] Global Accuracy: 70.5800%
[2026-07-03 15:33:48] [INFO   ] [random_cifar10_a0.5_s456] [STRATEGY] [RANDOM] Round 19 | Selected 5 clients: ['0', '1', '3', '5', '8']
[2026-07-03 15:34:12] [INFO   ] [random_cifar10_a0.5_s456] [ROUND_19] Global Accuracy: 72.0500%
[2026-07-03 15:34:15] [INFO   ] [random_cifar10_a0.5_s456] [STRATEGY] [RANDOM] Round 20 | Selected 5 clients: ['1', '2', '5', '8', '9']
[2026-07-03 15:34:37] [INFO   ] [random_cifar10_a0.5_s456] [ROUND_20] Global Accuracy: 72.6100%
