[2026-07-03 14:25:08] [INFO   ] [GLOBAL] [CONFIG] ============================================================
[2026-07-03 14:25:08] [INFO   ] [GLOBAL] [CONFIG] EXPERIMENT CONFIGURATION
[2026-07-03 14:25:08] [INFO   ] [GLOBAL] [CONFIG] ============================================================
[2026-07-03 14:25:08] [INFO   ] [GLOBAL] [CONFIG]   experiment_id            : random_mnist_a1.0_s42
[2026-07-03 14:25:08] [INFO   ] [GLOBAL] [CONFIG]   strategy                 : random
[2026-07-03 14:25:08] [INFO   ] [GLOBAL] [CONFIG]   dataset                  : mnist
[2026-07-03 14:25:08] [INFO   ] [GLOBAL] [CONFIG]   alpha                    : 1.0
[2026-07-03 14:25:08] [INFO   ] [GLOBAL] [CONFIG]   seed                     : 42
[2026-07-03 14:25:08] [INFO   ] [GLOBAL] [CONFIG]   num_rounds               : 20
[2026-07-03 14:25:08] [INFO   ] [GLOBAL] [CONFIG]   num_clients              : 10
[2026-07-03 14:25:08] [INFO   ] [GLOBAL] [CONFIG]   clients_per_round        : 5
[2026-07-03 14:25:08] [INFO   ] [GLOBAL] [CONFIG]   local_epochs             : 3
[2026-07-03 14:25:08] [INFO   ] [GLOBAL] [CONFIG]   learning_rate            : 0.01
[2026-07-03 14:25:08] [INFO   ] [GLOBAL] [CONFIG]   device                   : cpu
[2026-07-03 14:25:08] [INFO   ] [GLOBAL] [CONFIG]   trace_mode               : False
[2026-07-03 14:25:08] [INFO   ] [GLOBAL] [CONFIG] ============================================================
[2026-07-03 14:25:08] [INFO   ] [random_mnist_a1.0_s42] [SIMULATION] Starting simulation: 20 rounds | 10 clients | 5/round
[2026-07-03 14:25:16] [INFO   ] [random_mnist_a1.0_s42] [ROUND_00] Global Accuracy: 10.1700%
[2026-07-03 14:25:16] [INFO   ] [random_mnist_a1.0_s42] [STRATEGY] [RANDOM] Round 01 | Selected 5 clients: ['0', '1', '3', '6', '7']
[2026-07-03 14:25:28] [INFO   ] [random_mnist_a1.0_s42] [ROUND_01] Global Accuracy: 96.8300%
[2026-07-03 14:25:32] [INFO   ] [random_mnist_a1.0_s42] [STRATEGY] [RANDOM] Round 02 | Selected 5 clients: ['0', '2', '3', '4', '7']
[2026-07-03 14:25:42] [INFO   ] [random_mnist_a1.0_s42] [ROUND_02] Global Accuracy: 98.6100%
[2026-07-03 14:25:43] [INFO   ] [random_mnist_a1.0_s42] [STRATEGY] [RANDOM] Round 03 | Selected 5 clients: ['2', '3', '4', '7', '9']
[2026-07-03 14:25:52] [INFO   ] [random_mnist_a1.0_s42] [ROUND_03] Global Accuracy: 98.9100%
[2026-07-03 14:25:54] [INFO   ] [random_mnist_a1.0_s42] [STRATEGY] [RANDOM] Round 04 | Selected 5 clients: ['0', '3', '4', '5', '8']
[2026-07-03 14:26:04] [INFO   ] [random_mnist_a1.0_s42] [ROUND_04] Global Accuracy: 98.9800%
[2026-07-03 14:26:05] [INFO   ] [random_mnist_a1.0_s42] [STRATEGY] [RANDOM] Round 05 | Selected 5 clients: ['4', '5', '6', '7', '8']
[2026-07-03 14:26:15] [INFO   ] [random_mnist_a1.0_s42] [ROUND_05] Global Accuracy: 98.9600%
[2026-07-03 14:26:16] [INFO   ] [random_mnist_a1.0_s42] [STRATEGY] [RANDOM] Round 06 | Selected 5 clients: ['1', '2', '4', '8', '9']
[2026-07-03 14:26:26] [INFO   ] [random_mnist_a1.0_s42] [ROUND_06] Global Accuracy: 99.1200%
[2026-07-03 14:26:27] [INFO   ] [random_mnist_a1.0_s42] [STRATEGY] [RANDOM] Round 07 | Selected 5 clients: ['0', '3', '5', '7', '8']
[2026-07-03 14:26:37] [INFO   ] [random_mnist_a1.0_s42] [ROUND_07] Global Accuracy: 99.1400%
[2026-07-03 14:26:39] [INFO   ] [random_mnist_a1.0_s42] [STRATEGY] [RANDOM] Round 08 | Selected 5 clients: ['2', '4', '5', '8', '9']
[2026-07-03 14:26:48] [INFO   ] [random_mnist_a1.0_s42] [ROUND_08] Global Accuracy: 99.1200%
[2026-07-03 14:26:49] [INFO   ] [random_mnist_a1.0_s42] [STRATEGY] [RANDOM] Round 09 | Selected 5 clients: ['0', '3', '4', '5', '7']
[2026-07-03 14:26:59] [INFO   ] [random_mnist_a1.0_s42] [ROUND_09] Global Accuracy: 99.1900%
[2026-07-03 14:27:00] [INFO   ] [random_mnist_a1.0_s42] [STRATEGY] [RANDOM] Round 10 | Selected 5 clients: ['3', '4', '5', '7', '8']
[2026-07-03 14:27:10] [INFO   ] [random_mnist_a1.0_s42] [ROUND_10] Global Accuracy: 99.2400%
[2026-07-03 14:27:11] [INFO   ] [random_mnist_a1.0_s42] [STRATEGY] [RANDOM] Round 11 | Selected 5 clients: ['1', '3', '4', '5', '6']
[2026-07-03 14:27:21] [INFO   ] [random_mnist_a1.0_s42] [ROUND_11] Global Accuracy: 99.1700%
[2026-07-03 14:27:22] [INFO   ] [random_mnist_a1.0_s42] [STRATEGY] [RANDOM] Round 12 | Selected 5 clients: ['0', '2', '3', '6', '7']
[2026-07-03 14:27:32] [INFO   ] [random_mnist_a1.0_s42] [ROUND_12] Global Accuracy: 99.2000%
[2026-07-03 14:27:33] [INFO   ] [random_mnist_a1.0_s42] [STRATEGY] [RANDOM] Round 13 | Selected 5 clients: ['0', '1', '3', '4', '5']
[2026-07-03 14:27:43] [INFO   ] [random_mnist_a1.0_s42] [ROUND_13] Global Accuracy: 99.2400%
[2026-07-03 14:27:45] [INFO   ] [random_mnist_a1.0_s42] [STRATEGY] [RANDOM] Round 14 | Selected 5 clients: ['1', '3', '6', '8', '9']
[2026-07-03 14:27:54] [INFO   ] [random_mnist_a1.0_s42] [ROUND_14] Global Accuracy: 99.2700%
[2026-07-03 14:27:55] [INFO   ] [random_mnist_a1.0_s42] [STRATEGY] [RANDOM] Round 15 | Selected 5 clients: ['0', '3', '6', '7', '9']
[2026-07-03 14:28:05] [INFO   ] [random_mnist_a1.0_s42] [ROUND_15] Global Accuracy: 99.2600%
[2026-07-03 14:28:07] [INFO   ] [random_mnist_a1.0_s42] [STRATEGY] [RANDOM] Round 16 | Selected 5 clients: ['0', '1', '2', '3', '8']
[2026-07-03 14:28:18] [INFO   ] [random_mnist_a1.0_s42] [ROUND_16] Global Accuracy: 99.2400%
[2026-07-03 14:28:20] [INFO   ] [random_mnist_a1.0_s42] [STRATEGY] [RANDOM] Round 17 | Selected 5 clients: ['0', '1', '6', '7', '9']
[2026-07-03 14:28:31] [INFO   ] [random_mnist_a1.0_s42] [ROUND_17] Global Accuracy: 99.2600%
[2026-07-03 14:28:32] [INFO   ] [random_mnist_a1.0_s42] [STRATEGY] [RANDOM] Round 18 | Selected 5 clients: ['0', '2', '5', '7', '9']
[2026-07-03 14:28:43] [INFO   ] [random_mnist_a1.0_s42] [ROUND_18] Global Accuracy: 99.2000%
[2026-07-03 14:28:44] [INFO   ] [random_mnist_a1.0_s42] [STRATEGY] [RANDOM] Round 19 | Selected 5 clients: ['0', '4', '6', '7', '8']
[2026-07-03 14:28:55] [INFO   ] [random_mnist_a1.0_s42] [ROUND_19] Global Accuracy: 99.2100%
[2026-07-03 14:28:57] [INFO   ] [random_mnist_a1.0_s42] [STRATEGY] [RANDOM] Round 20 | Selected 5 clients: ['1', '4', '5', '7', '8']
[2026-07-03 14:29:08] [INFO   ] [random_mnist_a1.0_s42] [ROUND_20] Global Accuracy: 99.2500%
