[2026-07-06 10:46:40] [INFO   ] [GLOBAL] [CONFIG] ============================================================
[2026-07-06 10:46:40] [INFO   ] [GLOBAL] [CONFIG] EXPERIMENT CONFIGURATION
[2026-07-06 10:46:40] [INFO   ] [GLOBAL] [CONFIG] ============================================================
[2026-07-06 10:46:40] [INFO   ] [GLOBAL] [CONFIG]   experiment_id            : performance_cifar10_a1.0_s42
[2026-07-06 10:46:40] [INFO   ] [GLOBAL] [CONFIG]   strategy                 : performance
[2026-07-06 10:46:40] [INFO   ] [GLOBAL] [CONFIG]   dataset                  : cifar10
[2026-07-06 10:46:40] [INFO   ] [GLOBAL] [CONFIG]   alpha                    : 1.0
[2026-07-06 10:46:40] [INFO   ] [GLOBAL] [CONFIG]   seed                     : 42
[2026-07-06 10:46:40] [INFO   ] [GLOBAL] [CONFIG]   num_rounds               : 20
[2026-07-06 10:46:40] [INFO   ] [GLOBAL] [CONFIG]   num_clients              : 10
[2026-07-06 10:46:40] [INFO   ] [GLOBAL] [CONFIG]   clients_per_round        : 5
[2026-07-06 10:46:40] [INFO   ] [GLOBAL] [CONFIG]   local_epochs             : 3
[2026-07-06 10:46:40] [INFO   ] [GLOBAL] [CONFIG]   learning_rate            : 0.01
[2026-07-06 10:46:40] [INFO   ] [GLOBAL] [CONFIG]   device                   : cpu
[2026-07-06 10:46:40] [INFO   ] [GLOBAL] [CONFIG]   trace_mode               : False
[2026-07-06 10:46:40] [INFO   ] [GLOBAL] [CONFIG] ============================================================
[2026-07-06 10:46:41] [INFO   ] [performance_cifar10_a1.0_s42] [SIMULATION] Starting simulation: 20 rounds | 10 clients | 5/round
[2026-07-06 10:46:49] [INFO   ] [performance_cifar10_a1.0_s42] [ROUND_00] Global Accuracy: 9.8000%
[2026-07-06 10:46:49] [INFO   ] [performance_cifar10_a1.0_s42] [STRATEGY] [PERFORMANCE] Round 01 | Selected 5 clients (by latency ascending)
  Rank 01 | Client   8 | Latency:    7.93 ms
  Rank 02 | Client   4 | Latency:    8.64 ms
  Rank 03 | Client   3 | Latency:   27.98 ms
  Rank 04 | Client   9 | Latency:  104.66 ms
  Rank 05 | Client   6 | Latency:  141.00 ms
  [NOT SELECTED]: ['5', '1', '2', '0', '7']
[2026-07-06 10:47:08] [INFO   ] [performance_cifar10_a1.0_s42] [ROUND_01] Global Accuracy: 20.4600%
[2026-07-06 10:47:13] [INFO   ] [performance_cifar10_a1.0_s42] [STRATEGY] [PERFORMANCE] Round 02 | Selected 5 clients (by latency ascending)
  Rank 01 | Client   8 | Latency:    7.93 ms
  Rank 02 | Client   4 | Latency:    8.64 ms
  Rank 03 | Client   3 | Latency:   27.98 ms
  Rank 04 | Client   9 | Latency:  104.66 ms
  Rank 05 | Client   6 | Latency:  141.00 ms
  [NOT SELECTED]: ['5', '1', '2', '0', '7']
[2026-07-06 10:47:29] [INFO   ] [performance_cifar10_a1.0_s42] [ROUND_02] Global Accuracy: 40.6700%
[2026-07-06 10:47:33] [INFO   ] [performance_cifar10_a1.0_s42] [STRATEGY] [PERFORMANCE] Round 03 | Selected 5 clients (by latency ascending)
  Rank 01 | Client   8 | Latency:    7.93 ms
  Rank 02 | Client   4 | Latency:    8.64 ms
  Rank 03 | Client   3 | Latency:   27.98 ms
  Rank 04 | Client   9 | Latency:  104.66 ms
  Rank 05 | Client   6 | Latency:  141.00 ms
  [NOT SELECTED]: ['5', '1', '2', '0', '7']
[2026-07-06 10:47:49] [INFO   ] [performance_cifar10_a1.0_s42] [ROUND_03] Global Accuracy: 50.9600%
[2026-07-06 10:47:52] [INFO   ] [performance_cifar10_a1.0_s42] [STRATEGY] [PERFORMANCE] Round 04 | Selected 5 clients (by latency ascending)
  Rank 01 | Client   8 | Latency:    7.93 ms
  Rank 02 | Client   4 | Latency:    8.64 ms
  Rank 03 | Client   3 | Latency:   27.98 ms
  Rank 04 | Client   9 | Latency:  104.66 ms
  Rank 05 | Client   6 | Latency:  141.00 ms
  [NOT SELECTED]: ['5', '1', '2', '0', '7']
[2026-07-06 10:48:08] [INFO   ] [performance_cifar10_a1.0_s42] [ROUND_04] Global Accuracy: 56.6900%
[2026-07-06 10:48:11] [INFO   ] [performance_cifar10_a1.0_s42] [STRATEGY] [PERFORMANCE] Round 05 | Selected 5 clients (by latency ascending)
  Rank 01 | Client   8 | Latency:    7.93 ms
  Rank 02 | Client   4 | Latency:    8.64 ms
  Rank 03 | Client   3 | Latency:   27.98 ms
  Rank 04 | Client   9 | Latency:  104.66 ms
  Rank 05 | Client   6 | Latency:  141.00 ms
  [NOT SELECTED]: ['5', '1', '2', '0', '7']
[2026-07-06 10:48:27] [INFO   ] [performance_cifar10_a1.0_s42] [ROUND_05] Global Accuracy: 60.1000%
[2026-07-06 10:48:30] [INFO   ] [performance_cifar10_a1.0_s42] [STRATEGY] [PERFORMANCE] Round 06 | Selected 5 clients (by latency ascending)
  Rank 01 | Client   8 | Latency:    7.93 ms
  Rank 02 | Client   4 | Latency:    8.64 ms
  Rank 03 | Client   3 | Latency:   27.98 ms
  Rank 04 | Client   9 | Latency:  104.66 ms
  Rank 05 | Client   6 | Latency:  141.00 ms
  [NOT SELECTED]: ['5', '1', '2', '0', '7']
[2026-07-06 10:48:46] [INFO   ] [performance_cifar10_a1.0_s42] [ROUND_06] Global Accuracy: 62.4100%
[2026-07-06 10:48:49] [INFO   ] [performance_cifar10_a1.0_s42] [STRATEGY] [PERFORMANCE] Round 07 | Selected 5 clients (by latency ascending)
  Rank 01 | Client   8 | Latency:    7.93 ms
  Rank 02 | Client   4 | Latency:    8.64 ms
  Rank 03 | Client   3 | Latency:   27.98 ms
  Rank 04 | Client   9 | Latency:  104.66 ms
  Rank 05 | Client   6 | Latency:  141.00 ms
  [NOT SELECTED]: ['5', '1', '2', '0', '7']
[2026-07-06 10:49:05] [INFO   ] [performance_cifar10_a1.0_s42] [ROUND_07] Global Accuracy: 63.8200%
[2026-07-06 10:49:08] [INFO   ] [performance_cifar10_a1.0_s42] [STRATEGY] [PERFORMANCE] Round 08 | Selected 5 clients (by latency ascending)
  Rank 01 | Client   8 | Latency:    7.93 ms
  Rank 02 | Client   4 | Latency:    8.64 ms
  Rank 03 | Client   3 | Latency:   27.98 ms
  Rank 04 | Client   9 | Latency:  104.66 ms
  Rank 05 | Client   6 | Latency:  141.00 ms
  [NOT SELECTED]: ['5', '1', '2', '0', '7']
[2026-07-06 10:49:24] [INFO   ] [performance_cifar10_a1.0_s42] [ROUND_08] Global Accuracy: 64.9600%
[2026-07-06 10:49:27] [INFO   ] [performance_cifar10_a1.0_s42] [STRATEGY] [PERFORMANCE] Round 09 | Selected 5 clients (by latency ascending)
  Rank 01 | Client   8 | Latency:    7.93 ms
  Rank 02 | Client   4 | Latency:    8.64 ms
  Rank 03 | Client   3 | Latency:   27.98 ms
  Rank 04 | Client   9 | Latency:  104.66 ms
  Rank 05 | Client   6 | Latency:  141.00 ms
  [NOT SELECTED]: ['5', '1', '2', '0', '7']
[2026-07-06 10:49:43] [INFO   ] [performance_cifar10_a1.0_s42] [ROUND_09] Global Accuracy: 66.6500%
[2026-07-06 10:49:46] [INFO   ] [performance_cifar10_a1.0_s42] [STRATEGY] [PERFORMANCE] Round 10 | Selected 5 clients (by latency ascending)
  Rank 01 | Client   8 | Latency:    7.93 ms
  Rank 02 | Client   4 | Latency:    8.64 ms
  Rank 03 | Client   3 | Latency:   27.98 ms
  Rank 04 | Client   9 | Latency:  104.66 ms
  Rank 05 | Client   6 | Latency:  141.00 ms
  [NOT SELECTED]: ['5', '1', '2', '0', '7']
[2026-07-06 10:50:02] [INFO   ] [performance_cifar10_a1.0_s42] [ROUND_10] Global Accuracy: 66.3300%
[2026-07-06 10:50:05] [INFO   ] [performance_cifar10_a1.0_s42] [STRATEGY] [PERFORMANCE] Round 11 | Selected 5 clients (by latency ascending)
  Rank 01 | Client   8 | Latency:    7.93 ms
  Rank 02 | Client   4 | Latency:    8.64 ms
  Rank 03 | Client   3 | Latency:   27.98 ms
  Rank 04 | Client   9 | Latency:  104.66 ms
  Rank 05 | Client   6 | Latency:  141.00 ms
  [NOT SELECTED]: ['5', '1', '2', '0', '7']
[2026-07-06 10:50:21] [INFO   ] [performance_cifar10_a1.0_s42] [ROUND_11] Global Accuracy: 66.8600%
[2026-07-06 10:50:24] [INFO   ] [performance_cifar10_a1.0_s42] [STRATEGY] [PERFORMANCE] Round 12 | Selected 5 clients (by latency ascending)
  Rank 01 | Client   8 | Latency:    7.93 ms
  Rank 02 | Client   4 | Latency:    8.64 ms
  Rank 03 | Client   3 | Latency:   27.98 ms
  Rank 04 | Client   9 | Latency:  104.66 ms
  Rank 05 | Client   6 | Latency:  141.00 ms
  [NOT SELECTED]: ['5', '1', '2', '0', '7']
[2026-07-06 10:50:41] [INFO   ] [performance_cifar10_a1.0_s42] [ROUND_12] Global Accuracy: 67.9400%
[2026-07-06 10:50:43] [INFO   ] [performance_cifar10_a1.0_s42] [STRATEGY] [PERFORMANCE] Round 13 | Selected 5 clients (by latency ascending)
  Rank 01 | Client   8 | Latency:    7.93 ms
  Rank 02 | Client   4 | Latency:    8.64 ms
  Rank 03 | Client   3 | Latency:   27.98 ms
  Rank 04 | Client   9 | Latency:  104.66 ms
  Rank 05 | Client   6 | Latency:  141.00 ms
  [NOT SELECTED]: ['5', '1', '2', '0', '7']
[2026-07-06 10:51:00] [INFO   ] [performance_cifar10_a1.0_s42] [ROUND_13] Global Accuracy: 69.3300%
[2026-07-06 10:51:03] [INFO   ] [performance_cifar10_a1.0_s42] [STRATEGY] [PERFORMANCE] Round 14 | Selected 5 clients (by latency ascending)
  Rank 01 | Client   8 | Latency:    7.93 ms
  Rank 02 | Client   4 | Latency:    8.64 ms
  Rank 03 | Client   3 | Latency:   27.98 ms
  Rank 04 | Client   9 | Latency:  104.66 ms
  Rank 05 | Client   6 | Latency:  141.00 ms
  [NOT SELECTED]: ['5', '1', '2', '0', '7']
[2026-07-06 10:51:19] [INFO   ] [performance_cifar10_a1.0_s42] [ROUND_14] Global Accuracy: 68.3000%
[2026-07-06 10:51:22] [INFO   ] [performance_cifar10_a1.0_s42] [STRATEGY] [PERFORMANCE] Round 15 | Selected 5 clients (by latency ascending)
  Rank 01 | Client   8 | Latency:    7.93 ms
  Rank 02 | Client   4 | Latency:    8.64 ms
  Rank 03 | Client   3 | Latency:   27.98 ms
  Rank 04 | Client   9 | Latency:  104.66 ms
  Rank 05 | Client   6 | Latency:  141.00 ms
  [NOT SELECTED]: ['5', '1', '2', '0', '7']
[2026-07-06 10:51:38] [INFO   ] [performance_cifar10_a1.0_s42] [ROUND_15] Global Accuracy: 68.5800%
[2026-07-06 10:51:41] [INFO   ] [performance_cifar10_a1.0_s42] [STRATEGY] [PERFORMANCE] Round 16 | Selected 5 clients (by latency ascending)
  Rank 01 | Client   8 | Latency:    7.93 ms
  Rank 02 | Client   4 | Latency:    8.64 ms
  Rank 03 | Client   3 | Latency:   27.98 ms
  Rank 04 | Client   9 | Latency:  104.66 ms
  Rank 05 | Client   6 | Latency:  141.00 ms
  [NOT SELECTED]: ['5', '1', '2', '0', '7']
[2026-07-06 10:51:57] [INFO   ] [performance_cifar10_a1.0_s42] [ROUND_16] Global Accuracy: 69.6400%
[2026-07-06 10:52:00] [INFO   ] [performance_cifar10_a1.0_s42] [STRATEGY] [PERFORMANCE] Round 17 | Selected 5 clients (by latency ascending)
  Rank 01 | Client   8 | Latency:    7.93 ms
  Rank 02 | Client   4 | Latency:    8.64 ms
  Rank 03 | Client   3 | Latency:   27.98 ms
  Rank 04 | Client   9 | Latency:  104.66 ms
  Rank 05 | Client   6 | Latency:  141.00 ms
  [NOT SELECTED]: ['5', '1', '2', '0', '7']
[2026-07-06 10:52:16] [INFO   ] [performance_cifar10_a1.0_s42] [ROUND_17] Global Accuracy: 68.6800%
[2026-07-06 10:52:19] [INFO   ] [performance_cifar10_a1.0_s42] [STRATEGY] [PERFORMANCE] Round 18 | Selected 5 clients (by latency ascending)
  Rank 01 | Client   8 | Latency:    7.93 ms
  Rank 02 | Client   4 | Latency:    8.64 ms
  Rank 03 | Client   3 | Latency:   27.98 ms
  Rank 04 | Client   9 | Latency:  104.66 ms
  Rank 05 | Client   6 | Latency:  141.00 ms
  [NOT SELECTED]: ['5', '1', '2', '0', '7']
[2026-07-06 10:52:35] [INFO   ] [performance_cifar10_a1.0_s42] [ROUND_18] Global Accuracy: 69.3200%
[2026-07-06 10:52:38] [INFO   ] [performance_cifar10_a1.0_s42] [STRATEGY] [PERFORMANCE] Round 19 | Selected 5 clients (by latency ascending)
  Rank 01 | Client   8 | Latency:    7.93 ms
  Rank 02 | Client   4 | Latency:    8.64 ms
  Rank 03 | Client   3 | Latency:   27.98 ms
  Rank 04 | Client   9 | Latency:  104.66 ms
  Rank 05 | Client   6 | Latency:  141.00 ms
  [NOT SELECTED]: ['5', '1', '2', '0', '7']
[2026-07-06 10:52:54] [INFO   ] [performance_cifar10_a1.0_s42] [ROUND_19] Global Accuracy: 69.2000%
[2026-07-06 10:52:57] [INFO   ] [performance_cifar10_a1.0_s42] [STRATEGY] [PERFORMANCE] Round 20 | Selected 5 clients (by latency ascending)
  Rank 01 | Client   8 | Latency:    7.93 ms
  Rank 02 | Client   4 | Latency:    8.64 ms
  Rank 03 | Client   3 | Latency:   27.98 ms
  Rank 04 | Client   9 | Latency:  104.66 ms
  Rank 05 | Client   6 | Latency:  141.00 ms
  [NOT SELECTED]: ['5', '1', '2', '0', '7']
[2026-07-06 10:53:13] [INFO   ] [performance_cifar10_a1.0_s42] [ROUND_20] Global Accuracy: 69.8500%
