[2026-07-01 13:22:55] [INFO   ] [GLOBAL] [CONFIG] ============================================================
[2026-07-01 13:22:55] [INFO   ] [GLOBAL] [CONFIG] EXPERIMENT CONFIGURATION
[2026-07-01 13:22:55] [INFO   ] [GLOBAL] [CONFIG] ============================================================
[2026-07-01 13:22:55] [INFO   ] [GLOBAL] [CONFIG]   experiment_id            : random_mnist_a0.1_s42
[2026-07-01 13:22:55] [INFO   ] [GLOBAL] [CONFIG]   strategy                 : random
[2026-07-01 13:22:55] [INFO   ] [GLOBAL] [CONFIG]   dataset                  : mnist
[2026-07-01 13:22:55] [INFO   ] [GLOBAL] [CONFIG]   alpha                    : 0.1
[2026-07-01 13:22:55] [INFO   ] [GLOBAL] [CONFIG]   seed                     : 42
[2026-07-01 13:22:55] [INFO   ] [GLOBAL] [CONFIG]   num_rounds               : 20
[2026-07-01 13:22:55] [INFO   ] [GLOBAL] [CONFIG]   num_clients              : 10
[2026-07-01 13:22:55] [INFO   ] [GLOBAL] [CONFIG]   clients_per_round        : 5
[2026-07-01 13:22:55] [INFO   ] [GLOBAL] [CONFIG]   local_epochs             : 3
[2026-07-01 13:22:55] [INFO   ] [GLOBAL] [CONFIG]   learning_rate            : 0.01
[2026-07-01 13:22:55] [INFO   ] [GLOBAL] [CONFIG]   device                   : cpu
[2026-07-01 13:22:55] [INFO   ] [GLOBAL] [CONFIG]   trace_mode               : False
[2026-07-01 13:22:55] [INFO   ] [GLOBAL] [CONFIG] ============================================================
[2026-07-01 13:22:55] [INFO   ] [random_mnist_a0.1_s42] [SIMULATION] Starting simulation: 20 rounds | 10 clients | 5/round
[2026-07-01 13:23:13] [INFO   ] [random_mnist_a0.1_s42] [ROUND_00] Global Accuracy: 11.8800%
[2026-07-01 13:23:13] [INFO   ] [random_mnist_a0.1_s42] [STRATEGY] [RANDOM] Round 01 | Selected 5 clients: ['1', '4', '5', '6', '7']
[2026-07-01 13:24:26] [INFO   ] [random_mnist_a0.1_s42] [ROUND_01] Global Accuracy: 75.0000%
[2026-07-01 13:24:49] [INFO   ] [random_mnist_a0.1_s42] [STRATEGY] [RANDOM] Round 02 | Selected 5 clients: ['1', '2', '6', '7', '9']
[2026-07-01 13:25:48] [INFO   ] [random_mnist_a0.1_s42] [ROUND_02] Global Accuracy: 81.2700%
[2026-07-01 13:25:59] [INFO   ] [random_mnist_a0.1_s42] [STRATEGY] [RANDOM] Round 03 | Selected 5 clients: ['0', '1', '3', '6', '9']
[2026-07-01 13:27:10] [INFO   ] [random_mnist_a0.1_s42] [ROUND_03] Global Accuracy: 81.2100%
[2026-07-01 13:27:20] [INFO   ] [random_mnist_a0.1_s42] [STRATEGY] [RANDOM] Round 04 | Selected 5 clients: ['0', '1', '2', '3', '7']
[2026-07-01 13:28:10] [INFO   ] [random_mnist_a0.1_s42] [ROUND_04] Global Accuracy: 94.5200%
[2026-07-01 13:28:21] [INFO   ] [random_mnist_a0.1_s42] [STRATEGY] [RANDOM] Round 05 | Selected 5 clients: ['0', '1', '2', '3', '6']
[2026-07-01 13:29:22] [INFO   ] [random_mnist_a0.1_s42] [ROUND_05] Global Accuracy: 92.8500%
[2026-07-01 13:29:30] [INFO   ] [random_mnist_a0.1_s42] [STRATEGY] [RANDOM] Round 06 | Selected 5 clients: ['0', '3', '5', '7', '9']
[2026-07-01 13:30:12] [INFO   ] [random_mnist_a0.1_s42] [ROUND_06] Global Accuracy: 98.0400%
[2026-07-01 13:30:21] [INFO   ] [random_mnist_a0.1_s42] [STRATEGY] [RANDOM] Round 07 | Selected 5 clients: ['0', '3', '5', '6', '7']
[2026-07-01 13:31:11] [INFO   ] [random_mnist_a0.1_s42] [ROUND_07] Global Accuracy: 97.7000%
[2026-07-01 13:31:18] [INFO   ] [random_mnist_a0.1_s42] [STRATEGY] [RANDOM] Round 08 | Selected 5 clients: ['0', '2', '4', '5', '9']
[2026-07-01 13:31:58] [INFO   ] [random_mnist_a0.1_s42] [ROUND_08] Global Accuracy: 96.1500%
[2026-07-01 13:32:05] [INFO   ] [random_mnist_a0.1_s42] [STRATEGY] [RANDOM] Round 09 | Selected 5 clients: ['1', '2', '5', '6', '7']
[2026-07-01 13:33:07] [INFO   ] [random_mnist_a0.1_s42] [ROUND_09] Global Accuracy: 96.0800%
[2026-07-01 13:33:16] [INFO   ] [random_mnist_a0.1_s42] [STRATEGY] [RANDOM] Round 10 | Selected 5 clients: ['1', '5', '6', '8', '9']
[2026-07-01 13:34:11] [INFO   ] [random_mnist_a0.1_s42] [ROUND_10] Global Accuracy: 96.1300%
[2026-07-01 13:34:24] [INFO   ] [random_mnist_a0.1_s42] [STRATEGY] [RANDOM] Round 11 | Selected 5 clients: ['0', '1', '2', '7', '9']
[2026-07-01 13:35:12] [INFO   ] [random_mnist_a0.1_s42] [ROUND_11] Global Accuracy: 98.3500%
[2026-07-01 13:35:24] [INFO   ] [random_mnist_a0.1_s42] [STRATEGY] [RANDOM] Round 12 | Selected 5 clients: ['3', '5', '6', '7', '9']
[2026-07-01 13:36:18] [INFO   ] [random_mnist_a0.1_s42] [ROUND_12] Global Accuracy: 98.4600%
[2026-07-01 13:36:26] [INFO   ] [random_mnist_a0.1_s42] [STRATEGY] [RANDOM] Round 13 | Selected 5 clients: ['1', '2', '3', '5', '9']
[2026-07-01 13:36:59] [INFO   ] [random_mnist_a0.1_s42] [ROUND_13] Global Accuracy: 97.2700%
[2026-07-01 13:37:08] [INFO   ] [random_mnist_a0.1_s42] [STRATEGY] [RANDOM] Round 14 | Selected 5 clients: ['1', '2', '5', '6', '9']
[2026-07-01 13:38:00] [INFO   ] [random_mnist_a0.1_s42] [ROUND_14] Global Accuracy: 96.9600%
[2026-07-01 13:38:08] [INFO   ] [random_mnist_a0.1_s42] [STRATEGY] [RANDOM] Round 15 | Selected 5 clients: ['1', '4', '5', '7', '9']
[2026-07-01 13:39:05] [INFO   ] [random_mnist_a0.1_s42] [ROUND_15] Global Accuracy: 95.4900%
[2026-07-01 13:39:16] [INFO   ] [random_mnist_a0.1_s42] [STRATEGY] [RANDOM] Round 16 | Selected 5 clients: ['0', '2', '4', '6', '8']
[2026-07-01 13:40:23] [INFO   ] [random_mnist_a0.1_s42] [ROUND_16] Global Accuracy: 98.2100%
[2026-07-01 13:40:35] [INFO   ] [random_mnist_a0.1_s42] [STRATEGY] [RANDOM] Round 17 | Selected 5 clients: ['1', '4', '6', '7', '8']
[2026-07-01 13:41:51] [INFO   ] [random_mnist_a0.1_s42] [ROUND_17] Global Accuracy: 97.5800%
[2026-07-01 13:42:04] [INFO   ] [random_mnist_a0.1_s42] [STRATEGY] [RANDOM] Round 18 | Selected 5 clients: ['2', '4', '6', '7', '9']
[2026-07-01 13:42:54] [INFO   ] [random_mnist_a0.1_s42] [ROUND_18] Global Accuracy: 97.3500%
[2026-07-01 13:43:01] [INFO   ] [random_mnist_a0.1_s42] [STRATEGY] [RANDOM] Round 19 | Selected 5 clients: ['3', '4', '6', '7', '8']
[2026-07-01 13:43:56] [INFO   ] [random_mnist_a0.1_s42] [ROUND_19] Global Accuracy: 98.5800%
[2026-07-01 13:44:03] [INFO   ] [random_mnist_a0.1_s42] [STRATEGY] [RANDOM] Round 20 | Selected 5 clients: ['1', '2', '3', '6', '9']
[2026-07-01 13:44:49] [INFO   ] [random_mnist_a0.1_s42] [ROUND_20] Global Accuracy: 98.5600%
