[2026-07-03 15:15:49] [INFO   ] [GLOBAL] [CONFIG] ============================================================
[2026-07-03 15:15:49] [INFO   ] [GLOBAL] [CONFIG] EXPERIMENT CONFIGURATION
[2026-07-03 15:15:49] [INFO   ] [GLOBAL] [CONFIG] ============================================================
[2026-07-03 15:15:49] [INFO   ] [GLOBAL] [CONFIG]   experiment_id            : random_cifar10_a0.5_s123
[2026-07-03 15:15:49] [INFO   ] [GLOBAL] [CONFIG]   strategy                 : random
[2026-07-03 15:15:49] [INFO   ] [GLOBAL] [CONFIG]   dataset                  : cifar10
[2026-07-03 15:15:49] [INFO   ] [GLOBAL] [CONFIG]   alpha                    : 0.5
[2026-07-03 15:15:49] [INFO   ] [GLOBAL] [CONFIG]   seed                     : 123
[2026-07-03 15:15:49] [INFO   ] [GLOBAL] [CONFIG]   num_rounds               : 20
[2026-07-03 15:15:49] [INFO   ] [GLOBAL] [CONFIG]   num_clients              : 10
[2026-07-03 15:15:49] [INFO   ] [GLOBAL] [CONFIG]   clients_per_round        : 5
[2026-07-03 15:15:49] [INFO   ] [GLOBAL] [CONFIG]   local_epochs             : 3
[2026-07-03 15:15:49] [INFO   ] [GLOBAL] [CONFIG]   learning_rate            : 0.01
[2026-07-03 15:15:49] [INFO   ] [GLOBAL] [CONFIG]   device                   : cpu
[2026-07-03 15:15:49] [INFO   ] [GLOBAL] [CONFIG]   trace_mode               : False
[2026-07-03 15:15:49] [INFO   ] [GLOBAL] [CONFIG] ============================================================
[2026-07-03 15:15:50] [INFO   ] [random_cifar10_a0.5_s123] [SIMULATION] Starting simulation: 20 rounds | 10 clients | 5/round
[2026-07-03 15:15:58] [INFO   ] [random_cifar10_a0.5_s123] [ROUND_00] Global Accuracy: 9.4300%
[2026-07-03 15:15:58] [INFO   ] [random_cifar10_a0.5_s123] [STRATEGY] [RANDOM] Round 01 | Selected 5 clients: ['0', '3', '5', '6', '7']
[2026-07-03 15:16:21] [INFO   ] [random_cifar10_a0.5_s123] [ROUND_01] Global Accuracy: 20.5400%
[2026-07-03 15:16:27] [INFO   ] [random_cifar10_a0.5_s123] [STRATEGY] [RANDOM] Round 02 | Selected 5 clients: ['1', '2', '4', '5', '9']
[2026-07-03 15:16:51] [INFO   ] [random_cifar10_a0.5_s123] [ROUND_02] Global Accuracy: 36.5300%
[2026-07-03 15:16:55] [INFO   ] [random_cifar10_a0.5_s123] [STRATEGY] [RANDOM] Round 03 | Selected 5 clients: ['0', '1', '4', '6', '7']
[2026-07-03 15:17:18] [INFO   ] [random_cifar10_a0.5_s123] [ROUND_03] Global Accuracy: 43.3400%
[2026-07-03 15:17:22] [INFO   ] [random_cifar10_a0.5_s123] [STRATEGY] [RANDOM] Round 04 | Selected 5 clients: ['0', '3', '4', '5', '8']
[2026-07-03 15:17:44] [INFO   ] [random_cifar10_a0.5_s123] [ROUND_04] Global Accuracy: 55.4400%
[2026-07-03 15:17:47] [INFO   ] [random_cifar10_a0.5_s123] [STRATEGY] [RANDOM] Round 05 | Selected 5 clients: ['1', '3', '6', '8', '9']
[2026-07-03 15:18:10] [INFO   ] [random_cifar10_a0.5_s123] [ROUND_05] Global Accuracy: 58.0600%
[2026-07-03 15:18:14] [INFO   ] [random_cifar10_a0.5_s123] [STRATEGY] [RANDOM] Round 06 | Selected 5 clients: ['3', '5', '6', '7', '9']
[2026-07-03 15:18:36] [INFO   ] [random_cifar10_a0.5_s123] [ROUND_06] Global Accuracy: 62.2200%
[2026-07-03 15:18:39] [INFO   ] [random_cifar10_a0.5_s123] [STRATEGY] [RANDOM] Round 07 | Selected 5 clients: ['0', '1', '6', '8', '9']
[2026-07-03 15:19:02] [INFO   ] [random_cifar10_a0.5_s123] [ROUND_07] Global Accuracy: 57.8100%
[2026-07-03 15:19:05] [INFO   ] [random_cifar10_a0.5_s123] [STRATEGY] [RANDOM] Round 08 | Selected 5 clients: ['1', '3', '4', '8', '9']
[2026-07-03 15:19:28] [INFO   ] [random_cifar10_a0.5_s123] [ROUND_08] Global Accuracy: 65.6500%
[2026-07-03 15:19:32] [INFO   ] [random_cifar10_a0.5_s123] [STRATEGY] [RANDOM] Round 09 | Selected 5 clients: ['1', '2', '6', '8', '9']
[2026-07-03 15:19:54] [INFO   ] [random_cifar10_a0.5_s123] [ROUND_09] Global Accuracy: 64.2200%
[2026-07-03 15:19:58] [INFO   ] [random_cifar10_a0.5_s123] [STRATEGY] [RANDOM] Round 10 | Selected 5 clients: ['0', '1', '3', '4', '9']
[2026-07-03 15:20:21] [INFO   ] [random_cifar10_a0.5_s123] [ROUND_10] Global Accuracy: 64.0500%
[2026-07-03 15:20:24] [INFO   ] [random_cifar10_a0.5_s123] [STRATEGY] [RANDOM] Round 11 | Selected 5 clients: ['0', '1', '2', '4', '9']
[2026-07-03 15:20:47] [INFO   ] [random_cifar10_a0.5_s123] [ROUND_11] Global Accuracy: 65.6400%
[2026-07-03 15:20:50] [INFO   ] [random_cifar10_a0.5_s123] [STRATEGY] [RANDOM] Round 12 | Selected 5 clients: ['0', '1', '5', '7', '9']
[2026-07-03 15:21:14] [INFO   ] [random_cifar10_a0.5_s123] [ROUND_12] Global Accuracy: 70.2100%
[2026-07-03 15:21:18] [INFO   ] [random_cifar10_a0.5_s123] [STRATEGY] [RANDOM] Round 13 | Selected 5 clients: ['0', '2', '3', '5', '7']
[2026-07-03 15:21:39] [INFO   ] [random_cifar10_a0.5_s123] [ROUND_13] Global Accuracy: 70.0400%
[2026-07-03 15:21:43] [INFO   ] [random_cifar10_a0.5_s123] [STRATEGY] [RANDOM] Round 14 | Selected 5 clients: ['1', '2', '3', '8', '9']
[2026-07-03 15:22:05] [INFO   ] [random_cifar10_a0.5_s123] [ROUND_14] Global Accuracy: 70.2800%
[2026-07-03 15:22:09] [INFO   ] [random_cifar10_a0.5_s123] [STRATEGY] [RANDOM] Round 15 | Selected 5 clients: ['2', '3', '4', '6', '8']
[2026-07-03 15:22:23] [INFO   ] [random_cifar10_a0.5_s123] [ROUND_15] Global Accuracy: 70.0900%
[2026-07-03 15:22:27] [INFO   ] [random_cifar10_a0.5_s123] [STRATEGY] [RANDOM] Round 16 | Selected 5 clients: ['3', '4', '5', '6', '9']
[2026-07-03 15:22:48] [INFO   ] [random_cifar10_a0.5_s123] [ROUND_16] Global Accuracy: 71.7400%
[2026-07-03 15:22:52] [INFO   ] [random_cifar10_a0.5_s123] [STRATEGY] [RANDOM] Round 17 | Selected 5 clients: ['2', '3', '4', '7', '8']
[2026-07-03 15:23:07] [INFO   ] [random_cifar10_a0.5_s123] [ROUND_17] Global Accuracy: 71.0800%
[2026-07-03 15:23:11] [INFO   ] [random_cifar10_a0.5_s123] [STRATEGY] [RANDOM] Round 18 | Selected 5 clients: ['0', '1', '2', '3', '9']
[2026-07-03 15:23:34] [INFO   ] [random_cifar10_a0.5_s123] [ROUND_18] Global Accuracy: 70.5800%
[2026-07-03 15:23:37] [INFO   ] [random_cifar10_a0.5_s123] [STRATEGY] [RANDOM] Round 19 | Selected 5 clients: ['0', '2', '3', '4', '5']
[2026-07-03 15:23:59] [INFO   ] [random_cifar10_a0.5_s123] [ROUND_19] Global Accuracy: 70.8000%
[2026-07-03 15:24:02] [INFO   ] [random_cifar10_a0.5_s123] [STRATEGY] [RANDOM] Round 20 | Selected 5 clients: ['0', '1', '3', '5', '8']
[2026-07-03 15:24:26] [INFO   ] [random_cifar10_a0.5_s123] [ROUND_20] Global Accuracy: 72.1800%
