[2026-07-03 14:16:19] [INFO   ] [GLOBAL] [CONFIG] ============================================================
[2026-07-03 14:16:19] [INFO   ] [GLOBAL] [CONFIG] EXPERIMENT CONFIGURATION
[2026-07-03 14:16:19] [INFO   ] [GLOBAL] [CONFIG] ============================================================
[2026-07-03 14:16:19] [INFO   ] [GLOBAL] [CONFIG]   experiment_id            : random_mnist_a0.5_s123
[2026-07-03 14:16:19] [INFO   ] [GLOBAL] [CONFIG]   strategy                 : random
[2026-07-03 14:16:19] [INFO   ] [GLOBAL] [CONFIG]   dataset                  : mnist
[2026-07-03 14:16:19] [INFO   ] [GLOBAL] [CONFIG]   alpha                    : 0.5
[2026-07-03 14:16:19] [INFO   ] [GLOBAL] [CONFIG]   seed                     : 123
[2026-07-03 14:16:19] [INFO   ] [GLOBAL] [CONFIG]   num_rounds               : 20
[2026-07-03 14:16:19] [INFO   ] [GLOBAL] [CONFIG]   num_clients              : 10
[2026-07-03 14:16:19] [INFO   ] [GLOBAL] [CONFIG]   clients_per_round        : 5
[2026-07-03 14:16:19] [INFO   ] [GLOBAL] [CONFIG]   local_epochs             : 3
[2026-07-03 14:16:19] [INFO   ] [GLOBAL] [CONFIG]   learning_rate            : 0.01
[2026-07-03 14:16:19] [INFO   ] [GLOBAL] [CONFIG]   device                   : cpu
[2026-07-03 14:16:19] [INFO   ] [GLOBAL] [CONFIG]   trace_mode               : False
[2026-07-03 14:16:19] [INFO   ] [GLOBAL] [CONFIG] ============================================================
[2026-07-03 14:16:19] [INFO   ] [random_mnist_a0.5_s123] [SIMULATION] Starting simulation: 20 rounds | 10 clients | 5/round
[2026-07-03 14:16:27] [INFO   ] [random_mnist_a0.5_s123] [ROUND_00] Global Accuracy: 7.7500%
[2026-07-03 14:16:27] [INFO   ] [random_mnist_a0.5_s123] [STRATEGY] [RANDOM] Round 01 | Selected 5 clients: ['0', '1', '2', '6', '9']
[2026-07-03 14:16:40] [INFO   ] [random_mnist_a0.5_s123] [ROUND_01] Global Accuracy: 96.1000%
[2026-07-03 14:16:44] [INFO   ] [random_mnist_a0.5_s123] [STRATEGY] [RANDOM] Round 02 | Selected 5 clients: ['1', '3', '5', '7', '8']
[2026-07-03 14:16:54] [INFO   ] [random_mnist_a0.5_s123] [ROUND_02] Global Accuracy: 97.5100%
[2026-07-03 14:16:56] [INFO   ] [random_mnist_a0.5_s123] [STRATEGY] [RANDOM] Round 03 | Selected 5 clients: ['0', '2', '6', '7', '8']
[2026-07-03 14:17:07] [INFO   ] [random_mnist_a0.5_s123] [ROUND_03] Global Accuracy: 98.1700%
[2026-07-03 14:17:08] [INFO   ] [random_mnist_a0.5_s123] [STRATEGY] [RANDOM] Round 04 | Selected 5 clients: ['0', '1', '4', '8', '9']
[2026-07-03 14:17:20] [INFO   ] [random_mnist_a0.5_s123] [ROUND_04] Global Accuracy: 98.0700%
[2026-07-03 14:17:22] [INFO   ] [random_mnist_a0.5_s123] [STRATEGY] [RANDOM] Round 05 | Selected 5 clients: ['4', '5', '6', '7', '9']
[2026-07-03 14:17:33] [INFO   ] [random_mnist_a0.5_s123] [ROUND_05] Global Accuracy: 98.7100%
[2026-07-03 14:17:35] [INFO   ] [random_mnist_a0.5_s123] [STRATEGY] [RANDOM] Round 06 | Selected 5 clients: ['1', '2', '5', '6', '9']
[2026-07-03 14:17:46] [INFO   ] [random_mnist_a0.5_s123] [ROUND_06] Global Accuracy: 98.8900%
[2026-07-03 14:17:48] [INFO   ] [random_mnist_a0.5_s123] [STRATEGY] [RANDOM] Round 07 | Selected 5 clients: ['0', '4', '5', '6', '7']
[2026-07-03 14:17:57] [INFO   ] [random_mnist_a0.5_s123] [ROUND_07] Global Accuracy: 98.7200%
[2026-07-03 14:17:59] [INFO   ] [random_mnist_a0.5_s123] [STRATEGY] [RANDOM] Round 08 | Selected 5 clients: ['4', '5', '7', '8', '9']
[2026-07-03 14:18:10] [INFO   ] [random_mnist_a0.5_s123] [ROUND_08] Global Accuracy: 99.0600%
[2026-07-03 14:18:12] [INFO   ] [random_mnist_a0.5_s123] [STRATEGY] [RANDOM] Round 09 | Selected 5 clients: ['3', '4', '5', '6', '7']
[2026-07-03 14:18:21] [INFO   ] [random_mnist_a0.5_s123] [ROUND_09] Global Accuracy: 99.1500%
[2026-07-03 14:18:22] [INFO   ] [random_mnist_a0.5_s123] [STRATEGY] [RANDOM] Round 10 | Selected 5 clients: ['0', '5', '7', '8', '9']
[2026-07-03 14:18:34] [INFO   ] [random_mnist_a0.5_s123] [ROUND_10] Global Accuracy: 99.0600%
[2026-07-03 14:18:36] [INFO   ] [random_mnist_a0.5_s123] [STRATEGY] [RANDOM] Round 11 | Selected 5 clients: ['0', '3', '5', '7', '8']
[2026-07-03 14:18:46] [INFO   ] [random_mnist_a0.5_s123] [ROUND_11] Global Accuracy: 98.8000%
[2026-07-03 14:18:48] [INFO   ] [random_mnist_a0.5_s123] [STRATEGY] [RANDOM] Round 12 | Selected 5 clients: ['0', '1', '2', '5', '7']
[2026-07-03 14:18:57] [INFO   ] [random_mnist_a0.5_s123] [ROUND_12] Global Accuracy: 99.1200%
[2026-07-03 14:18:59] [INFO   ] [random_mnist_a0.5_s123] [STRATEGY] [RANDOM] Round 13 | Selected 5 clients: ['0', '1', '2', '3', '9']
[2026-07-03 14:19:10] [INFO   ] [random_mnist_a0.5_s123] [ROUND_13] Global Accuracy: 99.1800%
[2026-07-03 14:19:12] [INFO   ] [random_mnist_a0.5_s123] [STRATEGY] [RANDOM] Round 14 | Selected 5 clients: ['3', '4', '5', '7', '9']
[2026-07-03 14:19:24] [INFO   ] [random_mnist_a0.5_s123] [ROUND_14] Global Accuracy: 99.1500%
[2026-07-03 14:19:25] [INFO   ] [random_mnist_a0.5_s123] [STRATEGY] [RANDOM] Round 15 | Selected 5 clients: ['3', '4', '6', '8', '9']
[2026-07-03 14:19:37] [INFO   ] [random_mnist_a0.5_s123] [ROUND_15] Global Accuracy: 99.2000%
[2026-07-03 14:19:39] [INFO   ] [random_mnist_a0.5_s123] [STRATEGY] [RANDOM] Round 16 | Selected 5 clients: ['1', '5', '6', '8', '9']
[2026-07-03 14:19:50] [INFO   ] [random_mnist_a0.5_s123] [ROUND_16] Global Accuracy: 99.1200%
[2026-07-03 14:19:52] [INFO   ] [random_mnist_a0.5_s123] [STRATEGY] [RANDOM] Round 17 | Selected 5 clients: ['2', '3', '4', '8', '9']
[2026-07-03 14:20:04] [INFO   ] [random_mnist_a0.5_s123] [ROUND_17] Global Accuracy: 99.1400%
[2026-07-03 14:20:05] [INFO   ] [random_mnist_a0.5_s123] [STRATEGY] [RANDOM] Round 18 | Selected 5 clients: ['0', '3', '5', '7', '9']
[2026-07-03 14:20:17] [INFO   ] [random_mnist_a0.5_s123] [ROUND_18] Global Accuracy: 99.2400%
[2026-07-03 14:20:19] [INFO   ] [random_mnist_a0.5_s123] [STRATEGY] [RANDOM] Round 19 | Selected 5 clients: ['0', '1', '3', '8', '9']
[2026-07-03 14:20:31] [INFO   ] [random_mnist_a0.5_s123] [ROUND_19] Global Accuracy: 99.1700%
[2026-07-03 14:20:33] [INFO   ] [random_mnist_a0.5_s123] [STRATEGY] [RANDOM] Round 20 | Selected 5 clients: ['0', '1', '4', '7', '9']
[2026-07-03 14:20:44] [INFO   ] [random_mnist_a0.5_s123] [ROUND_20] Global Accuracy: 99.1500%
