[2026-07-01 00:18:23] [INFO   ] [GLOBAL] [CONFIG] ============================================================
[2026-07-01 00:18:23] [INFO   ] [GLOBAL] [CONFIG] EXPERIMENT CONFIGURATION
[2026-07-01 00:18:23] [INFO   ] [GLOBAL] [CONFIG] ============================================================
[2026-07-01 00:18:23] [INFO   ] [GLOBAL] [CONFIG]   experiment_id            : random_mnist_a0.1_s42
[2026-07-01 00:18:23] [INFO   ] [GLOBAL] [CONFIG]   strategy                 : random
[2026-07-01 00:18:23] [INFO   ] [GLOBAL] [CONFIG]   dataset                  : mnist
[2026-07-01 00:18:23] [INFO   ] [GLOBAL] [CONFIG]   alpha                    : 0.1
[2026-07-01 00:18:23] [INFO   ] [GLOBAL] [CONFIG]   seed                     : 42
[2026-07-01 00:18:23] [INFO   ] [GLOBAL] [CONFIG]   num_rounds               : 20
[2026-07-01 00:18:23] [INFO   ] [GLOBAL] [CONFIG]   num_clients              : 10
[2026-07-01 00:18:23] [INFO   ] [GLOBAL] [CONFIG]   clients_per_round        : 5
[2026-07-01 00:18:23] [INFO   ] [GLOBAL] [CONFIG]   local_epochs             : 3
[2026-07-01 00:18:23] [INFO   ] [GLOBAL] [CONFIG]   learning_rate            : 0.01
[2026-07-01 00:18:23] [INFO   ] [GLOBAL] [CONFIG]   device                   : cpu
[2026-07-01 00:18:23] [INFO   ] [GLOBAL] [CONFIG]   trace_mode               : False
[2026-07-01 00:18:23] [INFO   ] [GLOBAL] [CONFIG] ============================================================
[2026-07-01 00:18:25] [INFO   ] [random_mnist_a0.1_s42] [SIMULATION] Starting simulation: 20 rounds | 10 clients | 5/round
[2026-07-01 00:20:00] [INFO   ] [random_mnist_a0.1_s42] [ROUND_00] Global Accuracy: 15.8300%
[2026-07-01 00:20:00] [INFO   ] [random_mnist_a0.1_s42] [STRATEGY] [RANDOM] Round 01 | Selected 5 clients: ['0', '3', '5', '6', '8']
[2026-07-01 00:20:55] [INFO   ] [random_mnist_a0.1_s42] [ROUND_01] Global Accuracy: 75.6700%
[2026-07-01 00:21:10] [INFO   ] [random_mnist_a0.1_s42] [STRATEGY] [RANDOM] Round 02 | Selected 5 clients: ['0', '2', '6', '8', '9']
[2026-07-01 00:21:59] [INFO   ] [random_mnist_a0.1_s42] [ROUND_02] Global Accuracy: 83.3400%
[2026-07-01 00:22:05] [INFO   ] [random_mnist_a0.1_s42] [STRATEGY] [RANDOM] Round 03 | Selected 5 clients: ['0', '1', '2', '4', '6']
[2026-07-01 00:22:54] [INFO   ] [random_mnist_a0.1_s42] [ROUND_03] Global Accuracy: 81.3500%
[2026-07-01 00:23:01] [INFO   ] [random_mnist_a0.1_s42] [STRATEGY] [RANDOM] Round 04 | Selected 5 clients: ['0', '1', '4', '8', '9']
[2026-07-01 00:23:45] [INFO   ] [random_mnist_a0.1_s42] [ROUND_04] Global Accuracy: 95.2300%
[2026-07-01 00:23:56] [INFO   ] [random_mnist_a0.1_s42] [STRATEGY] [RANDOM] Round 05 | Selected 5 clients: ['0', '1', '4', '6', '9']
[2026-07-01 00:24:53] [INFO   ] [random_mnist_a0.1_s42] [ROUND_05] Global Accuracy: 94.0600%
[2026-07-01 00:25:00] [INFO   ] [random_mnist_a0.1_s42] [STRATEGY] [RANDOM] Round 06 | Selected 5 clients: ['1', '2', '4', '5', '8']
[2026-07-01 00:25:33] [INFO   ] [random_mnist_a0.1_s42] [ROUND_06] Global Accuracy: 98.0600%
[2026-07-01 00:25:40] [INFO   ] [random_mnist_a0.1_s42] [STRATEGY] [RANDOM] Round 07 | Selected 5 clients: ['1', '4', '5', '6', '8']
[2026-07-01 00:26:28] [INFO   ] [random_mnist_a0.1_s42] [ROUND_07] Global Accuracy: 98.0900%
[2026-07-01 00:26:35] [INFO   ] [random_mnist_a0.1_s42] [STRATEGY] [RANDOM] Round 08 | Selected 5 clients: ['1', '2', '3', '5', '9']
[2026-07-01 00:27:14] [INFO   ] [random_mnist_a0.1_s42] [ROUND_08] Global Accuracy: 96.5800%
[2026-07-01 00:27:21] [INFO   ] [random_mnist_a0.1_s42] [STRATEGY] [RANDOM] Round 09 | Selected 5 clients: ['0', '5', '6', '8', '9']
[2026-07-01 00:28:22] [INFO   ] [random_mnist_a0.1_s42] [ROUND_09] Global Accuracy: 96.4600%
[2026-07-01 00:28:29] [INFO   ] [random_mnist_a0.1_s42] [STRATEGY] [RANDOM] Round 10 | Selected 5 clients: ['0', '2', '5', '6', '7']
[2026-07-01 00:29:13] [INFO   ] [random_mnist_a0.1_s42] [ROUND_10] Global Accuracy: 95.9600%
[2026-07-01 00:29:19] [INFO   ] [random_mnist_a0.1_s42] [STRATEGY] [RANDOM] Round 11 | Selected 5 clients: ['0', '1', '2', '8', '9']
[2026-07-01 00:29:52] [INFO   ] [random_mnist_a0.1_s42] [ROUND_11] Global Accuracy: 98.0600%
[2026-07-01 00:29:59] [INFO   ] [random_mnist_a0.1_s42] [STRATEGY] [RANDOM] Round 12 | Selected 5 clients: ['2', '4', '5', '6', '8']
[2026-07-01 00:30:47] [INFO   ] [random_mnist_a0.1_s42] [ROUND_12] Global Accuracy: 98.5300%
[2026-07-01 00:30:54] [INFO   ] [random_mnist_a0.1_s42] [STRATEGY] [RANDOM] Round 13 | Selected 5 clients: ['0', '2', '4', '5', '9']
[2026-07-01 00:31:22] [INFO   ] [random_mnist_a0.1_s42] [ROUND_13] Global Accuracy: 97.5100%
[2026-07-01 00:31:29] [INFO   ] [random_mnist_a0.1_s42] [STRATEGY] [RANDOM] Round 14 | Selected 5 clients: ['0', '2', '5', '6', '9']
[2026-07-01 00:32:12] [INFO   ] [random_mnist_a0.1_s42] [ROUND_14] Global Accuracy: 97.1800%
[2026-07-01 00:32:19] [INFO   ] [random_mnist_a0.1_s42] [STRATEGY] [RANDOM] Round 15 | Selected 5 clients: ['0', '2', '3', '5', '8']
[2026-07-01 00:33:09] [INFO   ] [random_mnist_a0.1_s42] [ROUND_15] Global Accuracy: 94.8100%
[2026-07-01 00:33:16] [INFO   ] [random_mnist_a0.1_s42] [STRATEGY] [RANDOM] Round 16 | Selected 5 clients: ['1', '3', '6', '7', '9']
[2026-07-01 00:34:11] [INFO   ] [random_mnist_a0.1_s42] [ROUND_16] Global Accuracy: 98.3300%
[2026-07-01 00:34:18] [INFO   ] [random_mnist_a0.1_s42] [STRATEGY] [RANDOM] Round 17 | Selected 5 clients: ['0', '3', '6', '7', '8']
[2026-07-01 00:35:16] [INFO   ] [random_mnist_a0.1_s42] [ROUND_17] Global Accuracy: 97.4900%
[2026-07-01 00:35:23] [INFO   ] [random_mnist_a0.1_s42] [STRATEGY] [RANDOM] Round 18 | Selected 5 clients: ['2', '3', '6', '8', '9']
[2026-07-01 00:36:08] [INFO   ] [random_mnist_a0.1_s42] [ROUND_18] Global Accuracy: 97.1800%
[2026-07-01 00:36:15] [INFO   ] [random_mnist_a0.1_s42] [STRATEGY] [RANDOM] Round 19 | Selected 5 clients: ['3', '4', '6', '7', '8']
[2026-07-01 00:37:12] [INFO   ] [random_mnist_a0.1_s42] [ROUND_19] Global Accuracy: 98.1300%
[2026-07-01 00:37:18] [INFO   ] [random_mnist_a0.1_s42] [STRATEGY] [RANDOM] Round 20 | Selected 5 clients: ['0', '2', '4', '6', '9']
[2026-07-01 00:38:02] [INFO   ] [random_mnist_a0.1_s42] [ROUND_20] Global Accuracy: 98.4500%
