[2026-07-03 16:14:32] [INFO   ] [GLOBAL] [CONFIG] ============================================================
[2026-07-03 16:14:32] [INFO   ] [GLOBAL] [CONFIG] EXPERIMENT CONFIGURATION
[2026-07-03 16:14:32] [INFO   ] [GLOBAL] [CONFIG] ============================================================
[2026-07-03 16:14:32] [INFO   ] [GLOBAL] [CONFIG]   experiment_id            : performance_mnist_a0.5_s42
[2026-07-03 16:14:32] [INFO   ] [GLOBAL] [CONFIG]   strategy                 : performance
[2026-07-03 16:14:32] [INFO   ] [GLOBAL] [CONFIG]   dataset                  : mnist
[2026-07-03 16:14:32] [INFO   ] [GLOBAL] [CONFIG]   alpha                    : 0.5
[2026-07-03 16:14:32] [INFO   ] [GLOBAL] [CONFIG]   seed                     : 42
[2026-07-03 16:14:32] [INFO   ] [GLOBAL] [CONFIG]   num_rounds               : 20
[2026-07-03 16:14:32] [INFO   ] [GLOBAL] [CONFIG]   num_clients              : 10
[2026-07-03 16:14:32] [INFO   ] [GLOBAL] [CONFIG]   clients_per_round        : 5
[2026-07-03 16:14:32] [INFO   ] [GLOBAL] [CONFIG]   local_epochs             : 3
[2026-07-03 16:14:32] [INFO   ] [GLOBAL] [CONFIG]   learning_rate            : 0.01
[2026-07-03 16:14:32] [INFO   ] [GLOBAL] [CONFIG]   device                   : cpu
[2026-07-03 16:14:32] [INFO   ] [GLOBAL] [CONFIG]   trace_mode               : False
[2026-07-03 16:14:32] [INFO   ] [GLOBAL] [CONFIG] ============================================================
[2026-07-03 16:14:32] [INFO   ] [performance_mnist_a0.5_s42] [SIMULATION] Starting simulation: 20 rounds | 10 clients | 5/round
[2026-07-03 16:14:41] [INFO   ] [performance_mnist_a0.5_s42] [ROUND_00] Global Accuracy: 10.1300%
[2026-07-03 16:14:41] [INFO   ] [performance_mnist_a0.5_s42] [STRATEGY] [PERFORMANCE] Round 01 | Selected 5 clients (by latency ascending)
  Rank 01 | Client   8 | Latency:    7.93 ms
  Rank 02 | Client   4 | Latency:    8.64 ms
  Rank 03 | Client   3 | Latency:   27.98 ms
  Rank 04 | Client   9 | Latency:  104.66 ms
  Rank 05 | Client   6 | Latency:  141.00 ms
  [NOT SELECTED]: ['5', '1', '2', '0', '7']
[2026-07-03 16:14:52] [INFO   ] [performance_mnist_a0.5_s42] [ROUND_01] Global Accuracy: 92.5800%
[2026-07-03 16:14:56] [INFO   ] [performance_mnist_a0.5_s42] [STRATEGY] [PERFORMANCE] Round 02 | Selected 5 clients (by latency ascending)
  Rank 01 | Client   8 | Latency:    7.93 ms
  Rank 02 | Client   4 | Latency:    8.64 ms
  Rank 03 | Client   3 | Latency:   27.98 ms
  Rank 04 | Client   9 | Latency:  104.66 ms
  Rank 05 | Client   6 | Latency:  141.00 ms
  [NOT SELECTED]: ['5', '1', '2', '0', '7']
[2026-07-03 16:15:05] [INFO   ] [performance_mnist_a0.5_s42] [ROUND_02] Global Accuracy: 97.6000%
[2026-07-03 16:15:07] [INFO   ] [performance_mnist_a0.5_s42] [STRATEGY] [PERFORMANCE] Round 03 | Selected 5 clients (by latency ascending)
  Rank 01 | Client   8 | Latency:    7.93 ms
  Rank 02 | Client   4 | Latency:    8.64 ms
  Rank 03 | Client   3 | Latency:   27.98 ms
  Rank 04 | Client   9 | Latency:  104.66 ms
  Rank 05 | Client   6 | Latency:  141.00 ms
  [NOT SELECTED]: ['5', '1', '2', '0', '7']
[2026-07-03 16:15:15] [INFO   ] [performance_mnist_a0.5_s42] [ROUND_03] Global Accuracy: 98.1600%
[2026-07-03 16:15:17] [INFO   ] [performance_mnist_a0.5_s42] [STRATEGY] [PERFORMANCE] Round 04 | Selected 5 clients (by latency ascending)
  Rank 01 | Client   8 | Latency:    7.93 ms
  Rank 02 | Client   4 | Latency:    8.64 ms
  Rank 03 | Client   3 | Latency:   27.98 ms
  Rank 04 | Client   9 | Latency:  104.66 ms
  Rank 05 | Client   6 | Latency:  141.00 ms
  [NOT SELECTED]: ['5', '1', '2', '0', '7']
[2026-07-03 16:15:26] [INFO   ] [performance_mnist_a0.5_s42] [ROUND_04] Global Accuracy: 98.1500%
[2026-07-03 16:15:28] [INFO   ] [performance_mnist_a0.5_s42] [STRATEGY] [PERFORMANCE] Round 05 | Selected 5 clients (by latency ascending)
  Rank 01 | Client   8 | Latency:    7.93 ms
  Rank 02 | Client   4 | Latency:    8.64 ms
  Rank 03 | Client   3 | Latency:   27.98 ms
  Rank 04 | Client   9 | Latency:  104.66 ms
  Rank 05 | Client   6 | Latency:  141.00 ms
  [NOT SELECTED]: ['5', '1', '2', '0', '7']
[2026-07-03 16:15:37] [INFO   ] [performance_mnist_a0.5_s42] [ROUND_05] Global Accuracy: 98.3700%
[2026-07-03 16:15:39] [INFO   ] [performance_mnist_a0.5_s42] [STRATEGY] [PERFORMANCE] Round 06 | Selected 5 clients (by latency ascending)
  Rank 01 | Client   8 | Latency:    7.93 ms
  Rank 02 | Client   4 | Latency:    8.64 ms
  Rank 03 | Client   3 | Latency:   27.98 ms
  Rank 04 | Client   9 | Latency:  104.66 ms
  Rank 05 | Client   6 | Latency:  141.00 ms
  [NOT SELECTED]: ['5', '1', '2', '0', '7']
[2026-07-03 16:15:48] [INFO   ] [performance_mnist_a0.5_s42] [ROUND_06] Global Accuracy: 98.6200%
[2026-07-03 16:15:50] [INFO   ] [performance_mnist_a0.5_s42] [STRATEGY] [PERFORMANCE] Round 07 | Selected 5 clients (by latency ascending)
  Rank 01 | Client   8 | Latency:    7.93 ms
  Rank 02 | Client   4 | Latency:    8.64 ms
  Rank 03 | Client   3 | Latency:   27.98 ms
  Rank 04 | Client   9 | Latency:  104.66 ms
  Rank 05 | Client   6 | Latency:  141.00 ms
  [NOT SELECTED]: ['5', '1', '2', '0', '7']
[2026-07-03 16:15:59] [INFO   ] [performance_mnist_a0.5_s42] [ROUND_07] Global Accuracy: 98.5300%
[2026-07-03 16:16:01] [INFO   ] [performance_mnist_a0.5_s42] [STRATEGY] [PERFORMANCE] Round 08 | Selected 5 clients (by latency ascending)
  Rank 01 | Client   8 | Latency:    7.93 ms
  Rank 02 | Client   4 | Latency:    8.64 ms
  Rank 03 | Client   3 | Latency:   27.98 ms
  Rank 04 | Client   9 | Latency:  104.66 ms
  Rank 05 | Client   6 | Latency:  141.00 ms
  [NOT SELECTED]: ['5', '1', '2', '0', '7']
[2026-07-03 16:16:10] [INFO   ] [performance_mnist_a0.5_s42] [ROUND_08] Global Accuracy: 98.8100%
[2026-07-03 16:16:11] [INFO   ] [performance_mnist_a0.5_s42] [STRATEGY] [PERFORMANCE] Round 09 | Selected 5 clients (by latency ascending)
  Rank 01 | Client   8 | Latency:    7.93 ms
  Rank 02 | Client   4 | Latency:    8.64 ms
  Rank 03 | Client   3 | Latency:   27.98 ms
  Rank 04 | Client   9 | Latency:  104.66 ms
  Rank 05 | Client   6 | Latency:  141.00 ms
  [NOT SELECTED]: ['5', '1', '2', '0', '7']
[2026-07-03 16:16:21] [INFO   ] [performance_mnist_a0.5_s42] [ROUND_09] Global Accuracy: 98.7300%
[2026-07-03 16:16:22] [INFO   ] [performance_mnist_a0.5_s42] [STRATEGY] [PERFORMANCE] Round 10 | Selected 5 clients (by latency ascending)
  Rank 01 | Client   8 | Latency:    7.93 ms
  Rank 02 | Client   4 | Latency:    8.64 ms
  Rank 03 | Client   3 | Latency:   27.98 ms
  Rank 04 | Client   9 | Latency:  104.66 ms
  Rank 05 | Client   6 | Latency:  141.00 ms
  [NOT SELECTED]: ['5', '1', '2', '0', '7']
[2026-07-03 16:16:31] [INFO   ] [performance_mnist_a0.5_s42] [ROUND_10] Global Accuracy: 98.8300%
[2026-07-03 16:16:33] [INFO   ] [performance_mnist_a0.5_s42] [STRATEGY] [PERFORMANCE] Round 11 | Selected 5 clients (by latency ascending)
  Rank 01 | Client   8 | Latency:    7.93 ms
  Rank 02 | Client   4 | Latency:    8.64 ms
  Rank 03 | Client   3 | Latency:   27.98 ms
  Rank 04 | Client   9 | Latency:  104.66 ms
  Rank 05 | Client   6 | Latency:  141.00 ms
  [NOT SELECTED]: ['5', '1', '2', '0', '7']
[2026-07-03 16:16:42] [INFO   ] [performance_mnist_a0.5_s42] [ROUND_11] Global Accuracy: 98.7300%
[2026-07-03 16:16:44] [INFO   ] [performance_mnist_a0.5_s42] [STRATEGY] [PERFORMANCE] Round 12 | Selected 5 clients (by latency ascending)
  Rank 01 | Client   8 | Latency:    7.93 ms
  Rank 02 | Client   4 | Latency:    8.64 ms
  Rank 03 | Client   3 | Latency:   27.98 ms
  Rank 04 | Client   9 | Latency:  104.66 ms
  Rank 05 | Client   6 | Latency:  141.00 ms
  [NOT SELECTED]: ['5', '1', '2', '0', '7']
[2026-07-03 16:16:53] [INFO   ] [performance_mnist_a0.5_s42] [ROUND_12] Global Accuracy: 98.7600%
[2026-07-03 16:16:55] [INFO   ] [performance_mnist_a0.5_s42] [STRATEGY] [PERFORMANCE] Round 13 | Selected 5 clients (by latency ascending)
  Rank 01 | Client   8 | Latency:    7.93 ms
  Rank 02 | Client   4 | Latency:    8.64 ms
  Rank 03 | Client   3 | Latency:   27.98 ms
  Rank 04 | Client   9 | Latency:  104.66 ms
  Rank 05 | Client   6 | Latency:  141.00 ms
  [NOT SELECTED]: ['5', '1', '2', '0', '7']
[2026-07-03 16:17:04] [INFO   ] [performance_mnist_a0.5_s42] [ROUND_13] Global Accuracy: 98.8000%
[2026-07-03 16:17:06] [INFO   ] [performance_mnist_a0.5_s42] [STRATEGY] [PERFORMANCE] Round 14 | Selected 5 clients (by latency ascending)
  Rank 01 | Client   8 | Latency:    7.93 ms
  Rank 02 | Client   4 | Latency:    8.64 ms
  Rank 03 | Client   3 | Latency:   27.98 ms
  Rank 04 | Client   9 | Latency:  104.66 ms
  Rank 05 | Client   6 | Latency:  141.00 ms
  [NOT SELECTED]: ['5', '1', '2', '0', '7']
[2026-07-03 16:17:15] [INFO   ] [performance_mnist_a0.5_s42] [ROUND_14] Global Accuracy: 98.8800%
[2026-07-03 16:17:17] [INFO   ] [performance_mnist_a0.5_s42] [STRATEGY] [PERFORMANCE] Round 15 | Selected 5 clients (by latency ascending)
  Rank 01 | Client   8 | Latency:    7.93 ms
  Rank 02 | Client   4 | Latency:    8.64 ms
  Rank 03 | Client   3 | Latency:   27.98 ms
  Rank 04 | Client   9 | Latency:  104.66 ms
  Rank 05 | Client   6 | Latency:  141.00 ms
  [NOT SELECTED]: ['5', '1', '2', '0', '7']
[2026-07-03 16:17:26] [INFO   ] [performance_mnist_a0.5_s42] [ROUND_15] Global Accuracy: 98.8900%
[2026-07-03 16:17:28] [INFO   ] [performance_mnist_a0.5_s42] [STRATEGY] [PERFORMANCE] Round 16 | Selected 5 clients (by latency ascending)
  Rank 01 | Client   8 | Latency:    7.93 ms
  Rank 02 | Client   4 | Latency:    8.64 ms
  Rank 03 | Client   3 | Latency:   27.98 ms
  Rank 04 | Client   9 | Latency:  104.66 ms
  Rank 05 | Client   6 | Latency:  141.00 ms
  [NOT SELECTED]: ['5', '1', '2', '0', '7']
[2026-07-03 16:17:37] [INFO   ] [performance_mnist_a0.5_s42] [ROUND_16] Global Accuracy: 98.9700%
[2026-07-03 16:17:39] [INFO   ] [performance_mnist_a0.5_s42] [STRATEGY] [PERFORMANCE] Round 17 | Selected 5 clients (by latency ascending)
  Rank 01 | Client   8 | Latency:    7.93 ms
  Rank 02 | Client   4 | Latency:    8.64 ms
  Rank 03 | Client   3 | Latency:   27.98 ms
  Rank 04 | Client   9 | Latency:  104.66 ms
  Rank 05 | Client   6 | Latency:  141.00 ms
  [NOT SELECTED]: ['5', '1', '2', '0', '7']
[2026-07-03 16:17:48] [INFO   ] [performance_mnist_a0.5_s42] [ROUND_17] Global Accuracy: 98.9700%
[2026-07-03 16:17:49] [INFO   ] [performance_mnist_a0.5_s42] [STRATEGY] [PERFORMANCE] Round 18 | Selected 5 clients (by latency ascending)
  Rank 01 | Client   8 | Latency:    7.93 ms
  Rank 02 | Client   4 | Latency:    8.64 ms
  Rank 03 | Client   3 | Latency:   27.98 ms
  Rank 04 | Client   9 | Latency:  104.66 ms
  Rank 05 | Client   6 | Latency:  141.00 ms
  [NOT SELECTED]: ['5', '1', '2', '0', '7']
[2026-07-03 16:17:59] [INFO   ] [performance_mnist_a0.5_s42] [ROUND_18] Global Accuracy: 98.9400%
[2026-07-03 16:18:00] [INFO   ] [performance_mnist_a0.5_s42] [STRATEGY] [PERFORMANCE] Round 19 | Selected 5 clients (by latency ascending)
  Rank 01 | Client   8 | Latency:    7.93 ms
  Rank 02 | Client   4 | Latency:    8.64 ms
  Rank 03 | Client   3 | Latency:   27.98 ms
  Rank 04 | Client   9 | Latency:  104.66 ms
  Rank 05 | Client   6 | Latency:  141.00 ms
  [NOT SELECTED]: ['5', '1', '2', '0', '7']
[2026-07-03 16:18:10] [INFO   ] [performance_mnist_a0.5_s42] [ROUND_19] Global Accuracy: 98.7800%
[2026-07-03 16:18:11] [INFO   ] [performance_mnist_a0.5_s42] [STRATEGY] [PERFORMANCE] Round 20 | Selected 5 clients (by latency ascending)
  Rank 01 | Client   8 | Latency:    7.93 ms
  Rank 02 | Client   4 | Latency:    8.64 ms
  Rank 03 | Client   3 | Latency:   27.98 ms
  Rank 04 | Client   9 | Latency:  104.66 ms
  Rank 05 | Client   6 | Latency:  141.00 ms
  [NOT SELECTED]: ['5', '1', '2', '0', '7']
[2026-07-03 16:18:20] [INFO   ] [performance_mnist_a0.5_s42] [ROUND_20] Global Accuracy: 98.9100%
