[2026-07-03 14:29:11] [INFO   ] [GLOBAL] [CONFIG] ============================================================
[2026-07-03 14:29:11] [INFO   ] [GLOBAL] [CONFIG] EXPERIMENT CONFIGURATION
[2026-07-03 14:29:11] [INFO   ] [GLOBAL] [CONFIG] ============================================================
[2026-07-03 14:29:11] [INFO   ] [GLOBAL] [CONFIG]   experiment_id            : random_mnist_a1.0_s123
[2026-07-03 14:29:11] [INFO   ] [GLOBAL] [CONFIG]   strategy                 : random
[2026-07-03 14:29:11] [INFO   ] [GLOBAL] [CONFIG]   dataset                  : mnist
[2026-07-03 14:29:11] [INFO   ] [GLOBAL] [CONFIG]   alpha                    : 1.0
[2026-07-03 14:29:11] [INFO   ] [GLOBAL] [CONFIG]   seed                     : 123
[2026-07-03 14:29:11] [INFO   ] [GLOBAL] [CONFIG]   num_rounds               : 20
[2026-07-03 14:29:11] [INFO   ] [GLOBAL] [CONFIG]   num_clients              : 10
[2026-07-03 14:29:11] [INFO   ] [GLOBAL] [CONFIG]   clients_per_round        : 5
[2026-07-03 14:29:11] [INFO   ] [GLOBAL] [CONFIG]   local_epochs             : 3
[2026-07-03 14:29:11] [INFO   ] [GLOBAL] [CONFIG]   learning_rate            : 0.01
[2026-07-03 14:29:11] [INFO   ] [GLOBAL] [CONFIG]   device                   : cpu
[2026-07-03 14:29:11] [INFO   ] [GLOBAL] [CONFIG]   trace_mode               : False
[2026-07-03 14:29:11] [INFO   ] [GLOBAL] [CONFIG] ============================================================
[2026-07-03 14:29:11] [INFO   ] [random_mnist_a1.0_s123] [SIMULATION] Starting simulation: 20 rounds | 10 clients | 5/round
[2026-07-03 14:29:19] [INFO   ] [random_mnist_a1.0_s123] [ROUND_00] Global Accuracy: 9.9200%
[2026-07-03 14:29:19] [INFO   ] [random_mnist_a1.0_s123] [STRATEGY] [RANDOM] Round 01 | Selected 5 clients: ['3', '4', '5', '7', '8']
[2026-07-03 14:29:31] [INFO   ] [random_mnist_a1.0_s123] [ROUND_01] Global Accuracy: 97.3100%
[2026-07-03 14:29:35] [INFO   ] [random_mnist_a1.0_s123] [STRATEGY] [RANDOM] Round 02 | Selected 5 clients: ['1', '2', '4', '6', '9']
[2026-07-03 14:29:47] [INFO   ] [random_mnist_a1.0_s123] [ROUND_02] Global Accuracy: 98.4300%
[2026-07-03 14:29:49] [INFO   ] [random_mnist_a1.0_s123] [STRATEGY] [RANDOM] Round 03 | Selected 5 clients: ['2', '3', '7', '8', '9']
[2026-07-03 14:30:01] [INFO   ] [random_mnist_a1.0_s123] [ROUND_03] Global Accuracy: 98.8700%
[2026-07-03 14:30:02] [INFO   ] [random_mnist_a1.0_s123] [STRATEGY] [RANDOM] Round 04 | Selected 5 clients: ['0', '3', '4', '5', '9']
[2026-07-03 14:30:14] [INFO   ] [random_mnist_a1.0_s123] [ROUND_04] Global Accuracy: 99.0300%
[2026-07-03 14:30:15] [INFO   ] [random_mnist_a1.0_s123] [STRATEGY] [RANDOM] Round 05 | Selected 5 clients: ['0', '2', '5', '6', '7']
[2026-07-03 14:30:27] [INFO   ] [random_mnist_a1.0_s123] [ROUND_05] Global Accuracy: 99.1000%
[2026-07-03 14:30:29] [INFO   ] [random_mnist_a1.0_s123] [STRATEGY] [RANDOM] Round 06 | Selected 5 clients: ['4', '5', '6', '7', '8']
[2026-07-03 14:30:40] [INFO   ] [random_mnist_a1.0_s123] [ROUND_06] Global Accuracy: 99.1700%
[2026-07-03 14:30:42] [INFO   ] [random_mnist_a1.0_s123] [STRATEGY] [RANDOM] Round 07 | Selected 5 clients: ['0', '2', '3', '6', '7']
[2026-07-03 14:30:54] [INFO   ] [random_mnist_a1.0_s123] [ROUND_07] Global Accuracy: 99.0700%
[2026-07-03 14:30:56] [INFO   ] [random_mnist_a1.0_s123] [STRATEGY] [RANDOM] Round 08 | Selected 5 clients: ['0', '2', '5', '6', '9']
[2026-07-03 14:31:07] [INFO   ] [random_mnist_a1.0_s123] [ROUND_08] Global Accuracy: 99.2700%
[2026-07-03 14:31:09] [INFO   ] [random_mnist_a1.0_s123] [STRATEGY] [RANDOM] Round 09 | Selected 5 clients: ['0', '1', '2', '6', '7']
[2026-07-03 14:31:20] [INFO   ] [random_mnist_a1.0_s123] [ROUND_09] Global Accuracy: 99.1500%
[2026-07-03 14:31:22] [INFO   ] [random_mnist_a1.0_s123] [STRATEGY] [RANDOM] Round 10 | Selected 5 clients: ['2', '3', '5', '6', '9']
[2026-07-03 14:31:34] [INFO   ] [random_mnist_a1.0_s123] [ROUND_10] Global Accuracy: 99.2500%
[2026-07-03 14:31:36] [INFO   ] [random_mnist_a1.0_s123] [STRATEGY] [RANDOM] Round 11 | Selected 5 clients: ['1', '2', '3', '6', '9']
[2026-07-03 14:31:47] [INFO   ] [random_mnist_a1.0_s123] [ROUND_11] Global Accuracy: 99.2800%
[2026-07-03 14:31:49] [INFO   ] [random_mnist_a1.0_s123] [STRATEGY] [RANDOM] Round 12 | Selected 5 clients: ['2', '3', '4', '6', '8']
[2026-07-03 14:32:01] [INFO   ] [random_mnist_a1.0_s123] [ROUND_12] Global Accuracy: 99.2500%
[2026-07-03 14:32:03] [INFO   ] [random_mnist_a1.0_s123] [STRATEGY] [RANDOM] Round 13 | Selected 5 clients: ['1', '3', '4', '5', '8']
[2026-07-03 14:32:14] [INFO   ] [random_mnist_a1.0_s123] [ROUND_13] Global Accuracy: 99.3100%
[2026-07-03 14:32:16] [INFO   ] [random_mnist_a1.0_s123] [STRATEGY] [RANDOM] Round 14 | Selected 5 clients: ['0', '1', '2', '5', '6']
[2026-07-03 14:32:28] [INFO   ] [random_mnist_a1.0_s123] [ROUND_14] Global Accuracy: 99.3400%
[2026-07-03 14:32:30] [INFO   ] [random_mnist_a1.0_s123] [STRATEGY] [RANDOM] Round 15 | Selected 5 clients: ['0', '1', '5', '7', '9']
[2026-07-03 14:32:40] [INFO   ] [random_mnist_a1.0_s123] [ROUND_15] Global Accuracy: 99.2800%
[2026-07-03 14:32:42] [INFO   ] [random_mnist_a1.0_s123] [STRATEGY] [RANDOM] Round 16 | Selected 5 clients: ['4', '5', '6', '7', '9']
[2026-07-03 14:32:54] [INFO   ] [random_mnist_a1.0_s123] [ROUND_16] Global Accuracy: 99.3600%
[2026-07-03 14:32:56] [INFO   ] [random_mnist_a1.0_s123] [STRATEGY] [RANDOM] Round 17 | Selected 5 clients: ['0', '1', '5', '8', '9']
[2026-07-03 14:33:05] [INFO   ] [random_mnist_a1.0_s123] [ROUND_17] Global Accuracy: 99.2900%
[2026-07-03 14:33:07] [INFO   ] [random_mnist_a1.0_s123] [STRATEGY] [RANDOM] Round 18 | Selected 5 clients: ['1', '2', '3', '5', '6']
[2026-07-03 14:33:19] [INFO   ] [random_mnist_a1.0_s123] [ROUND_18] Global Accuracy: 99.3600%
[2026-07-03 14:33:21] [INFO   ] [random_mnist_a1.0_s123] [STRATEGY] [RANDOM] Round 19 | Selected 5 clients: ['1', '3', '4', '5', '9']
[2026-07-03 14:33:32] [INFO   ] [random_mnist_a1.0_s123] [ROUND_19] Global Accuracy: 99.2800%
[2026-07-03 14:33:34] [INFO   ] [random_mnist_a1.0_s123] [STRATEGY] [RANDOM] Round 20 | Selected 5 clients: ['0', '2', '3', '4', '5']
[2026-07-03 14:33:46] [INFO   ] [random_mnist_a1.0_s123] [ROUND_20] Global Accuracy: 99.3500%
