[2026-07-06 12:16:43] [INFO   ] [GLOBAL] [CONFIG] ============================================================
[2026-07-06 12:16:43] [INFO   ] [GLOBAL] [CONFIG] EXPERIMENT CONFIGURATION
[2026-07-06 12:16:43] [INFO   ] [GLOBAL] [CONFIG] ============================================================
[2026-07-06 12:16:43] [INFO   ] [GLOBAL] [CONFIG]   experiment_id            : fairness_cifar10_a0.5_s42
[2026-07-06 12:16:43] [INFO   ] [GLOBAL] [CONFIG]   strategy                 : fairness
[2026-07-06 12:16:43] [INFO   ] [GLOBAL] [CONFIG]   dataset                  : cifar10
[2026-07-06 12:16:43] [INFO   ] [GLOBAL] [CONFIG]   alpha                    : 0.5
[2026-07-06 12:16:43] [INFO   ] [GLOBAL] [CONFIG]   seed                     : 42
[2026-07-06 12:16:43] [INFO   ] [GLOBAL] [CONFIG]   num_rounds               : 20
[2026-07-06 12:16:43] [INFO   ] [GLOBAL] [CONFIG]   num_clients              : 10
[2026-07-06 12:16:43] [INFO   ] [GLOBAL] [CONFIG]   clients_per_round        : 5
[2026-07-06 12:16:43] [INFO   ] [GLOBAL] [CONFIG]   local_epochs             : 3
[2026-07-06 12:16:43] [INFO   ] [GLOBAL] [CONFIG]   learning_rate            : 0.01
[2026-07-06 12:16:43] [INFO   ] [GLOBAL] [CONFIG]   device                   : cpu
[2026-07-06 12:16:43] [INFO   ] [GLOBAL] [CONFIG]   trace_mode               : False
[2026-07-06 12:16:43] [INFO   ] [GLOBAL] [CONFIG] ============================================================
[2026-07-06 12:16:43] [INFO   ] [fairness_cifar10_a0.5_s42] [SIMULATION] Starting simulation: 20 rounds | 10 clients | 5/round
[2026-07-06 12:16:52] [INFO   ] [fairness_cifar10_a0.5_s42] [ROUND_00] Global Accuracy: 13.5300%
[2026-07-06 12:16:52] [INFO   ] [fairness_cifar10_a0.5_s42] [STRATEGY] [FAIRNESS] Round 01 | Selected 5 clients via weighted sampling
  -------------------------------------------------------
  Client | Count |  Weight |   Prob | Picked
  -------------------------------------------------------
       0 |     0 |  1.0000 | 0.1000 |  ✓
       1 |     0 |  1.0000 | 0.1000 |
       2 |     0 |  1.0000 | 0.1000 |
       3 |     0 |  1.0000 | 0.1000 |
       4 |     0 |  1.0000 | 0.1000 |  ✓
       5 |     0 |  1.0000 | 0.1000 |
       6 |     0 |  1.0000 | 0.1000 |  ✓
       7 |     0 |  1.0000 | 0.1000 |  ✓
       8 |     0 |  1.0000 | 0.1000 |  ✓
       9 |     0 |  1.0000 | 0.1000 |
  -------------------------------------------------------
  → Selected: ['0', '4', '6', '7', '8']
[2026-07-06 12:17:16] [INFO   ] [fairness_cifar10_a0.5_s42] [ROUND_01] Global Accuracy: 19.4500%
[2026-07-06 12:17:21] [INFO   ] [fairness_cifar10_a0.5_s42] [STRATEGY] [FAIRNESS] Round 02 | Selected 5 clients via weighted sampling
  -------------------------------------------------------
  Client | Count |  Weight |   Prob | Picked
  -------------------------------------------------------
       0 |     1 |  0.5000 | 0.0667 |
       1 |     0 |  1.0000 | 0.1333 |  ✓
       2 |     0 |  1.0000 | 0.1333 |  ✓
       3 |     0 |  1.0000 | 0.1333 |  ✓
       4 |     1 |  0.5000 | 0.0667 |
       5 |     0 |  1.0000 | 0.1333 |
       6 |     1 |  0.5000 | 0.0667 |
       7 |     1 |  0.5000 | 0.0667 |  ✓
       8 |     1 |  0.5000 | 0.0667 |
       9 |     0 |  1.0000 | 0.1333 |  ✓
  -------------------------------------------------------
  → Selected: ['1', '2', '3', '7', '9']
[2026-07-06 12:17:42] [INFO   ] [fairness_cifar10_a0.5_s42] [ROUND_02] Global Accuracy: 34.9400%
[2026-07-06 12:17:45] [INFO   ] [fairness_cifar10_a0.5_s42] [STRATEGY] [FAIRNESS] Round 03 | Selected 5 clients via weighted sampling
  -------------------------------------------------------
  Client | Count |  Weight |   Prob | Picked
  -------------------------------------------------------
       0 |     1 |  0.5000 | 0.0938 |
       1 |     1 |  0.5000 | 0.0938 |
       2 |     1 |  0.5000 | 0.0938 |  ✓
       3 |     1 |  0.5000 | 0.0938 |
       4 |     1 |  0.5000 | 0.0938 |  ✓
       5 |     0 |  1.0000 | 0.1875 |  ✓
       6 |     1 |  0.5000 | 0.0938 |
       7 |     2 |  0.3333 | 0.0625 |
       8 |     1 |  0.5000 | 0.0938 |  ✓
       9 |     1 |  0.5000 | 0.0938 |  ✓
  -------------------------------------------------------
  → Selected: ['2', '4', '5', '8', '9']
[2026-07-06 12:18:02] [INFO   ] [fairness_cifar10_a0.5_s42] [ROUND_03] Global Accuracy: 47.0500%
[2026-07-06 12:18:05] [INFO   ] [fairness_cifar10_a0.5_s42] [STRATEGY] [FAIRNESS] Round 04 | Selected 5 clients via weighted sampling
  -------------------------------------------------------
  Client | Count |  Weight |   Prob | Picked
  -------------------------------------------------------
       0 |     1 |  0.5000 | 0.1200 |  ✓
       1 |     1 |  0.5000 | 0.1200 |
       2 |     2 |  0.3333 | 0.0800 |  ✓
       3 |     1 |  0.5000 | 0.1200 |
       4 |     2 |  0.3333 | 0.0800 |
       5 |     1 |  0.5000 | 0.1200 |  ✓
       6 |     1 |  0.5000 | 0.1200 |  ✓
       7 |     2 |  0.3333 | 0.0800 |  ✓
       8 |     2 |  0.3333 | 0.0800 |
       9 |     2 |  0.3333 | 0.0800 |
  -------------------------------------------------------
  → Selected: ['0', '2', '5', '6', '7']
[2026-07-06 12:18:26] [INFO   ] [fairness_cifar10_a0.5_s42] [ROUND_04] Global Accuracy: 53.0200%
[2026-07-06 12:18:30] [INFO   ] [fairness_cifar10_a0.5_s42] [STRATEGY] [FAIRNESS] Round 05 | Selected 5 clients via weighted sampling
  -------------------------------------------------------
  Client | Count |  Weight |   Prob | Picked
  -------------------------------------------------------
       0 |     2 |  0.3333 | 0.0952 |
       1 |     1 |  0.5000 | 0.1429 |  ✓
       2 |     3 |  0.2500 | 0.0714 |
       3 |     1 |  0.5000 | 0.1429 |
       4 |     2 |  0.3333 | 0.0952 |  ✓
       5 |     2 |  0.3333 | 0.0952 |
       6 |     2 |  0.3333 | 0.0952 |
       7 |     3 |  0.2500 | 0.0714 |  ✓
       8 |     2 |  0.3333 | 0.0952 |  ✓
       9 |     2 |  0.3333 | 0.0952 |  ✓
  -------------------------------------------------------
  → Selected: ['1', '4', '7', '8', '9']
[2026-07-06 12:18:50] [INFO   ] [fairness_cifar10_a0.5_s42] [ROUND_05] Global Accuracy: 55.2600%
[2026-07-06 12:18:54] [INFO   ] [fairness_cifar10_a0.5_s42] [STRATEGY] [FAIRNESS] Round 06 | Selected 5 clients via weighted sampling
  -------------------------------------------------------
  Client | Count |  Weight |   Prob | Picked
  -------------------------------------------------------
       0 |     2 |  0.3333 | 0.1099 |  ✓
       1 |     2 |  0.3333 | 0.1099 |  ✓
       2 |     3 |  0.2500 | 0.0824 |
       3 |     1 |  0.5000 | 0.1648 |  ✓
       4 |     3 |  0.2500 | 0.0824 |
       5 |     2 |  0.3333 | 0.1099 |
       6 |     2 |  0.3333 | 0.1099 |  ✓
       7 |     4 |  0.2000 | 0.0659 |
       8 |     3 |  0.2500 | 0.0824 |
       9 |     3 |  0.2500 | 0.0824 |  ✓
  -------------------------------------------------------
  → Selected: ['0', '1', '3', '6', '9']
[2026-07-06 12:19:15] [INFO   ] [fairness_cifar10_a0.5_s42] [ROUND_06] Global Accuracy: 52.7900%
[2026-07-06 12:19:19] [INFO   ] [fairness_cifar10_a0.5_s42] [STRATEGY] [FAIRNESS] Round 07 | Selected 5 clients via weighted sampling
  -------------------------------------------------------
  Client | Count |  Weight |   Prob | Picked
  -------------------------------------------------------
       0 |     3 |  0.2500 | 0.0974 |
       1 |     3 |  0.2500 | 0.0974 |  ✓
       2 |     3 |  0.2500 | 0.0974 |  ✓
       3 |     2 |  0.3333 | 0.1299 |  ✓
       4 |     3 |  0.2500 | 0.0974 |  ✓
       5 |     2 |  0.3333 | 0.1299 |
       6 |     3 |  0.2500 | 0.0974 |
       7 |     4 |  0.2000 | 0.0779 |  ✓
       8 |     3 |  0.2500 | 0.0974 |
       9 |     4 |  0.2000 | 0.0779 |
  -------------------------------------------------------
  → Selected: ['1', '2', '3', '4', '7']
[2026-07-06 12:19:38] [INFO   ] [fairness_cifar10_a0.5_s42] [ROUND_07] Global Accuracy: 61.8000%
[2026-07-06 12:19:42] [INFO   ] [fairness_cifar10_a0.5_s42] [STRATEGY] [FAIRNESS] Round 08 | Selected 5 clients via weighted sampling
  -------------------------------------------------------
  Client | Count |  Weight |   Prob | Picked
  -------------------------------------------------------
       0 |     3 |  0.2500 | 0.1087 |
       1 |     4 |  0.2000 | 0.0870 |
       2 |     4 |  0.2000 | 0.0870 |
       3 |     3 |  0.2500 | 0.1087 |  ✓
       4 |     4 |  0.2000 | 0.0870 |  ✓
       5 |     2 |  0.3333 | 0.1449 |
       6 |     3 |  0.2500 | 0.1087 |  ✓
       7 |     5 |  0.1667 | 0.0725 |  ✓
       8 |     3 |  0.2500 | 0.1087 |  ✓
       9 |     4 |  0.2000 | 0.0870 |
  -------------------------------------------------------
  → Selected: ['3', '4', '6', '7', '8']
[2026-07-06 12:19:57] [INFO   ] [fairness_cifar10_a0.5_s42] [ROUND_08] Global Accuracy: 60.6300%
[2026-07-06 12:20:00] [INFO   ] [fairness_cifar10_a0.5_s42] [STRATEGY] [FAIRNESS] Round 09 | Selected 5 clients via weighted sampling
  -------------------------------------------------------
  Client | Count |  Weight |   Prob | Picked
  -------------------------------------------------------
       0 |     3 |  0.2500 | 0.1195 |  ✓
       1 |     4 |  0.2000 | 0.0956 |  ✓
       2 |     4 |  0.2000 | 0.0956 |  ✓
       3 |     4 |  0.2000 | 0.0956 |  ✓
       4 |     5 |  0.1667 | 0.0796 |
       5 |     2 |  0.3333 | 0.1593 |
       6 |     4 |  0.2000 | 0.0956 |  ✓
       7 |     6 |  0.1429 | 0.0683 |
       8 |     4 |  0.2000 | 0.0956 |
       9 |     4 |  0.2000 | 0.0956 |
  -------------------------------------------------------
  → Selected: ['0', '1', '2', '3', '6']
[2026-07-06 12:20:21] [INFO   ] [fairness_cifar10_a0.5_s42] [ROUND_09] Global Accuracy: 60.1300%
[2026-07-06 12:20:25] [INFO   ] [fairness_cifar10_a0.5_s42] [STRATEGY] [FAIRNESS] Round 10 | Selected 5 clients via weighted sampling
  -------------------------------------------------------
  Client | Count |  Weight |   Prob | Picked
  -------------------------------------------------------
       0 |     4 |  0.2000 | 0.1047 |  ✓
       1 |     5 |  0.1667 | 0.0873 |
       2 |     5 |  0.1667 | 0.0873 |
       3 |     5 |  0.1667 | 0.0873 |
       4 |     5 |  0.1667 | 0.0873 |  ✓
       5 |     2 |  0.3333 | 0.1746 |  ✓
       6 |     5 |  0.1667 | 0.0873 |  ✓
       7 |     6 |  0.1429 | 0.0748 |  ✓
       8 |     4 |  0.2000 | 0.1047 |
       9 |     4 |  0.2000 | 0.1047 |
  -------------------------------------------------------
  → Selected: ['0', '4', '5', '6', '7']
[2026-07-06 12:20:46] [INFO   ] [fairness_cifar10_a0.5_s42] [ROUND_10] Global Accuracy: 67.0200%
[2026-07-06 12:20:49] [INFO   ] [fairness_cifar10_a0.5_s42] [STRATEGY] [FAIRNESS] Round 11 | Selected 5 clients via weighted sampling
  -------------------------------------------------------
  Client | Count |  Weight |   Prob | Picked
  -------------------------------------------------------
       0 |     5 |  0.1667 | 0.0965 |
       1 |     5 |  0.1667 | 0.0965 |  ✓
       2 |     5 |  0.1667 | 0.0965 |
       3 |     5 |  0.1667 | 0.0965 |
       4 |     6 |  0.1429 | 0.0827 |
       5 |     3 |  0.2500 | 0.1447 |  ✓
       6 |     6 |  0.1429 | 0.0827 |  ✓
       7 |     7 |  0.1250 | 0.0724 |  ✓
       8 |     4 |  0.2000 | 0.1158 |  ✓
       9 |     4 |  0.2000 | 0.1158 |
  -------------------------------------------------------
  → Selected: ['1', '5', '6', '7', '8']
[2026-07-06 12:21:09] [INFO   ] [fairness_cifar10_a0.5_s42] [ROUND_11] Global Accuracy: 66.3000%
[2026-07-06 12:21:12] [INFO   ] [fairness_cifar10_a0.5_s42] [STRATEGY] [FAIRNESS] Round 12 | Selected 5 clients via weighted sampling
  -------------------------------------------------------
  Client | Count |  Weight |   Prob | Picked
  -------------------------------------------------------
       0 |     5 |  0.1667 | 0.1049 |  ✓
       1 |     6 |  0.1429 | 0.0899 |
       2 |     5 |  0.1667 | 0.1049 |  ✓
       3 |     5 |  0.1667 | 0.1049 |  ✓
       4 |     6 |  0.1429 | 0.0899 |  ✓
       5 |     4 |  0.2000 | 0.1259 |  ✓
       6 |     7 |  0.1250 | 0.0787 |
       7 |     8 |  0.1111 | 0.0699 |
       8 |     5 |  0.1667 | 0.1049 |
       9 |     4 |  0.2000 | 0.1259 |
  -------------------------------------------------------
  → Selected: ['0', '2', '3', '4', '5']
[2026-07-06 12:21:33] [INFO   ] [fairness_cifar10_a0.5_s42] [ROUND_12] Global Accuracy: 67.6300%
[2026-07-06 12:21:36] [INFO   ] [fairness_cifar10_a0.5_s42] [STRATEGY] [FAIRNESS] Round 13 | Selected 5 clients via weighted sampling
  -------------------------------------------------------
  Client | Count |  Weight |   Prob | Picked
  -------------------------------------------------------
       0 |     6 |  0.1429 | 0.0975 |  ✓
       1 |     6 |  0.1429 | 0.0975 |
       2 |     6 |  0.1429 | 0.0975 |  ✓
       3 |     6 |  0.1429 | 0.0975 |  ✓
       4 |     7 |  0.1250 | 0.0853 |  ✓
       5 |     5 |  0.1667 | 0.1137 |
       6 |     7 |  0.1250 | 0.0853 |
       7 |     8 |  0.1111 | 0.0758 |
       8 |     5 |  0.1667 | 0.1137 |  ✓
       9 |     4 |  0.2000 | 0.1364 |
  -------------------------------------------------------
  → Selected: ['0', '2', '3', '4', '8']
[2026-07-06 12:21:57] [INFO   ] [fairness_cifar10_a0.5_s42] [ROUND_13] Global Accuracy: 65.0400%
[2026-07-06 12:22:00] [INFO   ] [fairness_cifar10_a0.5_s42] [STRATEGY] [FAIRNESS] Round 14 | Selected 5 clients via weighted sampling
  -------------------------------------------------------
  Client | Count |  Weight |   Prob | Picked
  -------------------------------------------------------
       0 |     7 |  0.1250 | 0.0909 |
       1 |     6 |  0.1429 | 0.1039 |
       2 |     7 |  0.1250 | 0.0909 |
       3 |     7 |  0.1250 | 0.0909 |
       4 |     8 |  0.1111 | 0.0808 |  ✓
       5 |     5 |  0.1667 | 0.1212 |  ✓
       6 |     7 |  0.1250 | 0.0909 |  ✓
       7 |     8 |  0.1111 | 0.0808 |
       8 |     6 |  0.1429 | 0.1039 |  ✓
       9 |     4 |  0.2000 | 0.1455 |  ✓
  -------------------------------------------------------
  → Selected: ['4', '5', '6', '8', '9']
[2026-07-06 12:22:17] [INFO   ] [fairness_cifar10_a0.5_s42] [ROUND_14] Global Accuracy: 66.3500%
[2026-07-06 12:22:20] [INFO   ] [fairness_cifar10_a0.5_s42] [STRATEGY] [FAIRNESS] Round 15 | Selected 5 clients via weighted sampling
  -------------------------------------------------------
  Client | Count |  Weight |   Prob | Picked
  -------------------------------------------------------
       0 |     7 |  0.1250 | 0.0981 |  ✓
       1 |     6 |  0.1429 | 0.1121 |  ✓
       2 |     7 |  0.1250 | 0.0981 |
       3 |     7 |  0.1250 | 0.0981 |  ✓
       4 |     9 |  0.1000 | 0.0785 |  ✓
       5 |     6 |  0.1429 | 0.1121 |
       6 |     8 |  0.1111 | 0.0872 |
       7 |     8 |  0.1111 | 0.0872 |  ✓
       8 |     7 |  0.1250 | 0.0981 |
       9 |     5 |  0.1667 | 0.1308 |
  -------------------------------------------------------
  → Selected: ['0', '1', '3', '4', '7']
[2026-07-06 12:22:42] [INFO   ] [fairness_cifar10_a0.5_s42] [ROUND_15] Global Accuracy: 69.9100%
[2026-07-06 12:22:45] [INFO   ] [fairness_cifar10_a0.5_s42] [STRATEGY] [FAIRNESS] Round 16 | Selected 5 clients via weighted sampling
  -------------------------------------------------------
  Client | Count |  Weight |   Prob | Picked
  -------------------------------------------------------
       0 |     8 |  0.1111 | 0.0919 |
       1 |     7 |  0.1250 | 0.1034 |  ✓
       2 |     7 |  0.1250 | 0.1034 |
       3 |     8 |  0.1111 | 0.0919 |  ✓
       4 |    10 |  0.0909 | 0.0752 |  ✓
       5 |     6 |  0.1429 | 0.1182 |  ✓
       6 |     8 |  0.1111 | 0.0919 |
       7 |     9 |  0.1000 | 0.0827 |  ✓
       8 |     7 |  0.1250 | 0.1034 |
       9 |     5 |  0.1667 | 0.1379 |
  -------------------------------------------------------
  → Selected: ['1', '3', '4', '5', '7']
[2026-07-06 12:23:05] [INFO   ] [fairness_cifar10_a0.5_s42] [ROUND_16] Global Accuracy: 67.9200%
[2026-07-06 12:23:08] [INFO   ] [fairness_cifar10_a0.5_s42] [STRATEGY] [FAIRNESS] Round 17 | Selected 5 clients via weighted sampling
  -------------------------------------------------------
  Client | Count |  Weight |   Prob | Picked
  -------------------------------------------------------
       0 |     8 |  0.1111 | 0.0967 |  ✓
       1 |     8 |  0.1111 | 0.0967 |  ✓
       2 |     7 |  0.1250 | 0.1088 |  ✓
       3 |     9 |  0.1000 | 0.0870 |  ✓
       4 |    11 |  0.0833 | 0.0725 |
       5 |     7 |  0.1250 | 0.1088 |
       6 |     8 |  0.1111 | 0.0967 |  ✓
       7 |    10 |  0.0909 | 0.0791 |
       8 |     7 |  0.1250 | 0.1088 |
       9 |     5 |  0.1667 | 0.1450 |
  -------------------------------------------------------
  → Selected: ['0', '1', '2', '3', '6']
[2026-07-06 12:23:30] [INFO   ] [fairness_cifar10_a0.5_s42] [ROUND_17] Global Accuracy: 67.9400%
[2026-07-06 12:23:33] [INFO   ] [fairness_cifar10_a0.5_s42] [STRATEGY] [FAIRNESS] Round 18 | Selected 5 clients via weighted sampling
  -------------------------------------------------------
  Client | Count |  Weight |   Prob | Picked
  -------------------------------------------------------
       0 |     9 |  0.1000 | 0.0915 |
       1 |     9 |  0.1000 | 0.0915 |
       2 |     8 |  0.1111 | 0.1017 |  ✓
       3 |    10 |  0.0909 | 0.0832 |  ✓
       4 |    11 |  0.0833 | 0.0762 |
       5 |     7 |  0.1250 | 0.1144 |
       6 |     9 |  0.1000 | 0.0915 |  ✓
       7 |    10 |  0.0909 | 0.0832 |  ✓
       8 |     7 |  0.1250 | 0.1144 |
       9 |     5 |  0.1667 | 0.1525 |  ✓
  -------------------------------------------------------
  → Selected: ['2', '3', '6', '7', '9']
[2026-07-06 12:23:50] [INFO   ] [fairness_cifar10_a0.5_s42] [ROUND_18] Global Accuracy: 67.8000%
[2026-07-06 12:23:53] [INFO   ] [fairness_cifar10_a0.5_s42] [STRATEGY] [FAIRNESS] Round 19 | Selected 5 clients via weighted sampling
  -------------------------------------------------------
  Client | Count |  Weight |   Prob | Picked
  -------------------------------------------------------
       0 |     9 |  0.1000 | 0.0967 |  ✓
       1 |     9 |  0.1000 | 0.0967 |
       2 |     9 |  0.1000 | 0.0967 |  ✓
       3 |    11 |  0.0833 | 0.0806 |  ✓
       4 |    11 |  0.0833 | 0.0806 |
       5 |     7 |  0.1250 | 0.1209 |  ✓
       6 |    10 |  0.0909 | 0.0879 |
       7 |    11 |  0.0833 | 0.0806 |
       8 |     7 |  0.1250 | 0.1209 |
       9 |     6 |  0.1429 | 0.1382 |  ✓
  -------------------------------------------------------
  → Selected: ['0', '2', '3', '5', '9']
[2026-07-06 12:24:14] [INFO   ] [fairness_cifar10_a0.5_s42] [ROUND_19] Global Accuracy: 64.3700%
[2026-07-06 12:24:18] [INFO   ] [fairness_cifar10_a0.5_s42] [STRATEGY] [FAIRNESS] Round 20 | Selected 5 clients via weighted sampling
  -------------------------------------------------------
  Client | Count |  Weight |   Prob | Picked
  -------------------------------------------------------
       0 |    10 |  0.0909 | 0.0930 |
       1 |     9 |  0.1000 | 0.1023 |  ✓
       2 |    10 |  0.0909 | 0.0930 |
       3 |    12 |  0.0769 | 0.0787 |  ✓
       4 |    11 |  0.0833 | 0.0853 |
       5 |     8 |  0.1111 | 0.1137 |
       6 |    10 |  0.0909 | 0.0930 |  ✓
       7 |    11 |  0.0833 | 0.0853 |  ✓
       8 |     7 |  0.1250 | 0.1279 |  ✓
       9 |     7 |  0.1250 | 0.1279 |
  -------------------------------------------------------
  → Selected: ['1', '3', '6', '7', '8']
[2026-07-06 12:24:37] [INFO   ] [fairness_cifar10_a0.5_s42] [ROUND_20] Global Accuracy: 70.1000%
