[2026-07-03 15:07:27] [INFO   ] [GLOBAL] [CONFIG] ============================================================
[2026-07-03 15:07:27] [INFO   ] [GLOBAL] [CONFIG] EXPERIMENT CONFIGURATION
[2026-07-03 15:07:27] [INFO   ] [GLOBAL] [CONFIG] ============================================================
[2026-07-03 15:07:27] [INFO   ] [GLOBAL] [CONFIG]   experiment_id            : random_cifar10_a0.5_s42
[2026-07-03 15:07:27] [INFO   ] [GLOBAL] [CONFIG]   strategy                 : random
[2026-07-03 15:07:27] [INFO   ] [GLOBAL] [CONFIG]   dataset                  : cifar10
[2026-07-03 15:07:27] [INFO   ] [GLOBAL] [CONFIG]   alpha                    : 0.5
[2026-07-03 15:07:27] [INFO   ] [GLOBAL] [CONFIG]   seed                     : 42
[2026-07-03 15:07:27] [INFO   ] [GLOBAL] [CONFIG]   num_rounds               : 20
[2026-07-03 15:07:27] [INFO   ] [GLOBAL] [CONFIG]   num_clients              : 10
[2026-07-03 15:07:27] [INFO   ] [GLOBAL] [CONFIG]   clients_per_round        : 5
[2026-07-03 15:07:27] [INFO   ] [GLOBAL] [CONFIG]   local_epochs             : 3
[2026-07-03 15:07:27] [INFO   ] [GLOBAL] [CONFIG]   learning_rate            : 0.01
[2026-07-03 15:07:27] [INFO   ] [GLOBAL] [CONFIG]   device                   : cpu
[2026-07-03 15:07:27] [INFO   ] [GLOBAL] [CONFIG]   trace_mode               : False
[2026-07-03 15:07:27] [INFO   ] [GLOBAL] [CONFIG] ============================================================
[2026-07-03 15:07:27] [INFO   ] [random_cifar10_a0.5_s42] [SIMULATION] Starting simulation: 20 rounds | 10 clients | 5/round
[2026-07-03 15:07:36] [INFO   ] [random_cifar10_a0.5_s42] [ROUND_00] Global Accuracy: 8.1900%
[2026-07-03 15:07:36] [INFO   ] [random_cifar10_a0.5_s42] [STRATEGY] [RANDOM] Round 01 | Selected 5 clients: ['0', '4', '5', '6', '8']
[2026-07-03 15:07:59] [INFO   ] [random_cifar10_a0.5_s42] [ROUND_01] Global Accuracy: 12.2600%
[2026-07-03 15:08:05] [INFO   ] [random_cifar10_a0.5_s42] [STRATEGY] [RANDOM] Round 02 | Selected 5 clients: ['0', '3', '4', '8', '9']
[2026-07-03 15:08:27] [INFO   ] [random_cifar10_a0.5_s42] [ROUND_02] Global Accuracy: 38.6500%
[2026-07-03 15:08:31] [INFO   ] [random_cifar10_a0.5_s42] [STRATEGY] [RANDOM] Round 03 | Selected 5 clients: ['1', '2', '3', '4', '7']
[2026-07-03 15:08:55] [INFO   ] [random_cifar10_a0.5_s42] [ROUND_03] Global Accuracy: 48.4300%
[2026-07-03 15:08:58] [INFO   ] [random_cifar10_a0.5_s42] [STRATEGY] [RANDOM] Round 04 | Selected 5 clients: ['2', '3', '7', '8', '9']
[2026-07-03 15:09:21] [INFO   ] [random_cifar10_a0.5_s42] [ROUND_04] Global Accuracy: 55.8600%
[2026-07-03 15:09:25] [INFO   ] [random_cifar10_a0.5_s42] [STRATEGY] [RANDOM] Round 05 | Selected 5 clients: ['3', '4', '5', '7', '8']
[2026-07-03 15:09:47] [INFO   ] [random_cifar10_a0.5_s42] [ROUND_05] Global Accuracy: 58.4500%
[2026-07-03 15:09:51] [INFO   ] [random_cifar10_a0.5_s42] [STRATEGY] [RANDOM] Round 06 | Selected 5 clients: ['0', '4', '7', '8', '9']
[2026-07-03 15:10:15] [INFO   ] [random_cifar10_a0.5_s42] [ROUND_06] Global Accuracy: 57.2500%
[2026-07-03 15:10:19] [INFO   ] [random_cifar10_a0.5_s42] [STRATEGY] [RANDOM] Round 07 | Selected 5 clients: ['0', '1', '4', '6', '9']
[2026-07-03 15:10:40] [INFO   ] [random_cifar10_a0.5_s42] [ROUND_07] Global Accuracy: 55.1600%
[2026-07-03 15:10:44] [INFO   ] [random_cifar10_a0.5_s42] [STRATEGY] [RANDOM] Round 08 | Selected 5 clients: ['0', '1', '5', '6', '7']
[2026-07-03 15:11:07] [INFO   ] [random_cifar10_a0.5_s42] [ROUND_08] Global Accuracy: 58.6500%
[2026-07-03 15:11:11] [INFO   ] [random_cifar10_a0.5_s42] [STRATEGY] [RANDOM] Round 09 | Selected 5 clients: ['1', '2', '3', '5', '8']
[2026-07-03 15:11:26] [INFO   ] [random_cifar10_a0.5_s42] [ROUND_09] Global Accuracy: 59.2600%
[2026-07-03 15:11:30] [INFO   ] [random_cifar10_a0.5_s42] [STRATEGY] [RANDOM] Round 10 | Selected 5 clients: ['0', '2', '3', '4', '9']
[2026-07-03 15:11:51] [INFO   ] [random_cifar10_a0.5_s42] [ROUND_10] Global Accuracy: 63.1000%
[2026-07-03 15:11:55] [INFO   ] [random_cifar10_a0.5_s42] [STRATEGY] [RANDOM] Round 11 | Selected 5 clients: ['4', '5', '6', '8', '9']
[2026-07-03 15:12:16] [INFO   ] [random_cifar10_a0.5_s42] [ROUND_11] Global Accuracy: 65.4300%
[2026-07-03 15:12:20] [INFO   ] [random_cifar10_a0.5_s42] [STRATEGY] [RANDOM] Round 12 | Selected 5 clients: ['2', '4', '6', '8', '9']
[2026-07-03 15:12:41] [INFO   ] [random_cifar10_a0.5_s42] [ROUND_12] Global Accuracy: 68.4900%
[2026-07-03 15:12:44] [INFO   ] [random_cifar10_a0.5_s42] [STRATEGY] [RANDOM] Round 13 | Selected 5 clients: ['2', '3', '4', '7', '8']
[2026-07-03 15:13:08] [INFO   ] [random_cifar10_a0.5_s42] [ROUND_13] Global Accuracy: 68.9500%
[2026-07-03 15:13:11] [INFO   ] [random_cifar10_a0.5_s42] [STRATEGY] [RANDOM] Round 14 | Selected 5 clients: ['2', '3', '5', '6', '8']
[2026-07-03 15:13:27] [INFO   ] [random_cifar10_a0.5_s42] [ROUND_14] Global Accuracy: 68.7200%
[2026-07-03 15:13:31] [INFO   ] [random_cifar10_a0.5_s42] [STRATEGY] [RANDOM] Round 15 | Selected 5 clients: ['1', '4', '5', '6', '9']
[2026-07-03 15:13:50] [INFO   ] [random_cifar10_a0.5_s42] [ROUND_15] Global Accuracy: 66.5000%
[2026-07-03 15:13:54] [INFO   ] [random_cifar10_a0.5_s42] [STRATEGY] [RANDOM] Round 16 | Selected 5 clients: ['1', '3', '5', '6', '9']
[2026-07-03 15:14:06] [INFO   ] [random_cifar10_a0.5_s42] [ROUND_16] Global Accuracy: 67.8500%
[2026-07-03 15:14:10] [INFO   ] [random_cifar10_a0.5_s42] [STRATEGY] [RANDOM] Round 17 | Selected 5 clients: ['2', '6', '7', '8', '9']
[2026-07-03 15:14:32] [INFO   ] [random_cifar10_a0.5_s42] [ROUND_17] Global Accuracy: 71.0600%
[2026-07-03 15:14:36] [INFO   ] [random_cifar10_a0.5_s42] [STRATEGY] [RANDOM] Round 18 | Selected 5 clients: ['0', '3', '4', '8', '9']
[2026-07-03 15:14:58] [INFO   ] [random_cifar10_a0.5_s42] [ROUND_18] Global Accuracy: 69.7400%
[2026-07-03 15:15:01] [INFO   ] [random_cifar10_a0.5_s42] [STRATEGY] [RANDOM] Round 19 | Selected 5 clients: ['0', '1', '5', '8', '9']
[2026-07-03 15:15:19] [INFO   ] [random_cifar10_a0.5_s42] [ROUND_19] Global Accuracy: 67.9300%
[2026-07-03 15:15:23] [INFO   ] [random_cifar10_a0.5_s42] [STRATEGY] [RANDOM] Round 20 | Selected 5 clients: ['0', '1', '4', '6', '8']
[2026-07-03 15:15:44] [INFO   ] [random_cifar10_a0.5_s42] [ROUND_20] Global Accuracy: 69.2800%
