[2026-07-06 12:07:00] [INFO   ] [GLOBAL] [CONFIG] ============================================================
[2026-07-06 12:07:00] [INFO   ] [GLOBAL] [CONFIG] EXPERIMENT CONFIGURATION
[2026-07-06 12:07:00] [INFO   ] [GLOBAL] [CONFIG] ============================================================
[2026-07-06 12:07:00] [INFO   ] [GLOBAL] [CONFIG]   experiment_id            : fairness_cifar10_a0.1_s456
[2026-07-06 12:07:00] [INFO   ] [GLOBAL] [CONFIG]   strategy                 : fairness
[2026-07-06 12:07:00] [INFO   ] [GLOBAL] [CONFIG]   dataset                  : cifar10
[2026-07-06 12:07:00] [INFO   ] [GLOBAL] [CONFIG]   alpha                    : 0.1
[2026-07-06 12:07:00] [INFO   ] [GLOBAL] [CONFIG]   seed                     : 456
[2026-07-06 12:07:00] [INFO   ] [GLOBAL] [CONFIG]   num_rounds               : 20
[2026-07-06 12:07:00] [INFO   ] [GLOBAL] [CONFIG]   num_clients              : 10
[2026-07-06 12:07:00] [INFO   ] [GLOBAL] [CONFIG]   clients_per_round        : 5
[2026-07-06 12:07:00] [INFO   ] [GLOBAL] [CONFIG]   local_epochs             : 3
[2026-07-06 12:07:00] [INFO   ] [GLOBAL] [CONFIG]   learning_rate            : 0.01
[2026-07-06 12:07:00] [INFO   ] [GLOBAL] [CONFIG]   device                   : cpu
[2026-07-06 12:07:00] [INFO   ] [GLOBAL] [CONFIG]   trace_mode               : False
[2026-07-06 12:07:00] [INFO   ] [GLOBAL] [CONFIG] ============================================================
[2026-07-06 12:07:00] [INFO   ] [fairness_cifar10_a0.1_s456] [SIMULATION] Starting simulation: 20 rounds | 10 clients | 5/round
[2026-07-06 12:07:09] [INFO   ] [fairness_cifar10_a0.1_s456] [ROUND_00] Global Accuracy: 10.4300%
[2026-07-06 12:07:09] [INFO   ] [fairness_cifar10_a0.1_s456] [STRATEGY] [FAIRNESS] Round 01 | Selected 5 clients via weighted sampling
  -------------------------------------------------------
  Client | Count |  Weight |   Prob | Picked
  -------------------------------------------------------
       0 |     0 |  1.0000 | 0.1000 |  ✓
       1 |     0 |  1.0000 | 0.1000 |  ✓
       2 |     0 |  1.0000 | 0.1000 |
       3 |     0 |  1.0000 | 0.1000 |
       4 |     0 |  1.0000 | 0.1000 |  ✓
       5 |     0 |  1.0000 | 0.1000 |
       6 |     0 |  1.0000 | 0.1000 |
       7 |     0 |  1.0000 | 0.1000 |  ✓
       8 |     0 |  1.0000 | 0.1000 |
       9 |     0 |  1.0000 | 0.1000 |  ✓
  -------------------------------------------------------
  → Selected: ['0', '1', '4', '7', '9']
[2026-07-06 12:07:19] [INFO   ] [fairness_cifar10_a0.1_s456] [ROUND_01] Global Accuracy: 10.2100%
[2026-07-06 12:07:26] [INFO   ] [fairness_cifar10_a0.1_s456] [STRATEGY] [FAIRNESS] Round 02 | Selected 5 clients via weighted sampling
  -------------------------------------------------------
  Client | Count |  Weight |   Prob | Picked
  -------------------------------------------------------
       0 |     1 |  0.5000 | 0.0667 |
       1 |     1 |  0.5000 | 0.0667 |
       2 |     0 |  1.0000 | 0.1333 |  ✓
       3 |     0 |  1.0000 | 0.1333 |  ✓
       4 |     1 |  0.5000 | 0.0667 |  ✓
       5 |     0 |  1.0000 | 0.1333 |
       6 |     0 |  1.0000 | 0.1333 |
       7 |     1 |  0.5000 | 0.0667 |  ✓
       8 |     0 |  1.0000 | 0.1333 |
       9 |     1 |  0.5000 | 0.0667 |  ✓
  -------------------------------------------------------
  → Selected: ['2', '3', '4', '7', '9']
[2026-07-06 12:07:39] [INFO   ] [fairness_cifar10_a0.1_s456] [ROUND_02] Global Accuracy: 19.1800%
[2026-07-06 12:07:44] [INFO   ] [fairness_cifar10_a0.1_s456] [STRATEGY] [FAIRNESS] Round 03 | Selected 5 clients via weighted sampling
  -------------------------------------------------------
  Client | Count |  Weight |   Prob | Picked
  -------------------------------------------------------
       0 |     1 |  0.5000 | 0.0833 |
       1 |     1 |  0.5000 | 0.0833 |
       2 |     1 |  0.5000 | 0.0833 |  ✓
       3 |     1 |  0.5000 | 0.0833 |  ✓
       4 |     2 |  0.3333 | 0.0556 |  ✓
       5 |     0 |  1.0000 | 0.1667 |  ✓
       6 |     0 |  1.0000 | 0.1667 |  ✓
       7 |     2 |  0.3333 | 0.0556 |
       8 |     0 |  1.0000 | 0.1667 |
       9 |     2 |  0.3333 | 0.0556 |
  -------------------------------------------------------
  → Selected: ['2', '3', '4', '5', '6']
[2026-07-06 12:08:14] [INFO   ] [fairness_cifar10_a0.1_s456] [ROUND_03] Global Accuracy: 25.2700%
[2026-07-06 12:08:19] [INFO   ] [fairness_cifar10_a0.1_s456] [STRATEGY] [FAIRNESS] Round 04 | Selected 5 clients via weighted sampling
  -------------------------------------------------------
  Client | Count |  Weight |   Prob | Picked
  -------------------------------------------------------
       0 |     1 |  0.5000 | 0.1091 |
       1 |     1 |  0.5000 | 0.1091 |  ✓
       2 |     2 |  0.3333 | 0.0727 |  ✓
       3 |     2 |  0.3333 | 0.0727 |
       4 |     3 |  0.2500 | 0.0545 |  ✓
       5 |     1 |  0.5000 | 0.1091 |
       6 |     1 |  0.5000 | 0.1091 |
       7 |     2 |  0.3333 | 0.0727 |  ✓
       8 |     0 |  1.0000 | 0.2182 |  ✓
       9 |     2 |  0.3333 | 0.0727 |
  -------------------------------------------------------
  → Selected: ['1', '2', '4', '7', '8']
[2026-07-06 12:08:41] [INFO   ] [fairness_cifar10_a0.1_s456] [ROUND_04] Global Accuracy: 27.8100%
[2026-07-06 12:08:46] [INFO   ] [fairness_cifar10_a0.1_s456] [STRATEGY] [FAIRNESS] Round 05 | Selected 5 clients via weighted sampling
  -------------------------------------------------------
  Client | Count |  Weight |   Prob | Picked
  -------------------------------------------------------
       0 |     1 |  0.5000 | 0.1351 |  ✓
       1 |     2 |  0.3333 | 0.0901 |
       2 |     3 |  0.2500 | 0.0676 |
       3 |     2 |  0.3333 | 0.0901 |  ✓
       4 |     4 |  0.2000 | 0.0541 |
       5 |     1 |  0.5000 | 0.1351 |  ✓
       6 |     1 |  0.5000 | 0.1351 |  ✓
       7 |     3 |  0.2500 | 0.0676 |
       8 |     1 |  0.5000 | 0.1351 |
       9 |     2 |  0.3333 | 0.0901 |  ✓
  -------------------------------------------------------
  → Selected: ['0', '3', '5', '6', '9']
[2026-07-06 12:09:15] [INFO   ] [fairness_cifar10_a0.1_s456] [ROUND_05] Global Accuracy: 28.9100%
[2026-07-06 12:09:20] [INFO   ] [fairness_cifar10_a0.1_s456] [STRATEGY] [FAIRNESS] Round 06 | Selected 5 clients via weighted sampling
  -------------------------------------------------------
  Client | Count |  Weight |   Prob | Picked
  -------------------------------------------------------
       0 |     2 |  0.3333 | 0.1099 |
       1 |     2 |  0.3333 | 0.1099 |
       2 |     3 |  0.2500 | 0.0824 |
       3 |     3 |  0.2500 | 0.0824 |  ✓
       4 |     4 |  0.2000 | 0.0659 |
       5 |     2 |  0.3333 | 0.1099 |  ✓
       6 |     2 |  0.3333 | 0.1099 |  ✓
       7 |     3 |  0.2500 | 0.0824 |
       8 |     1 |  0.5000 | 0.1648 |  ✓
       9 |     3 |  0.2500 | 0.0824 |  ✓
  -------------------------------------------------------
  → Selected: ['3', '5', '6', '8', '9']
[2026-07-06 12:09:50] [INFO   ] [fairness_cifar10_a0.1_s456] [ROUND_06] Global Accuracy: 40.8600%
[2026-07-06 12:09:55] [INFO   ] [fairness_cifar10_a0.1_s456] [STRATEGY] [FAIRNESS] Round 07 | Selected 5 clients via weighted sampling
  -------------------------------------------------------
  Client | Count |  Weight |   Prob | Picked
  -------------------------------------------------------
       0 |     2 |  0.3333 | 0.1282 |  ✓
       1 |     2 |  0.3333 | 0.1282 |
       2 |     3 |  0.2500 | 0.0962 |
       3 |     4 |  0.2000 | 0.0769 |  ✓
       4 |     4 |  0.2000 | 0.0769 |
       5 |     3 |  0.2500 | 0.0962 |
       6 |     3 |  0.2500 | 0.0962 |  ✓
       7 |     3 |  0.2500 | 0.0962 |  ✓
       8 |     2 |  0.3333 | 0.1282 |
       9 |     4 |  0.2000 | 0.0769 |  ✓
  -------------------------------------------------------
  → Selected: ['0', '3', '6', '7', '9']
[2026-07-06 12:10:19] [INFO   ] [fairness_cifar10_a0.1_s456] [ROUND_07] Global Accuracy: 40.6300%
[2026-07-06 12:10:23] [INFO   ] [fairness_cifar10_a0.1_s456] [STRATEGY] [FAIRNESS] Round 08 | Selected 5 clients via weighted sampling
  -------------------------------------------------------
  Client | Count |  Weight |   Prob | Picked
  -------------------------------------------------------
       0 |     3 |  0.2500 | 0.1064 |
       1 |     2 |  0.3333 | 0.1418 |
       2 |     3 |  0.2500 | 0.1064 |  ✓
       3 |     5 |  0.1667 | 0.0709 |  ✓
       4 |     4 |  0.2000 | 0.0851 |  ✓
       5 |     3 |  0.2500 | 0.1064 |
       6 |     4 |  0.2000 | 0.0851 |  ✓
       7 |     4 |  0.2000 | 0.0851 |
       8 |     2 |  0.3333 | 0.1418 |  ✓
       9 |     5 |  0.1667 | 0.0709 |
  -------------------------------------------------------
  → Selected: ['2', '3', '4', '6', '8']
[2026-07-06 12:10:48] [INFO   ] [fairness_cifar10_a0.1_s456] [ROUND_08] Global Accuracy: 45.9500%
[2026-07-06 12:10:53] [INFO   ] [fairness_cifar10_a0.1_s456] [STRATEGY] [FAIRNESS] Round 09 | Selected 5 clients via weighted sampling
  -------------------------------------------------------
  Client | Count |  Weight |   Prob | Picked
  -------------------------------------------------------
       0 |     3 |  0.2500 | 0.1176 |
       1 |     2 |  0.3333 | 0.1568 |  ✓
       2 |     4 |  0.2000 | 0.0941 |  ✓
       3 |     6 |  0.1429 | 0.0672 |
       4 |     5 |  0.1667 | 0.0784 |
       5 |     3 |  0.2500 | 0.1176 |  ✓
       6 |     5 |  0.1667 | 0.0784 |  ✓
       7 |     4 |  0.2000 | 0.0941 |
       8 |     3 |  0.2500 | 0.1176 |
       9 |     5 |  0.1667 | 0.0784 |  ✓
  -------------------------------------------------------
  → Selected: ['1', '2', '5', '6', '9']
[2026-07-06 12:11:23] [INFO   ] [fairness_cifar10_a0.1_s456] [ROUND_09] Global Accuracy: 43.3900%
[2026-07-06 12:11:27] [INFO   ] [fairness_cifar10_a0.1_s456] [STRATEGY] [FAIRNESS] Round 10 | Selected 5 clients via weighted sampling
  -------------------------------------------------------
  Client | Count |  Weight |   Prob | Picked
  -------------------------------------------------------
       0 |     3 |  0.2500 | 0.1308 |  ✓
       1 |     3 |  0.2500 | 0.1308 |  ✓
       2 |     5 |  0.1667 | 0.0872 |  ✓
       3 |     6 |  0.1429 | 0.0747 |
       4 |     5 |  0.1667 | 0.0872 |
       5 |     4 |  0.2000 | 0.1046 |
       6 |     6 |  0.1429 | 0.0747 |
       7 |     4 |  0.2000 | 0.1046 |  ✓
       8 |     3 |  0.2500 | 0.1308 |
       9 |     6 |  0.1429 | 0.0747 |  ✓
  -------------------------------------------------------
  → Selected: ['0', '1', '2', '7', '9']
[2026-07-06 12:11:39] [INFO   ] [fairness_cifar10_a0.1_s456] [ROUND_10] Global Accuracy: 48.9800%
[2026-07-06 12:11:44] [INFO   ] [fairness_cifar10_a0.1_s456] [STRATEGY] [FAIRNESS] Round 11 | Selected 5 clients via weighted sampling
  -------------------------------------------------------
  Client | Count |  Weight |   Prob | Picked
  -------------------------------------------------------
       0 |     4 |  0.2000 | 0.1151 |  ✓
       1 |     4 |  0.2000 | 0.1151 |  ✓
       2 |     6 |  0.1429 | 0.0822 |
       3 |     6 |  0.1429 | 0.0822 |
       4 |     5 |  0.1667 | 0.0960 |
       5 |     4 |  0.2000 | 0.1151 |  ✓
       6 |     6 |  0.1429 | 0.0822 |
       7 |     5 |  0.1667 | 0.0960 |
       8 |     3 |  0.2500 | 0.1439 |  ✓
       9 |     7 |  0.1250 | 0.0720 |  ✓
  -------------------------------------------------------
  → Selected: ['0', '1', '5', '8', '9']
[2026-07-06 12:12:14] [INFO   ] [fairness_cifar10_a0.1_s456] [ROUND_11] Global Accuracy: 39.7200%
[2026-07-06 12:12:18] [INFO   ] [fairness_cifar10_a0.1_s456] [STRATEGY] [FAIRNESS] Round 12 | Selected 5 clients via weighted sampling
  -------------------------------------------------------
  Client | Count |  Weight |   Prob | Picked
  -------------------------------------------------------
       0 |     5 |  0.1667 | 0.1060 |
       1 |     5 |  0.1667 | 0.1060 |  ✓
       2 |     6 |  0.1429 | 0.0908 |
       3 |     6 |  0.1429 | 0.0908 |  ✓
       4 |     5 |  0.1667 | 0.1060 |  ✓
       5 |     5 |  0.1667 | 0.1060 |
       6 |     6 |  0.1429 | 0.0908 |
       7 |     5 |  0.1667 | 0.1060 |  ✓
       8 |     4 |  0.2000 | 0.1271 |  ✓
       9 |     8 |  0.1111 | 0.0706 |
  -------------------------------------------------------
  → Selected: ['1', '3', '4', '7', '8']
[2026-07-06 12:12:40] [INFO   ] [fairness_cifar10_a0.1_s456] [ROUND_12] Global Accuracy: 35.6100%
[2026-07-06 12:12:44] [INFO   ] [fairness_cifar10_a0.1_s456] [STRATEGY] [FAIRNESS] Round 13 | Selected 5 clients via weighted sampling
  -------------------------------------------------------
  Client | Count |  Weight |   Prob | Picked
  -------------------------------------------------------
       0 |     5 |  0.1667 | 0.1149 |
       1 |     6 |  0.1429 | 0.0985 |
       2 |     6 |  0.1429 | 0.0985 |  ✓
       3 |     7 |  0.1250 | 0.0862 |  ✓
       4 |     6 |  0.1429 | 0.0985 |
       5 |     5 |  0.1667 | 0.1149 |
       6 |     6 |  0.1429 | 0.0985 |  ✓
       7 |     6 |  0.1429 | 0.0985 |  ✓
       8 |     5 |  0.1667 | 0.1149 |  ✓
       9 |     8 |  0.1111 | 0.0766 |
  -------------------------------------------------------
  → Selected: ['2', '3', '6', '7', '8']
[2026-07-06 12:13:10] [INFO   ] [fairness_cifar10_a0.1_s456] [ROUND_13] Global Accuracy: 49.7800%
[2026-07-06 12:13:14] [INFO   ] [fairness_cifar10_a0.1_s456] [STRATEGY] [FAIRNESS] Round 14 | Selected 5 clients via weighted sampling
  -------------------------------------------------------
  Client | Count |  Weight |   Prob | Picked
  -------------------------------------------------------
       0 |     5 |  0.1667 | 0.1226 |  ✓
       1 |     6 |  0.1429 | 0.1051 |
       2 |     7 |  0.1250 | 0.0920 |  ✓
       3 |     8 |  0.1111 | 0.0818 |
       4 |     6 |  0.1429 | 0.1051 |
       5 |     5 |  0.1667 | 0.1226 |  ✓
       6 |     7 |  0.1250 | 0.0920 |  ✓
       7 |     7 |  0.1250 | 0.0920 |
       8 |     6 |  0.1429 | 0.1051 |  ✓
       9 |     8 |  0.1111 | 0.0818 |
  -------------------------------------------------------
  → Selected: ['0', '2', '5', '6', '8']
[2026-07-06 12:13:46] [INFO   ] [fairness_cifar10_a0.1_s456] [ROUND_14] Global Accuracy: 55.7400%
[2026-07-06 12:13:50] [INFO   ] [fairness_cifar10_a0.1_s456] [STRATEGY] [FAIRNESS] Round 15 | Selected 5 clients via weighted sampling
  -------------------------------------------------------
  Client | Count |  Weight |   Prob | Picked
  -------------------------------------------------------
       0 |     6 |  0.1429 | 0.1129 |  ✓
       1 |     6 |  0.1429 | 0.1129 |  ✓
       2 |     8 |  0.1111 | 0.0878 |
       3 |     8 |  0.1111 | 0.0878 |
       4 |     6 |  0.1429 | 0.1129 |  ✓
       5 |     6 |  0.1429 | 0.1129 |  ✓
       6 |     8 |  0.1111 | 0.0878 |
       7 |     7 |  0.1250 | 0.0987 |
       8 |     7 |  0.1250 | 0.0987 |
       9 |     8 |  0.1111 | 0.0878 |  ✓
  -------------------------------------------------------
  → Selected: ['0', '1', '4', '5', '9']
[2026-07-06 12:14:17] [INFO   ] [fairness_cifar10_a0.1_s456] [ROUND_15] Global Accuracy: 37.5300%
[2026-07-06 12:14:22] [INFO   ] [fairness_cifar10_a0.1_s456] [STRATEGY] [FAIRNESS] Round 16 | Selected 5 clients via weighted sampling
  -------------------------------------------------------
  Client | Count |  Weight |   Prob | Picked
  -------------------------------------------------------
       0 |     7 |  0.1250 | 0.1056 |  ✓
       1 |     7 |  0.1250 | 0.1056 |  ✓
       2 |     8 |  0.1111 | 0.0939 |  ✓
       3 |     8 |  0.1111 | 0.0939 |
       4 |     7 |  0.1250 | 0.1056 |
       5 |     7 |  0.1250 | 0.1056 |
       6 |     8 |  0.1111 | 0.0939 |  ✓
       7 |     7 |  0.1250 | 0.1056 |
       8 |     7 |  0.1250 | 0.1056 |  ✓
       9 |     9 |  0.1000 | 0.0845 |
  -------------------------------------------------------
  → Selected: ['0', '1', '2', '6', '8']
[2026-07-06 12:14:47] [INFO   ] [fairness_cifar10_a0.1_s456] [ROUND_16] Global Accuracy: 50.4500%
[2026-07-06 12:14:52] [INFO   ] [fairness_cifar10_a0.1_s456] [STRATEGY] [FAIRNESS] Round 17 | Selected 5 clients via weighted sampling
  -------------------------------------------------------
  Client | Count |  Weight |   Prob | Picked
  -------------------------------------------------------
       0 |     8 |  0.1111 | 0.0993 |
       1 |     8 |  0.1111 | 0.0993 |
       2 |     9 |  0.1000 | 0.0893 |  ✓
       3 |     8 |  0.1111 | 0.0993 |  ✓
       4 |     7 |  0.1250 | 0.1117 |
       5 |     7 |  0.1250 | 0.1117 |
       6 |     9 |  0.1000 | 0.0893 |
       7 |     7 |  0.1250 | 0.1117 |  ✓
       8 |     8 |  0.1111 | 0.0993 |  ✓
       9 |     9 |  0.1000 | 0.0893 |  ✓
  -------------------------------------------------------
  → Selected: ['2', '3', '7', '8', '9']
[2026-07-06 12:15:14] [INFO   ] [fairness_cifar10_a0.1_s456] [ROUND_17] Global Accuracy: 42.8800%
[2026-07-06 12:15:18] [INFO   ] [fairness_cifar10_a0.1_s456] [STRATEGY] [FAIRNESS] Round 18 | Selected 5 clients via weighted sampling
  -------------------------------------------------------
  Client | Count |  Weight |   Prob | Picked
  -------------------------------------------------------
       0 |     8 |  0.1111 | 0.1043 |
       1 |     8 |  0.1111 | 0.1043 |  ✓
       2 |    10 |  0.0909 | 0.0853 |  ✓
       3 |     9 |  0.1000 | 0.0939 |
       4 |     7 |  0.1250 | 0.1174 |  ✓
       5 |     7 |  0.1250 | 0.1174 |
       6 |     9 |  0.1000 | 0.0939 |
       7 |     8 |  0.1111 | 0.1043 |  ✓
       8 |     9 |  0.1000 | 0.0939 |
       9 |    10 |  0.0909 | 0.0853 |  ✓
  -------------------------------------------------------
  → Selected: ['1', '2', '4', '7', '9']
[2026-07-06 12:15:30] [INFO   ] [fairness_cifar10_a0.1_s456] [ROUND_18] Global Accuracy: 42.3400%
[2026-07-06 12:15:35] [INFO   ] [fairness_cifar10_a0.1_s456] [STRATEGY] [FAIRNESS] Round 19 | Selected 5 clients via weighted sampling
  -------------------------------------------------------
  Client | Count |  Weight |   Prob | Picked
  -------------------------------------------------------
       0 |     8 |  0.1111 | 0.1096 |  ✓
       1 |     9 |  0.1000 | 0.0986 |  ✓
       2 |    11 |  0.0833 | 0.0822 |
       3 |     9 |  0.1000 | 0.0986 |
       4 |     8 |  0.1111 | 0.1096 |  ✓
       5 |     7 |  0.1250 | 0.1233 |  ✓
       6 |     9 |  0.1000 | 0.0986 |  ✓
       7 |     9 |  0.1000 | 0.0986 |
       8 |     9 |  0.1000 | 0.0986 |
       9 |    11 |  0.0833 | 0.0822 |
  -------------------------------------------------------
  → Selected: ['0', '1', '4', '5', '6']
[2026-07-06 12:16:03] [INFO   ] [fairness_cifar10_a0.1_s456] [ROUND_19] Global Accuracy: 47.1100%
[2026-07-06 12:16:08] [INFO   ] [fairness_cifar10_a0.1_s456] [STRATEGY] [FAIRNESS] Round 20 | Selected 5 clients via weighted sampling
  -------------------------------------------------------
  Client | Count |  Weight |   Prob | Picked
  -------------------------------------------------------
       0 |     9 |  0.1000 | 0.1042 |
       1 |    10 |  0.0909 | 0.0947 |
       2 |    11 |  0.0833 | 0.0868 |
       3 |     9 |  0.1000 | 0.1042 |
       4 |     9 |  0.1000 | 0.1042 |  ✓
       5 |     8 |  0.1111 | 0.1158 |  ✓
       6 |    10 |  0.0909 | 0.0947 |  ✓
       7 |     9 |  0.1000 | 0.1042 |  ✓
       8 |     9 |  0.1000 | 0.1042 |
       9 |    11 |  0.0833 | 0.0868 |  ✓
  -------------------------------------------------------
  → Selected: ['4', '5', '6', '7', '9']
[2026-07-06 12:16:37] [INFO   ] [fairness_cifar10_a0.1_s456] [ROUND_20] Global Accuracy: 51.9400%
