[2026-07-06 10:53:17] [INFO   ] [GLOBAL] [CONFIG] ============================================================
[2026-07-06 10:53:17] [INFO   ] [GLOBAL] [CONFIG] EXPERIMENT CONFIGURATION
[2026-07-06 10:53:17] [INFO   ] [GLOBAL] [CONFIG] ============================================================
[2026-07-06 10:53:17] [INFO   ] [GLOBAL] [CONFIG]   experiment_id            : performance_cifar10_a1.0_s123
[2026-07-06 10:53:17] [INFO   ] [GLOBAL] [CONFIG]   strategy                 : performance
[2026-07-06 10:53:17] [INFO   ] [GLOBAL] [CONFIG]   dataset                  : cifar10
[2026-07-06 10:53:17] [INFO   ] [GLOBAL] [CONFIG]   alpha                    : 1.0
[2026-07-06 10:53:17] [INFO   ] [GLOBAL] [CONFIG]   seed                     : 123
[2026-07-06 10:53:17] [INFO   ] [GLOBAL] [CONFIG]   num_rounds               : 20
[2026-07-06 10:53:17] [INFO   ] [GLOBAL] [CONFIG]   num_clients              : 10
[2026-07-06 10:53:17] [INFO   ] [GLOBAL] [CONFIG]   clients_per_round        : 5
[2026-07-06 10:53:17] [INFO   ] [GLOBAL] [CONFIG]   local_epochs             : 3
[2026-07-06 10:53:17] [INFO   ] [GLOBAL] [CONFIG]   learning_rate            : 0.01
[2026-07-06 10:53:17] [INFO   ] [GLOBAL] [CONFIG]   device                   : cpu
[2026-07-06 10:53:17] [INFO   ] [GLOBAL] [CONFIG]   trace_mode               : False
[2026-07-06 10:53:17] [INFO   ] [GLOBAL] [CONFIG] ============================================================
[2026-07-06 10:53:18] [INFO   ] [performance_cifar10_a1.0_s123] [SIMULATION] Starting simulation: 20 rounds | 10 clients | 5/round
[2026-07-06 10:53:26] [INFO   ] [performance_cifar10_a1.0_s123] [ROUND_00] Global Accuracy: 9.3200%
[2026-07-06 10:53:26] [INFO   ] [performance_cifar10_a1.0_s123] [STRATEGY] [PERFORMANCE] Round 01 | Selected 5 clients (by latency ascending)
  Rank 01 | Client   4 | Latency:    9.18 ms
  Rank 02 | Client   1 | Latency:   11.70 ms
  Rank 03 | Client   7 | Latency:   15.46 ms
  Rank 04 | Client   2 | Latency:   25.18 ms
  Rank 05 | Client   3 | Latency:   30.80 ms
  [NOT SELECTED]: ['8', '0', '9', '5', '6']
[2026-07-06 10:53:46] [INFO   ] [performance_cifar10_a1.0_s123] [ROUND_01] Global Accuracy: 14.3500%
[2026-07-06 10:53:51] [INFO   ] [performance_cifar10_a1.0_s123] [STRATEGY] [PERFORMANCE] Round 02 | Selected 5 clients (by latency ascending)
  Rank 01 | Client   4 | Latency:    9.18 ms
  Rank 02 | Client   1 | Latency:   11.70 ms
  Rank 03 | Client   7 | Latency:   15.46 ms
  Rank 04 | Client   2 | Latency:   25.18 ms
  Rank 05 | Client   3 | Latency:   30.80 ms
  [NOT SELECTED]: ['8', '0', '9', '5', '6']
[2026-07-06 10:54:08] [INFO   ] [performance_cifar10_a1.0_s123] [ROUND_02] Global Accuracy: 37.2900%
[2026-07-06 10:54:11] [INFO   ] [performance_cifar10_a1.0_s123] [STRATEGY] [PERFORMANCE] Round 03 | Selected 5 clients (by latency ascending)
  Rank 01 | Client   4 | Latency:    9.18 ms
  Rank 02 | Client   1 | Latency:   11.70 ms
  Rank 03 | Client   7 | Latency:   15.46 ms
  Rank 04 | Client   2 | Latency:   25.18 ms
  Rank 05 | Client   3 | Latency:   30.80 ms
  [NOT SELECTED]: ['8', '0', '9', '5', '6']
[2026-07-06 10:54:29] [INFO   ] [performance_cifar10_a1.0_s123] [ROUND_03] Global Accuracy: 46.5700%
[2026-07-06 10:54:32] [INFO   ] [performance_cifar10_a1.0_s123] [STRATEGY] [PERFORMANCE] Round 04 | Selected 5 clients (by latency ascending)
  Rank 01 | Client   4 | Latency:    9.18 ms
  Rank 02 | Client   1 | Latency:   11.70 ms
  Rank 03 | Client   7 | Latency:   15.46 ms
  Rank 04 | Client   2 | Latency:   25.18 ms
  Rank 05 | Client   3 | Latency:   30.80 ms
  [NOT SELECTED]: ['8', '0', '9', '5', '6']
[2026-07-06 10:54:49] [INFO   ] [performance_cifar10_a1.0_s123] [ROUND_04] Global Accuracy: 56.1000%
[2026-07-06 10:54:52] [INFO   ] [performance_cifar10_a1.0_s123] [STRATEGY] [PERFORMANCE] Round 05 | Selected 5 clients (by latency ascending)
  Rank 01 | Client   4 | Latency:    9.18 ms
  Rank 02 | Client   1 | Latency:   11.70 ms
  Rank 03 | Client   7 | Latency:   15.46 ms
  Rank 04 | Client   2 | Latency:   25.18 ms
  Rank 05 | Client   3 | Latency:   30.80 ms
  [NOT SELECTED]: ['8', '0', '9', '5', '6']
[2026-07-06 10:55:09] [INFO   ] [performance_cifar10_a1.0_s123] [ROUND_05] Global Accuracy: 60.5500%
[2026-07-06 10:55:12] [INFO   ] [performance_cifar10_a1.0_s123] [STRATEGY] [PERFORMANCE] Round 06 | Selected 5 clients (by latency ascending)
  Rank 01 | Client   4 | Latency:    9.18 ms
  Rank 02 | Client   1 | Latency:   11.70 ms
  Rank 03 | Client   7 | Latency:   15.46 ms
  Rank 04 | Client   2 | Latency:   25.18 ms
  Rank 05 | Client   3 | Latency:   30.80 ms
  [NOT SELECTED]: ['8', '0', '9', '5', '6']
[2026-07-06 10:55:29] [INFO   ] [performance_cifar10_a1.0_s123] [ROUND_06] Global Accuracy: 63.4300%
[2026-07-06 10:55:32] [INFO   ] [performance_cifar10_a1.0_s123] [STRATEGY] [PERFORMANCE] Round 07 | Selected 5 clients (by latency ascending)
  Rank 01 | Client   4 | Latency:    9.18 ms
  Rank 02 | Client   1 | Latency:   11.70 ms
  Rank 03 | Client   7 | Latency:   15.46 ms
  Rank 04 | Client   2 | Latency:   25.18 ms
  Rank 05 | Client   3 | Latency:   30.80 ms
  [NOT SELECTED]: ['8', '0', '9', '5', '6']
[2026-07-06 10:55:49] [INFO   ] [performance_cifar10_a1.0_s123] [ROUND_07] Global Accuracy: 64.0500%
[2026-07-06 10:55:52] [INFO   ] [performance_cifar10_a1.0_s123] [STRATEGY] [PERFORMANCE] Round 08 | Selected 5 clients (by latency ascending)
  Rank 01 | Client   4 | Latency:    9.18 ms
  Rank 02 | Client   1 | Latency:   11.70 ms
  Rank 03 | Client   7 | Latency:   15.46 ms
  Rank 04 | Client   2 | Latency:   25.18 ms
  Rank 05 | Client   3 | Latency:   30.80 ms
  [NOT SELECTED]: ['8', '0', '9', '5', '6']
[2026-07-06 10:56:10] [INFO   ] [performance_cifar10_a1.0_s123] [ROUND_08] Global Accuracy: 66.7300%
[2026-07-06 10:56:12] [INFO   ] [performance_cifar10_a1.0_s123] [STRATEGY] [PERFORMANCE] Round 09 | Selected 5 clients (by latency ascending)
  Rank 01 | Client   4 | Latency:    9.18 ms
  Rank 02 | Client   1 | Latency:   11.70 ms
  Rank 03 | Client   7 | Latency:   15.46 ms
  Rank 04 | Client   2 | Latency:   25.18 ms
  Rank 05 | Client   3 | Latency:   30.80 ms
  [NOT SELECTED]: ['8', '0', '9', '5', '6']
[2026-07-06 10:56:29] [INFO   ] [performance_cifar10_a1.0_s123] [ROUND_09] Global Accuracy: 67.2700%
[2026-07-06 10:56:32] [INFO   ] [performance_cifar10_a1.0_s123] [STRATEGY] [PERFORMANCE] Round 10 | Selected 5 clients (by latency ascending)
  Rank 01 | Client   4 | Latency:    9.18 ms
  Rank 02 | Client   1 | Latency:   11.70 ms
  Rank 03 | Client   7 | Latency:   15.46 ms
  Rank 04 | Client   2 | Latency:   25.18 ms
  Rank 05 | Client   3 | Latency:   30.80 ms
  [NOT SELECTED]: ['8', '0', '9', '5', '6']
[2026-07-06 10:56:49] [INFO   ] [performance_cifar10_a1.0_s123] [ROUND_10] Global Accuracy: 67.2100%
[2026-07-06 10:56:52] [INFO   ] [performance_cifar10_a1.0_s123] [STRATEGY] [PERFORMANCE] Round 11 | Selected 5 clients (by latency ascending)
  Rank 01 | Client   4 | Latency:    9.18 ms
  Rank 02 | Client   1 | Latency:   11.70 ms
  Rank 03 | Client   7 | Latency:   15.46 ms
  Rank 04 | Client   2 | Latency:   25.18 ms
  Rank 05 | Client   3 | Latency:   30.80 ms
  [NOT SELECTED]: ['8', '0', '9', '5', '6']
[2026-07-06 10:57:09] [INFO   ] [performance_cifar10_a1.0_s123] [ROUND_11] Global Accuracy: 68.2500%
[2026-07-06 10:57:12] [INFO   ] [performance_cifar10_a1.0_s123] [STRATEGY] [PERFORMANCE] Round 12 | Selected 5 clients (by latency ascending)
  Rank 01 | Client   4 | Latency:    9.18 ms
  Rank 02 | Client   1 | Latency:   11.70 ms
  Rank 03 | Client   7 | Latency:   15.46 ms
  Rank 04 | Client   2 | Latency:   25.18 ms
  Rank 05 | Client   3 | Latency:   30.80 ms
  [NOT SELECTED]: ['8', '0', '9', '5', '6']
[2026-07-06 10:57:29] [INFO   ] [performance_cifar10_a1.0_s123] [ROUND_12] Global Accuracy: 68.8000%
[2026-07-06 10:57:32] [INFO   ] [performance_cifar10_a1.0_s123] [STRATEGY] [PERFORMANCE] Round 13 | Selected 5 clients (by latency ascending)
  Rank 01 | Client   4 | Latency:    9.18 ms
  Rank 02 | Client   1 | Latency:   11.70 ms
  Rank 03 | Client   7 | Latency:   15.46 ms
  Rank 04 | Client   2 | Latency:   25.18 ms
  Rank 05 | Client   3 | Latency:   30.80 ms
  [NOT SELECTED]: ['8', '0', '9', '5', '6']
[2026-07-06 10:57:49] [INFO   ] [performance_cifar10_a1.0_s123] [ROUND_13] Global Accuracy: 68.9900%
[2026-07-06 10:57:52] [INFO   ] [performance_cifar10_a1.0_s123] [STRATEGY] [PERFORMANCE] Round 14 | Selected 5 clients (by latency ascending)
  Rank 01 | Client   4 | Latency:    9.18 ms
  Rank 02 | Client   1 | Latency:   11.70 ms
  Rank 03 | Client   7 | Latency:   15.46 ms
  Rank 04 | Client   2 | Latency:   25.18 ms
  Rank 05 | Client   3 | Latency:   30.80 ms
  [NOT SELECTED]: ['8', '0', '9', '5', '6']
[2026-07-06 10:58:09] [INFO   ] [performance_cifar10_a1.0_s123] [ROUND_14] Global Accuracy: 69.3000%
[2026-07-06 10:58:12] [INFO   ] [performance_cifar10_a1.0_s123] [STRATEGY] [PERFORMANCE] Round 15 | Selected 5 clients (by latency ascending)
  Rank 01 | Client   4 | Latency:    9.18 ms
  Rank 02 | Client   1 | Latency:   11.70 ms
  Rank 03 | Client   7 | Latency:   15.46 ms
  Rank 04 | Client   2 | Latency:   25.18 ms
  Rank 05 | Client   3 | Latency:   30.80 ms
  [NOT SELECTED]: ['8', '0', '9', '5', '6']
[2026-07-06 10:58:29] [INFO   ] [performance_cifar10_a1.0_s123] [ROUND_15] Global Accuracy: 68.9300%
[2026-07-06 10:58:32] [INFO   ] [performance_cifar10_a1.0_s123] [STRATEGY] [PERFORMANCE] Round 16 | Selected 5 clients (by latency ascending)
  Rank 01 | Client   4 | Latency:    9.18 ms
  Rank 02 | Client   1 | Latency:   11.70 ms
  Rank 03 | Client   7 | Latency:   15.46 ms
  Rank 04 | Client   2 | Latency:   25.18 ms
  Rank 05 | Client   3 | Latency:   30.80 ms
  [NOT SELECTED]: ['8', '0', '9', '5', '6']
[2026-07-06 10:58:49] [INFO   ] [performance_cifar10_a1.0_s123] [ROUND_16] Global Accuracy: 69.2600%
[2026-07-06 10:58:51] [INFO   ] [performance_cifar10_a1.0_s123] [STRATEGY] [PERFORMANCE] Round 17 | Selected 5 clients (by latency ascending)
  Rank 01 | Client   4 | Latency:    9.18 ms
  Rank 02 | Client   1 | Latency:   11.70 ms
  Rank 03 | Client   7 | Latency:   15.46 ms
  Rank 04 | Client   2 | Latency:   25.18 ms
  Rank 05 | Client   3 | Latency:   30.80 ms
  [NOT SELECTED]: ['8', '0', '9', '5', '6']
[2026-07-06 10:59:08] [INFO   ] [performance_cifar10_a1.0_s123] [ROUND_17] Global Accuracy: 67.9200%
[2026-07-06 10:59:11] [INFO   ] [performance_cifar10_a1.0_s123] [STRATEGY] [PERFORMANCE] Round 18 | Selected 5 clients (by latency ascending)
  Rank 01 | Client   4 | Latency:    9.18 ms
  Rank 02 | Client   1 | Latency:   11.70 ms
  Rank 03 | Client   7 | Latency:   15.46 ms
  Rank 04 | Client   2 | Latency:   25.18 ms
  Rank 05 | Client   3 | Latency:   30.80 ms
  [NOT SELECTED]: ['8', '0', '9', '5', '6']
[2026-07-06 10:59:28] [INFO   ] [performance_cifar10_a1.0_s123] [ROUND_18] Global Accuracy: 69.1200%
[2026-07-06 10:59:31] [INFO   ] [performance_cifar10_a1.0_s123] [STRATEGY] [PERFORMANCE] Round 19 | Selected 5 clients (by latency ascending)
  Rank 01 | Client   4 | Latency:    9.18 ms
  Rank 02 | Client   1 | Latency:   11.70 ms
  Rank 03 | Client   7 | Latency:   15.46 ms
  Rank 04 | Client   2 | Latency:   25.18 ms
  Rank 05 | Client   3 | Latency:   30.80 ms
  [NOT SELECTED]: ['8', '0', '9', '5', '6']
[2026-07-06 10:59:48] [INFO   ] [performance_cifar10_a1.0_s123] [ROUND_19] Global Accuracy: 69.8000%
[2026-07-06 10:59:51] [INFO   ] [performance_cifar10_a1.0_s123] [STRATEGY] [PERFORMANCE] Round 20 | Selected 5 clients (by latency ascending)
  Rank 01 | Client   4 | Latency:    9.18 ms
  Rank 02 | Client   1 | Latency:   11.70 ms
  Rank 03 | Client   7 | Latency:   15.46 ms
  Rank 04 | Client   2 | Latency:   25.18 ms
  Rank 05 | Client   3 | Latency:   30.80 ms
  [NOT SELECTED]: ['8', '0', '9', '5', '6']
[2026-07-06 11:00:08] [INFO   ] [performance_cifar10_a1.0_s123] [ROUND_20] Global Accuracy: 69.2500%
