[2026-07-03 14:06:28] [INFO   ] [GLOBAL] [CONFIG] ============================================================
[2026-07-03 14:06:28] [INFO   ] [GLOBAL] [CONFIG] EXPERIMENT CONFIGURATION
[2026-07-03 14:06:28] [INFO   ] [GLOBAL] [CONFIG] ============================================================
[2026-07-03 14:06:28] [INFO   ] [GLOBAL] [CONFIG]   experiment_id            : random_mnist_a0.1_s456
[2026-07-03 14:06:28] [INFO   ] [GLOBAL] [CONFIG]   strategy                 : random
[2026-07-03 14:06:28] [INFO   ] [GLOBAL] [CONFIG]   dataset                  : mnist
[2026-07-03 14:06:28] [INFO   ] [GLOBAL] [CONFIG]   alpha                    : 0.1
[2026-07-03 14:06:28] [INFO   ] [GLOBAL] [CONFIG]   seed                     : 456
[2026-07-03 14:06:28] [INFO   ] [GLOBAL] [CONFIG]   num_rounds               : 20
[2026-07-03 14:06:28] [INFO   ] [GLOBAL] [CONFIG]   num_clients              : 10
[2026-07-03 14:06:28] [INFO   ] [GLOBAL] [CONFIG]   clients_per_round        : 5
[2026-07-03 14:06:28] [INFO   ] [GLOBAL] [CONFIG]   local_epochs             : 3
[2026-07-03 14:06:28] [INFO   ] [GLOBAL] [CONFIG]   learning_rate            : 0.01
[2026-07-03 14:06:28] [INFO   ] [GLOBAL] [CONFIG]   device                   : cpu
[2026-07-03 14:06:28] [INFO   ] [GLOBAL] [CONFIG]   trace_mode               : False
[2026-07-03 14:06:28] [INFO   ] [GLOBAL] [CONFIG] ============================================================
[2026-07-03 14:06:28] [INFO   ] [random_mnist_a0.1_s456] [SIMULATION] Starting simulation: 20 rounds | 10 clients | 5/round
[2026-07-03 14:06:35] [INFO   ] [random_mnist_a0.1_s456] [ROUND_00] Global Accuracy: 18.8600%
[2026-07-03 14:06:35] [INFO   ] [random_mnist_a0.1_s456] [STRATEGY] [RANDOM] Round 01 | Selected 5 clients: ['0', '3', '4', '6', '9']
[2026-07-03 14:06:52] [INFO   ] [random_mnist_a0.1_s456] [ROUND_01] Global Accuracy: 56.5400%
[2026-07-03 14:06:56] [INFO   ] [random_mnist_a0.1_s456] [STRATEGY] [RANDOM] Round 02 | Selected 5 clients: ['0', '3', '7', '8', '9']
[2026-07-03 14:07:05] [INFO   ] [random_mnist_a0.1_s456] [ROUND_02] Global Accuracy: 65.8200%
[2026-07-03 14:07:08] [INFO   ] [random_mnist_a0.1_s456] [STRATEGY] [RANDOM] Round 03 | Selected 5 clients: ['0', '1', '4', '7', '9']
[2026-07-03 14:07:21] [INFO   ] [random_mnist_a0.1_s456] [ROUND_03] Global Accuracy: 66.9900%
[2026-07-03 14:07:24] [INFO   ] [random_mnist_a0.1_s456] [STRATEGY] [RANDOM] Round 04 | Selected 5 clients: ['1', '4', '5', '6', '9']
[2026-07-03 14:07:40] [INFO   ] [random_mnist_a0.1_s456] [ROUND_04] Global Accuracy: 85.7400%
[2026-07-03 14:07:43] [INFO   ] [random_mnist_a0.1_s456] [STRATEGY] [RANDOM] Round 05 | Selected 5 clients: ['0', '5', '6', '8', '9']
[2026-07-03 14:07:59] [INFO   ] [random_mnist_a0.1_s456] [ROUND_05] Global Accuracy: 81.9000%
[2026-07-03 14:08:01] [INFO   ] [random_mnist_a0.1_s456] [STRATEGY] [RANDOM] Round 06 | Selected 5 clients: ['1', '3', '4', '6', '7']
[2026-07-03 14:08:17] [INFO   ] [random_mnist_a0.1_s456] [ROUND_06] Global Accuracy: 92.7400%
[2026-07-03 14:08:20] [INFO   ] [random_mnist_a0.1_s456] [STRATEGY] [RANDOM] Round 07 | Selected 5 clients: ['0', '2', '5', '7', '9']
[2026-07-03 14:08:29] [INFO   ] [random_mnist_a0.1_s456] [ROUND_07] Global Accuracy: 89.4500%
[2026-07-03 14:08:32] [INFO   ] [random_mnist_a0.1_s456] [STRATEGY] [RANDOM] Round 08 | Selected 5 clients: ['0', '1', '2', '3', '9']
[2026-07-03 14:08:41] [INFO   ] [random_mnist_a0.1_s456] [ROUND_08] Global Accuracy: 95.5600%
[2026-07-03 14:08:43] [INFO   ] [random_mnist_a0.1_s456] [STRATEGY] [RANDOM] Round 09 | Selected 5 clients: ['1', '2', '3', '4', '5']
[2026-07-03 14:08:56] [INFO   ] [random_mnist_a0.1_s456] [ROUND_09] Global Accuracy: 91.9200%
[2026-07-03 14:08:59] [INFO   ] [random_mnist_a0.1_s456] [STRATEGY] [RANDOM] Round 10 | Selected 5 clients: ['3', '4', '6', '8', '9']
[2026-07-03 14:09:15] [INFO   ] [random_mnist_a0.1_s456] [ROUND_10] Global Accuracy: 94.7900%
[2026-07-03 14:09:18] [INFO   ] [random_mnist_a0.1_s456] [STRATEGY] [RANDOM] Round 11 | Selected 5 clients: ['0', '1', '2', '6', '9']
[2026-07-03 14:09:34] [INFO   ] [random_mnist_a0.1_s456] [ROUND_11] Global Accuracy: 95.8100%
[2026-07-03 14:09:36] [INFO   ] [random_mnist_a0.1_s456] [STRATEGY] [RANDOM] Round 12 | Selected 5 clients: ['1', '2', '3', '6', '8']
[2026-07-03 14:09:52] [INFO   ] [random_mnist_a0.1_s456] [ROUND_12] Global Accuracy: 94.3700%
[2026-07-03 14:09:54] [INFO   ] [random_mnist_a0.1_s456] [STRATEGY] [RANDOM] Round 13 | Selected 5 clients: ['2', '3', '5', '7', '8']
[2026-07-03 14:10:03] [INFO   ] [random_mnist_a0.1_s456] [ROUND_13] Global Accuracy: 96.7600%
[2026-07-03 14:10:05] [INFO   ] [random_mnist_a0.1_s456] [STRATEGY] [RANDOM] Round 14 | Selected 5 clients: ['4', '5', '7', '8', '9']
[2026-07-03 14:10:19] [INFO   ] [random_mnist_a0.1_s456] [ROUND_14] Global Accuracy: 94.3100%
[2026-07-03 14:10:21] [INFO   ] [random_mnist_a0.1_s456] [STRATEGY] [RANDOM] Round 15 | Selected 5 clients: ['4', '5', '7', '8', '9']
[2026-07-03 14:10:34] [INFO   ] [random_mnist_a0.1_s456] [ROUND_15] Global Accuracy: 95.7300%
[2026-07-03 14:10:37] [INFO   ] [random_mnist_a0.1_s456] [STRATEGY] [RANDOM] Round 16 | Selected 5 clients: ['0', '2', '3', '4', '7']
[2026-07-03 14:10:51] [INFO   ] [random_mnist_a0.1_s456] [ROUND_16] Global Accuracy: 97.1000%
[2026-07-03 14:10:53] [INFO   ] [random_mnist_a0.1_s456] [STRATEGY] [RANDOM] Round 17 | Selected 5 clients: ['0', '2', '4', '6', '9']
[2026-07-03 14:11:09] [INFO   ] [random_mnist_a0.1_s456] [ROUND_17] Global Accuracy: 97.2400%
[2026-07-03 14:11:12] [INFO   ] [random_mnist_a0.1_s456] [STRATEGY] [RANDOM] Round 18 | Selected 5 clients: ['0', '1', '3', '6', '8']
[2026-07-03 14:11:28] [INFO   ] [random_mnist_a0.1_s456] [ROUND_18] Global Accuracy: 96.8200%
[2026-07-03 14:11:30] [INFO   ] [random_mnist_a0.1_s456] [STRATEGY] [RANDOM] Round 19 | Selected 5 clients: ['0', '1', '2', '3', '8']
[2026-07-03 14:11:40] [INFO   ] [random_mnist_a0.1_s456] [ROUND_19] Global Accuracy: 97.6200%
[2026-07-03 14:11:42] [INFO   ] [random_mnist_a0.1_s456] [STRATEGY] [RANDOM] Round 20 | Selected 5 clients: ['0', '1', '2', '6', '7']
[2026-07-03 14:11:59] [INFO   ] [random_mnist_a0.1_s456] [ROUND_20] Global Accuracy: 97.3100%
