[2026-07-06 11:58:52] [INFO   ] [GLOBAL] [CONFIG] ============================================================
[2026-07-06 11:58:52] [INFO   ] [GLOBAL] [CONFIG] EXPERIMENT CONFIGURATION
[2026-07-06 11:58:52] [INFO   ] [GLOBAL] [CONFIG] ============================================================
[2026-07-06 11:58:52] [INFO   ] [GLOBAL] [CONFIG]   experiment_id            : fairness_cifar10_a0.1_s123
[2026-07-06 11:58:52] [INFO   ] [GLOBAL] [CONFIG]   strategy                 : fairness
[2026-07-06 11:58:52] [INFO   ] [GLOBAL] [CONFIG]   dataset                  : cifar10
[2026-07-06 11:58:52] [INFO   ] [GLOBAL] [CONFIG]   alpha                    : 0.1
[2026-07-06 11:58:52] [INFO   ] [GLOBAL] [CONFIG]   seed                     : 123
[2026-07-06 11:58:52] [INFO   ] [GLOBAL] [CONFIG]   num_rounds               : 20
[2026-07-06 11:58:52] [INFO   ] [GLOBAL] [CONFIG]   num_clients              : 10
[2026-07-06 11:58:52] [INFO   ] [GLOBAL] [CONFIG]   clients_per_round        : 5
[2026-07-06 11:58:52] [INFO   ] [GLOBAL] [CONFIG]   local_epochs             : 3
[2026-07-06 11:58:52] [INFO   ] [GLOBAL] [CONFIG]   learning_rate            : 0.01
[2026-07-06 11:58:52] [INFO   ] [GLOBAL] [CONFIG]   device                   : cpu
[2026-07-06 11:58:52] [INFO   ] [GLOBAL] [CONFIG]   trace_mode               : False
[2026-07-06 11:58:52] [INFO   ] [GLOBAL] [CONFIG] ============================================================
[2026-07-06 11:58:52] [INFO   ] [fairness_cifar10_a0.1_s123] [SIMULATION] Starting simulation: 20 rounds | 10 clients | 5/round
[2026-07-06 11:59:01] [INFO   ] [fairness_cifar10_a0.1_s123] [ROUND_00] Global Accuracy: 8.9200%
[2026-07-06 11:59:01] [INFO   ] [fairness_cifar10_a0.1_s123] [STRATEGY] [FAIRNESS] Round 01 | Selected 5 clients via weighted sampling
  -------------------------------------------------------
  Client | Count |  Weight |   Prob | Picked
  -------------------------------------------------------
       0 |     0 |  1.0000 | 0.1000 |  ✓
       1 |     0 |  1.0000 | 0.1000 |  ✓
       2 |     0 |  1.0000 | 0.1000 |  ✓
       3 |     0 |  1.0000 | 0.1000 |
       4 |     0 |  1.0000 | 0.1000 |
       5 |     0 |  1.0000 | 0.1000 |
       6 |     0 |  1.0000 | 0.1000 |  ✓
       7 |     0 |  1.0000 | 0.1000 |
       8 |     0 |  1.0000 | 0.1000 |  ✓
       9 |     0 |  1.0000 | 0.1000 |
  -------------------------------------------------------
  → Selected: ['0', '1', '2', '6', '8']
[2026-07-06 11:59:18] [INFO   ] [fairness_cifar10_a0.1_s123] [ROUND_01] Global Accuracy: 20.3400%
[2026-07-06 11:59:24] [INFO   ] [fairness_cifar10_a0.1_s123] [STRATEGY] [FAIRNESS] Round 02 | Selected 5 clients via weighted sampling
  -------------------------------------------------------
  Client | Count |  Weight |   Prob | Picked
  -------------------------------------------------------
       0 |     1 |  0.5000 | 0.0667 |
       1 |     1 |  0.5000 | 0.0667 |  ✓
       2 |     1 |  0.5000 | 0.0667 |
       3 |     0 |  1.0000 | 0.1333 |  ✓
       4 |     0 |  1.0000 | 0.1333 |
       5 |     0 |  1.0000 | 0.1333 |  ✓
       6 |     1 |  0.5000 | 0.0667 |
       7 |     0 |  1.0000 | 0.1333 |
       8 |     1 |  0.5000 | 0.0667 |  ✓
       9 |     0 |  1.0000 | 0.1333 |  ✓
  -------------------------------------------------------
  → Selected: ['1', '3', '5', '8', '9']
[2026-07-06 11:59:46] [INFO   ] [fairness_cifar10_a0.1_s123] [ROUND_02] Global Accuracy: 28.6400%
[2026-07-06 11:59:50] [INFO   ] [fairness_cifar10_a0.1_s123] [STRATEGY] [FAIRNESS] Round 03 | Selected 5 clients via weighted sampling
  -------------------------------------------------------
  Client | Count |  Weight |   Prob | Picked
  -------------------------------------------------------
       0 |     1 |  0.5000 | 0.0882 |
       1 |     2 |  0.3333 | 0.0588 |  ✓
       2 |     1 |  0.5000 | 0.0882 |  ✓
       3 |     1 |  0.5000 | 0.0882 |
       4 |     0 |  1.0000 | 0.1765 |
       5 |     1 |  0.5000 | 0.0882 |
       6 |     1 |  0.5000 | 0.0882 |  ✓
       7 |     0 |  1.0000 | 0.1765 |  ✓
       8 |     2 |  0.3333 | 0.0588 |
       9 |     1 |  0.5000 | 0.0882 |  ✓
  -------------------------------------------------------
  → Selected: ['1', '2', '6', '7', '9']
[2026-07-06 12:00:07] [INFO   ] [fairness_cifar10_a0.1_s123] [ROUND_03] Global Accuracy: 39.5700%
[2026-07-06 12:00:11] [INFO   ] [fairness_cifar10_a0.1_s123] [STRATEGY] [FAIRNESS] Round 04 | Selected 5 clients via weighted sampling
  -------------------------------------------------------
  Client | Count |  Weight |   Prob | Picked
  -------------------------------------------------------
       0 |     1 |  0.5000 | 0.1091 |
       1 |     3 |  0.2500 | 0.0545 |  ✓
       2 |     2 |  0.3333 | 0.0727 |  ✓
       3 |     1 |  0.5000 | 0.1091 |
       4 |     0 |  1.0000 | 0.2182 |  ✓
       5 |     1 |  0.5000 | 0.1091 |  ✓
       6 |     2 |  0.3333 | 0.0727 |
       7 |     1 |  0.5000 | 0.1091 |  ✓
       8 |     2 |  0.3333 | 0.0727 |
       9 |     2 |  0.3333 | 0.0727 |
  -------------------------------------------------------
  → Selected: ['1', '2', '4', '5', '7']
[2026-07-06 12:00:32] [INFO   ] [fairness_cifar10_a0.1_s123] [ROUND_04] Global Accuracy: 36.0400%
[2026-07-06 12:00:36] [INFO   ] [fairness_cifar10_a0.1_s123] [STRATEGY] [FAIRNESS] Round 05 | Selected 5 clients via weighted sampling
  -------------------------------------------------------
  Client | Count |  Weight |   Prob | Picked
  -------------------------------------------------------
       0 |     1 |  0.5000 | 0.1382 |  ✓
       1 |     4 |  0.2000 | 0.0553 |
       2 |     3 |  0.2500 | 0.0691 |
       3 |     1 |  0.5000 | 0.1382 |
       4 |     1 |  0.5000 | 0.1382 |  ✓
       5 |     2 |  0.3333 | 0.0922 |  ✓
       6 |     2 |  0.3333 | 0.0922 |
       7 |     2 |  0.3333 | 0.0922 |  ✓
       8 |     2 |  0.3333 | 0.0922 |
       9 |     2 |  0.3333 | 0.0922 |  ✓
  -------------------------------------------------------
  → Selected: ['0', '4', '5', '7', '9']
[2026-07-06 12:00:57] [INFO   ] [fairness_cifar10_a0.1_s123] [ROUND_05] Global Accuracy: 37.7200%
[2026-07-06 12:01:00] [INFO   ] [fairness_cifar10_a0.1_s123] [STRATEGY] [FAIRNESS] Round 06 | Selected 5 clients via weighted sampling
  -------------------------------------------------------
  Client | Count |  Weight |   Prob | Picked
  -------------------------------------------------------
       0 |     2 |  0.3333 | 0.1099 |
       1 |     4 |  0.2000 | 0.0659 |
       2 |     3 |  0.2500 | 0.0824 |  ✓
       3 |     1 |  0.5000 | 0.1648 |  ✓
       4 |     2 |  0.3333 | 0.1099 |
       5 |     3 |  0.2500 | 0.0824 |
       6 |     2 |  0.3333 | 0.1099 |  ✓
       7 |     3 |  0.2500 | 0.0824 |  ✓
       8 |     2 |  0.3333 | 0.1099 |  ✓
       9 |     3 |  0.2500 | 0.0824 |
  -------------------------------------------------------
  → Selected: ['2', '3', '6', '7', '8']
[2026-07-06 12:01:22] [INFO   ] [fairness_cifar10_a0.1_s123] [ROUND_06] Global Accuracy: 44.4400%
[2026-07-06 12:01:25] [INFO   ] [fairness_cifar10_a0.1_s123] [STRATEGY] [FAIRNESS] Round 07 | Selected 5 clients via weighted sampling
  -------------------------------------------------------
  Client | Count |  Weight |   Prob | Picked
  -------------------------------------------------------
       0 |     2 |  0.3333 | 0.1282 |  ✓
       1 |     4 |  0.2000 | 0.0769 |
       2 |     4 |  0.2000 | 0.0769 |
       3 |     2 |  0.3333 | 0.1282 |  ✓
       4 |     2 |  0.3333 | 0.1282 |  ✓
       5 |     3 |  0.2500 | 0.0962 |  ✓
       6 |     3 |  0.2500 | 0.0962 |
       7 |     4 |  0.2000 | 0.0769 |
       8 |     3 |  0.2500 | 0.0962 |  ✓
       9 |     3 |  0.2500 | 0.0962 |
  -------------------------------------------------------
  → Selected: ['0', '3', '4', '5', '8']
[2026-07-06 12:01:47] [INFO   ] [fairness_cifar10_a0.1_s123] [ROUND_07] Global Accuracy: 52.3500%
[2026-07-06 12:01:50] [INFO   ] [fairness_cifar10_a0.1_s123] [STRATEGY] [FAIRNESS] Round 08 | Selected 5 clients via weighted sampling
  -------------------------------------------------------
  Client | Count |  Weight |   Prob | Picked
  -------------------------------------------------------
       0 |     3 |  0.2500 | 0.1111 |  ✓
       1 |     4 |  0.2000 | 0.0889 |  ✓
       2 |     4 |  0.2000 | 0.0889 |  ✓
       3 |     3 |  0.2500 | 0.1111 |  ✓
       4 |     3 |  0.2500 | 0.1111 |
       5 |     4 |  0.2000 | 0.0889 |
       6 |     3 |  0.2500 | 0.1111 |
       7 |     4 |  0.2000 | 0.0889 |  ✓
       8 |     4 |  0.2000 | 0.0889 |
       9 |     3 |  0.2500 | 0.1111 |
  -------------------------------------------------------
  → Selected: ['0', '1', '2', '3', '7']
[2026-07-06 12:02:12] [INFO   ] [fairness_cifar10_a0.1_s123] [ROUND_08] Global Accuracy: 51.3600%
[2026-07-06 12:02:16] [INFO   ] [fairness_cifar10_a0.1_s123] [STRATEGY] [FAIRNESS] Round 09 | Selected 5 clients via weighted sampling
  -------------------------------------------------------
  Client | Count |  Weight |   Prob | Picked
  -------------------------------------------------------
       0 |     4 |  0.2000 | 0.0976 |  ✓
       1 |     5 |  0.1667 | 0.0813 |  ✓
       2 |     5 |  0.1667 | 0.0813 |  ✓
       3 |     4 |  0.2000 | 0.0976 |
       4 |     3 |  0.2500 | 0.1220 |  ✓
       5 |     4 |  0.2000 | 0.0976 |  ✓
       6 |     3 |  0.2500 | 0.1220 |
       7 |     5 |  0.1667 | 0.0813 |
       8 |     4 |  0.2000 | 0.0976 |
       9 |     3 |  0.2500 | 0.1220 |
  -------------------------------------------------------
  → Selected: ['0', '1', '2', '4', '5']
[2026-07-06 12:02:36] [INFO   ] [fairness_cifar10_a0.1_s123] [ROUND_09] Global Accuracy: 45.8900%
[2026-07-06 12:02:39] [INFO   ] [fairness_cifar10_a0.1_s123] [STRATEGY] [FAIRNESS] Round 10 | Selected 5 clients via weighted sampling
  -------------------------------------------------------
  Client | Count |  Weight |   Prob | Picked
  -------------------------------------------------------
       0 |     5 |  0.1667 | 0.0884 |  ✓
       1 |     6 |  0.1429 | 0.0758 |
       2 |     6 |  0.1429 | 0.0758 |
       3 |     4 |  0.2000 | 0.1061 |
       4 |     4 |  0.2000 | 0.1061 |  ✓
       5 |     5 |  0.1667 | 0.0884 |
       6 |     3 |  0.2500 | 0.1326 |  ✓
       7 |     5 |  0.1667 | 0.0884 |  ✓
       8 |     4 |  0.2000 | 0.1061 |  ✓
       9 |     3 |  0.2500 | 0.1326 |
  -------------------------------------------------------
  → Selected: ['0', '4', '6', '7', '8']
[2026-07-06 12:02:55] [INFO   ] [fairness_cifar10_a0.1_s123] [ROUND_10] Global Accuracy: 42.5200%
[2026-07-06 12:02:59] [INFO   ] [fairness_cifar10_a0.1_s123] [STRATEGY] [FAIRNESS] Round 11 | Selected 5 clients via weighted sampling
  -------------------------------------------------------
  Client | Count |  Weight |   Prob | Picked
  -------------------------------------------------------
       0 |     6 |  0.1429 | 0.0830 |
       1 |     6 |  0.1429 | 0.0830 |
       2 |     6 |  0.1429 | 0.0830 |
       3 |     4 |  0.2000 | 0.1162 |  ✓
       4 |     5 |  0.1667 | 0.0968 |  ✓
       5 |     5 |  0.1667 | 0.0968 |  ✓
       6 |     4 |  0.2000 | 0.1162 |  ✓
       7 |     6 |  0.1429 | 0.0830 |
       8 |     5 |  0.1667 | 0.0968 |  ✓
       9 |     3 |  0.2500 | 0.1452 |
  -------------------------------------------------------
  → Selected: ['3', '4', '5', '6', '8']
[2026-07-06 12:03:20] [INFO   ] [fairness_cifar10_a0.1_s123] [ROUND_11] Global Accuracy: 59.2200%
[2026-07-06 12:03:23] [INFO   ] [fairness_cifar10_a0.1_s123] [STRATEGY] [FAIRNESS] Round 12 | Selected 5 clients via weighted sampling
  -------------------------------------------------------
  Client | Count |  Weight |   Prob | Picked
  -------------------------------------------------------
       0 |     6 |  0.1429 | 0.0902 |  ✓
       1 |     6 |  0.1429 | 0.0902 |
       2 |     6 |  0.1429 | 0.0902 |
       3 |     5 |  0.1667 | 0.1053 |
       4 |     6 |  0.1429 | 0.0902 |  ✓
       5 |     6 |  0.1429 | 0.0902 |  ✓
       6 |     5 |  0.1667 | 0.1053 |  ✓
       7 |     6 |  0.1429 | 0.0902 |
       8 |     6 |  0.1429 | 0.0902 |
       9 |     3 |  0.2500 | 0.1579 |  ✓
  -------------------------------------------------------
  → Selected: ['0', '4', '5', '6', '9']
[2026-07-06 12:03:43] [INFO   ] [fairness_cifar10_a0.1_s123] [ROUND_12] Global Accuracy: 52.2700%
[2026-07-06 12:03:47] [INFO   ] [fairness_cifar10_a0.1_s123] [STRATEGY] [FAIRNESS] Round 13 | Selected 5 clients via weighted sampling
  -------------------------------------------------------
  Client | Count |  Weight |   Prob | Picked
  -------------------------------------------------------
       0 |     7 |  0.1250 | 0.0859 |  ✓
       1 |     6 |  0.1429 | 0.0981 |
       2 |     6 |  0.1429 | 0.0981 |
       3 |     5 |  0.1667 | 0.1145 |  ✓
       4 |     7 |  0.1250 | 0.0859 |  ✓
       5 |     7 |  0.1250 | 0.0859 |  ✓
       6 |     6 |  0.1429 | 0.0981 |  ✓
       7 |     6 |  0.1429 | 0.0981 |
       8 |     6 |  0.1429 | 0.0981 |
       9 |     4 |  0.2000 | 0.1374 |
  -------------------------------------------------------
  → Selected: ['0', '3', '4', '5', '6']
[2026-07-06 12:04:08] [INFO   ] [fairness_cifar10_a0.1_s123] [ROUND_13] Global Accuracy: 53.9700%
[2026-07-06 12:04:12] [INFO   ] [fairness_cifar10_a0.1_s123] [STRATEGY] [FAIRNESS] Round 14 | Selected 5 clients via weighted sampling
  -------------------------------------------------------
  Client | Count |  Weight |   Prob | Picked
  -------------------------------------------------------
       0 |     8 |  0.1111 | 0.0809 |  ✓
       1 |     6 |  0.1429 | 0.1041 |
       2 |     6 |  0.1429 | 0.1041 |
       3 |     6 |  0.1429 | 0.1041 |  ✓
       4 |     8 |  0.1111 | 0.0809 |  ✓
       5 |     8 |  0.1111 | 0.0809 |
       6 |     7 |  0.1250 | 0.0911 |  ✓
       7 |     6 |  0.1429 | 0.1041 |  ✓
       8 |     6 |  0.1429 | 0.1041 |
       9 |     4 |  0.2000 | 0.1457 |
  -------------------------------------------------------
  → Selected: ['0', '3', '4', '6', '7']
[2026-07-06 12:04:33] [INFO   ] [fairness_cifar10_a0.1_s123] [ROUND_14] Global Accuracy: 43.3100%
[2026-07-06 12:04:36] [INFO   ] [fairness_cifar10_a0.1_s123] [STRATEGY] [FAIRNESS] Round 15 | Selected 5 clients via weighted sampling
  -------------------------------------------------------
  Client | Count |  Weight |   Prob | Picked
  -------------------------------------------------------
       0 |     9 |  0.1000 | 0.0769 |
       1 |     6 |  0.1429 | 0.1098 |  ✓
       2 |     6 |  0.1429 | 0.1098 |
       3 |     7 |  0.1250 | 0.0961 |  ✓
       4 |     9 |  0.1000 | 0.0769 |
       5 |     8 |  0.1111 | 0.0854 |  ✓
       6 |     8 |  0.1111 | 0.0854 |
       7 |     7 |  0.1250 | 0.0961 |
       8 |     6 |  0.1429 | 0.1098 |  ✓
       9 |     4 |  0.2000 | 0.1538 |  ✓
  -------------------------------------------------------
  → Selected: ['1', '3', '5', '8', '9']
[2026-07-06 12:04:58] [INFO   ] [fairness_cifar10_a0.1_s123] [ROUND_15] Global Accuracy: 56.2600%
[2026-07-06 12:05:01] [INFO   ] [fairness_cifar10_a0.1_s123] [STRATEGY] [FAIRNESS] Round 16 | Selected 5 clients via weighted sampling
  -------------------------------------------------------
  Client | Count |  Weight |   Prob | Picked
  -------------------------------------------------------
       0 |     9 |  0.1000 | 0.0829 |
       1 |     7 |  0.1250 | 0.1036 |  ✓
       2 |     6 |  0.1429 | 0.1184 |
       3 |     8 |  0.1111 | 0.0921 |  ✓
       4 |     9 |  0.1000 | 0.0829 |
       5 |     9 |  0.1000 | 0.0829 |  ✓
       6 |     8 |  0.1111 | 0.0921 |
       7 |     7 |  0.1250 | 0.1036 |
       8 |     7 |  0.1250 | 0.1036 |  ✓
       9 |     5 |  0.1667 | 0.1381 |  ✓
  -------------------------------------------------------
  → Selected: ['1', '3', '5', '8', '9']
[2026-07-06 12:05:23] [INFO   ] [fairness_cifar10_a0.1_s123] [ROUND_16] Global Accuracy: 60.3800%
[2026-07-06 12:05:27] [INFO   ] [fairness_cifar10_a0.1_s123] [STRATEGY] [FAIRNESS] Round 17 | Selected 5 clients via weighted sampling
  -------------------------------------------------------
  Client | Count |  Weight |   Prob | Picked
  -------------------------------------------------------
       0 |     9 |  0.1000 | 0.0881 |  ✓
       1 |     8 |  0.1111 | 0.0979 |  ✓
       2 |     6 |  0.1429 | 0.1259 |
       3 |     9 |  0.1000 | 0.0881 |
       4 |     9 |  0.1000 | 0.0881 |  ✓
       5 |    10 |  0.0909 | 0.0801 |
       6 |     8 |  0.1111 | 0.0979 |  ✓
       7 |     7 |  0.1250 | 0.1101 |
       8 |     8 |  0.1111 | 0.0979 |  ✓
       9 |     6 |  0.1429 | 0.1259 |
  -------------------------------------------------------
  → Selected: ['0', '1', '4', '6', '8']
[2026-07-06 12:05:40] [INFO   ] [fairness_cifar10_a0.1_s123] [ROUND_17] Global Accuracy: 56.4700%
[2026-07-06 12:05:43] [INFO   ] [fairness_cifar10_a0.1_s123] [STRATEGY] [FAIRNESS] Round 18 | Selected 5 clients via weighted sampling
  -------------------------------------------------------
  Client | Count |  Weight |   Prob | Picked
  -------------------------------------------------------
       0 |    10 |  0.0909 | 0.0839 |
       1 |     9 |  0.1000 | 0.0923 |  ✓
       2 |     6 |  0.1429 | 0.1319 |
       3 |     9 |  0.1000 | 0.0923 |  ✓
       4 |    10 |  0.0909 | 0.0839 |  ✓
       5 |    10 |  0.0909 | 0.0839 |
       6 |     9 |  0.1000 | 0.0923 |  ✓
       7 |     7 |  0.1250 | 0.1154 |
       8 |     9 |  0.1000 | 0.0923 |  ✓
       9 |     6 |  0.1429 | 0.1319 |
  -------------------------------------------------------
  → Selected: ['1', '3', '4', '6', '8']
[2026-07-06 12:06:04] [INFO   ] [fairness_cifar10_a0.1_s123] [ROUND_18] Global Accuracy: 53.1300%
[2026-07-06 12:06:08] [INFO   ] [fairness_cifar10_a0.1_s123] [STRATEGY] [FAIRNESS] Round 19 | Selected 5 clients via weighted sampling
  -------------------------------------------------------
  Client | Count |  Weight |   Prob | Picked
  -------------------------------------------------------
       0 |    10 |  0.0909 | 0.0875 |
       1 |    10 |  0.0909 | 0.0875 |  ✓
       2 |     6 |  0.1429 | 0.1374 |  ✓
       3 |    10 |  0.0909 | 0.0875 |  ✓
       4 |    11 |  0.0833 | 0.0802 |
       5 |    10 |  0.0909 | 0.0875 |
       6 |    10 |  0.0909 | 0.0875 |
       7 |     7 |  0.1250 | 0.1202 |  ✓
       8 |    10 |  0.0909 | 0.0875 |
       9 |     6 |  0.1429 | 0.1374 |  ✓
  -------------------------------------------------------
  → Selected: ['1', '2', '3', '7', '9']
[2026-07-06 12:06:30] [INFO   ] [fairness_cifar10_a0.1_s123] [ROUND_19] Global Accuracy: 65.0600%
[2026-07-06 12:06:33] [INFO   ] [fairness_cifar10_a0.1_s123] [STRATEGY] [FAIRNESS] Round 20 | Selected 5 clients via weighted sampling
  -------------------------------------------------------
  Client | Count |  Weight |   Prob | Picked
  -------------------------------------------------------
       0 |    10 |  0.0909 | 0.0933 |
       1 |    11 |  0.0833 | 0.0855 |
       2 |     7 |  0.1250 | 0.1282 |  ✓
       3 |    11 |  0.0833 | 0.0855 |  ✓
       4 |    11 |  0.0833 | 0.0855 |
       5 |    10 |  0.0909 | 0.0933 |
       6 |    10 |  0.0909 | 0.0933 |  ✓
       7 |     8 |  0.1111 | 0.1140 |  ✓
       8 |    10 |  0.0909 | 0.0933 |  ✓
       9 |     7 |  0.1250 | 0.1282 |
  -------------------------------------------------------
  → Selected: ['2', '3', '6', '7', '8']
[2026-07-06 12:06:55] [INFO   ] [fairness_cifar10_a0.1_s123] [ROUND_20] Global Accuracy: 61.2700%
