[2026-07-06 10:10:15] [INFO   ] [GLOBAL] [CONFIG] ============================================================
[2026-07-06 10:10:15] [INFO   ] [GLOBAL] [CONFIG] EXPERIMENT CONFIGURATION
[2026-07-06 10:10:15] [INFO   ] [GLOBAL] [CONFIG] ============================================================
[2026-07-06 10:10:15] [INFO   ] [GLOBAL] [CONFIG]   experiment_id            : performance_cifar10_a0.1_s456
[2026-07-06 10:10:15] [INFO   ] [GLOBAL] [CONFIG]   strategy                 : performance
[2026-07-06 10:10:15] [INFO   ] [GLOBAL] [CONFIG]   dataset                  : cifar10
[2026-07-06 10:10:15] [INFO   ] [GLOBAL] [CONFIG]   alpha                    : 0.1
[2026-07-06 10:10:15] [INFO   ] [GLOBAL] [CONFIG]   seed                     : 456
[2026-07-06 10:10:15] [INFO   ] [GLOBAL] [CONFIG]   num_rounds               : 20
[2026-07-06 10:10:15] [INFO   ] [GLOBAL] [CONFIG]   num_clients              : 10
[2026-07-06 10:10:15] [INFO   ] [GLOBAL] [CONFIG]   clients_per_round        : 5
[2026-07-06 10:10:15] [INFO   ] [GLOBAL] [CONFIG]   local_epochs             : 3
[2026-07-06 10:10:15] [INFO   ] [GLOBAL] [CONFIG]   learning_rate            : 0.01
[2026-07-06 10:10:15] [INFO   ] [GLOBAL] [CONFIG]   device                   : cpu
[2026-07-06 10:10:15] [INFO   ] [GLOBAL] [CONFIG]   trace_mode               : False
[2026-07-06 10:10:15] [INFO   ] [GLOBAL] [CONFIG] ============================================================
[2026-07-06 10:10:16] [INFO   ] [performance_cifar10_a0.1_s456] [SIMULATION] Starting simulation: 20 rounds | 10 clients | 5/round
[2026-07-06 10:10:24] [INFO   ] [performance_cifar10_a0.1_s456] [ROUND_00] Global Accuracy: 9.4800%
[2026-07-06 10:10:24] [INFO   ] [performance_cifar10_a0.1_s456] [STRATEGY] [PERFORMANCE] Round 01 | Selected 5 clients (by latency ascending)
  Rank 01 | Client   5 | Latency:    4.94 ms
  Rank 02 | Client   6 | Latency:   23.32 ms
  Rank 03 | Client   2 | Latency:   23.66 ms
  Rank 04 | Client   1 | Latency:   42.04 ms
  Rank 05 | Client   0 | Latency:   49.13 ms
  [NOT SELECTED]: ['3', '9', '8', '4', '7']
[2026-07-06 10:10:54] [INFO   ] [performance_cifar10_a0.1_s456] [ROUND_01] Global Accuracy: 25.2900%
[2026-07-06 10:11:01] [INFO   ] [performance_cifar10_a0.1_s456] [STRATEGY] [PERFORMANCE] Round 02 | Selected 5 clients (by latency ascending)
  Rank 01 | Client   5 | Latency:    4.94 ms
  Rank 02 | Client   6 | Latency:   23.32 ms
  Rank 03 | Client   2 | Latency:   23.66 ms
  Rank 04 | Client   1 | Latency:   42.04 ms
  Rank 05 | Client   0 | Latency:   49.13 ms
  [NOT SELECTED]: ['3', '9', '8', '4', '7']
[2026-07-06 10:11:29] [INFO   ] [performance_cifar10_a0.1_s456] [ROUND_02] Global Accuracy: 23.3100%
[2026-07-06 10:11:34] [INFO   ] [performance_cifar10_a0.1_s456] [STRATEGY] [PERFORMANCE] Round 03 | Selected 5 clients (by latency ascending)
  Rank 01 | Client   5 | Latency:    4.94 ms
  Rank 02 | Client   6 | Latency:   23.32 ms
  Rank 03 | Client   2 | Latency:   23.66 ms
  Rank 04 | Client   1 | Latency:   42.04 ms
  Rank 05 | Client   0 | Latency:   49.13 ms
  [NOT SELECTED]: ['3', '9', '8', '4', '7']
[2026-07-06 10:12:02] [INFO   ] [performance_cifar10_a0.1_s456] [ROUND_03] Global Accuracy: 28.2300%
[2026-07-06 10:12:07] [INFO   ] [performance_cifar10_a0.1_s456] [STRATEGY] [PERFORMANCE] Round 04 | Selected 5 clients (by latency ascending)
  Rank 01 | Client   5 | Latency:    4.94 ms
  Rank 02 | Client   6 | Latency:   23.32 ms
  Rank 03 | Client   2 | Latency:   23.66 ms
  Rank 04 | Client   1 | Latency:   42.04 ms
  Rank 05 | Client   0 | Latency:   49.13 ms
  [NOT SELECTED]: ['3', '9', '8', '4', '7']
[2026-07-06 10:12:35] [INFO   ] [performance_cifar10_a0.1_s456] [ROUND_04] Global Accuracy: 30.8600%
[2026-07-06 10:12:40] [INFO   ] [performance_cifar10_a0.1_s456] [STRATEGY] [PERFORMANCE] Round 05 | Selected 5 clients (by latency ascending)
  Rank 01 | Client   5 | Latency:    4.94 ms
  Rank 02 | Client   6 | Latency:   23.32 ms
  Rank 03 | Client   2 | Latency:   23.66 ms
  Rank 04 | Client   1 | Latency:   42.04 ms
  Rank 05 | Client   0 | Latency:   49.13 ms
  [NOT SELECTED]: ['3', '9', '8', '4', '7']
[2026-07-06 10:13:07] [INFO   ] [performance_cifar10_a0.1_s456] [ROUND_05] Global Accuracy: 31.2900%
[2026-07-06 10:13:12] [INFO   ] [performance_cifar10_a0.1_s456] [STRATEGY] [PERFORMANCE] Round 06 | Selected 5 clients (by latency ascending)
  Rank 01 | Client   5 | Latency:    4.94 ms
  Rank 02 | Client   6 | Latency:   23.32 ms
  Rank 03 | Client   2 | Latency:   23.66 ms
  Rank 04 | Client   1 | Latency:   42.04 ms
  Rank 05 | Client   0 | Latency:   49.13 ms
  [NOT SELECTED]: ['3', '9', '8', '4', '7']
[2026-07-06 10:13:40] [INFO   ] [performance_cifar10_a0.1_s456] [ROUND_06] Global Accuracy: 30.9600%
[2026-07-06 10:13:45] [INFO   ] [performance_cifar10_a0.1_s456] [STRATEGY] [PERFORMANCE] Round 07 | Selected 5 clients (by latency ascending)
  Rank 01 | Client   5 | Latency:    4.94 ms
  Rank 02 | Client   6 | Latency:   23.32 ms
  Rank 03 | Client   2 | Latency:   23.66 ms
  Rank 04 | Client   1 | Latency:   42.04 ms
  Rank 05 | Client   0 | Latency:   49.13 ms
  [NOT SELECTED]: ['3', '9', '8', '4', '7']
[2026-07-06 10:14:12] [INFO   ] [performance_cifar10_a0.1_s456] [ROUND_07] Global Accuracy: 34.5400%
[2026-07-06 10:14:17] [INFO   ] [performance_cifar10_a0.1_s456] [STRATEGY] [PERFORMANCE] Round 08 | Selected 5 clients (by latency ascending)
  Rank 01 | Client   5 | Latency:    4.94 ms
  Rank 02 | Client   6 | Latency:   23.32 ms
  Rank 03 | Client   2 | Latency:   23.66 ms
  Rank 04 | Client   1 | Latency:   42.04 ms
  Rank 05 | Client   0 | Latency:   49.13 ms
  [NOT SELECTED]: ['3', '9', '8', '4', '7']
[2026-07-06 10:14:44] [INFO   ] [performance_cifar10_a0.1_s456] [ROUND_08] Global Accuracy: 35.7300%
[2026-07-06 10:14:49] [INFO   ] [performance_cifar10_a0.1_s456] [STRATEGY] [PERFORMANCE] Round 09 | Selected 5 clients (by latency ascending)
  Rank 01 | Client   5 | Latency:    4.94 ms
  Rank 02 | Client   6 | Latency:   23.32 ms
  Rank 03 | Client   2 | Latency:   23.66 ms
  Rank 04 | Client   1 | Latency:   42.04 ms
  Rank 05 | Client   0 | Latency:   49.13 ms
  [NOT SELECTED]: ['3', '9', '8', '4', '7']
[2026-07-06 10:15:17] [INFO   ] [performance_cifar10_a0.1_s456] [ROUND_09] Global Accuracy: 36.7300%
[2026-07-06 10:15:22] [INFO   ] [performance_cifar10_a0.1_s456] [STRATEGY] [PERFORMANCE] Round 10 | Selected 5 clients (by latency ascending)
  Rank 01 | Client   5 | Latency:    4.94 ms
  Rank 02 | Client   6 | Latency:   23.32 ms
  Rank 03 | Client   2 | Latency:   23.66 ms
  Rank 04 | Client   1 | Latency:   42.04 ms
  Rank 05 | Client   0 | Latency:   49.13 ms
  [NOT SELECTED]: ['3', '9', '8', '4', '7']
[2026-07-06 10:15:49] [INFO   ] [performance_cifar10_a0.1_s456] [ROUND_10] Global Accuracy: 37.8100%
[2026-07-06 10:15:54] [INFO   ] [performance_cifar10_a0.1_s456] [STRATEGY] [PERFORMANCE] Round 11 | Selected 5 clients (by latency ascending)
  Rank 01 | Client   5 | Latency:    4.94 ms
  Rank 02 | Client   6 | Latency:   23.32 ms
  Rank 03 | Client   2 | Latency:   23.66 ms
  Rank 04 | Client   1 | Latency:   42.04 ms
  Rank 05 | Client   0 | Latency:   49.13 ms
  [NOT SELECTED]: ['3', '9', '8', '4', '7']
[2026-07-06 10:16:21] [INFO   ] [performance_cifar10_a0.1_s456] [ROUND_11] Global Accuracy: 36.5300%
[2026-07-06 10:16:26] [INFO   ] [performance_cifar10_a0.1_s456] [STRATEGY] [PERFORMANCE] Round 12 | Selected 5 clients (by latency ascending)
  Rank 01 | Client   5 | Latency:    4.94 ms
  Rank 02 | Client   6 | Latency:   23.32 ms
  Rank 03 | Client   2 | Latency:   23.66 ms
  Rank 04 | Client   1 | Latency:   42.04 ms
  Rank 05 | Client   0 | Latency:   49.13 ms
  [NOT SELECTED]: ['3', '9', '8', '4', '7']
[2026-07-06 10:16:53] [INFO   ] [performance_cifar10_a0.1_s456] [ROUND_12] Global Accuracy: 37.3300%
[2026-07-06 10:16:58] [INFO   ] [performance_cifar10_a0.1_s456] [STRATEGY] [PERFORMANCE] Round 13 | Selected 5 clients (by latency ascending)
  Rank 01 | Client   5 | Latency:    4.94 ms
  Rank 02 | Client   6 | Latency:   23.32 ms
  Rank 03 | Client   2 | Latency:   23.66 ms
  Rank 04 | Client   1 | Latency:   42.04 ms
  Rank 05 | Client   0 | Latency:   49.13 ms
  [NOT SELECTED]: ['3', '9', '8', '4', '7']
[2026-07-06 10:17:25] [INFO   ] [performance_cifar10_a0.1_s456] [ROUND_13] Global Accuracy: 38.3600%
[2026-07-06 10:17:30] [INFO   ] [performance_cifar10_a0.1_s456] [STRATEGY] [PERFORMANCE] Round 14 | Selected 5 clients (by latency ascending)
  Rank 01 | Client   5 | Latency:    4.94 ms
  Rank 02 | Client   6 | Latency:   23.32 ms
  Rank 03 | Client   2 | Latency:   23.66 ms
  Rank 04 | Client   1 | Latency:   42.04 ms
  Rank 05 | Client   0 | Latency:   49.13 ms
  [NOT SELECTED]: ['3', '9', '8', '4', '7']
[2026-07-06 10:17:57] [INFO   ] [performance_cifar10_a0.1_s456] [ROUND_14] Global Accuracy: 38.5000%
[2026-07-06 10:18:02] [INFO   ] [performance_cifar10_a0.1_s456] [STRATEGY] [PERFORMANCE] Round 15 | Selected 5 clients (by latency ascending)
  Rank 01 | Client   5 | Latency:    4.94 ms
  Rank 02 | Client   6 | Latency:   23.32 ms
  Rank 03 | Client   2 | Latency:   23.66 ms
  Rank 04 | Client   1 | Latency:   42.04 ms
  Rank 05 | Client   0 | Latency:   49.13 ms
  [NOT SELECTED]: ['3', '9', '8', '4', '7']
[2026-07-06 10:18:29] [INFO   ] [performance_cifar10_a0.1_s456] [ROUND_15] Global Accuracy: 39.0600%
[2026-07-06 10:18:34] [INFO   ] [performance_cifar10_a0.1_s456] [STRATEGY] [PERFORMANCE] Round 16 | Selected 5 clients (by latency ascending)
  Rank 01 | Client   5 | Latency:    4.94 ms
  Rank 02 | Client   6 | Latency:   23.32 ms
  Rank 03 | Client   2 | Latency:   23.66 ms
  Rank 04 | Client   1 | Latency:   42.04 ms
  Rank 05 | Client   0 | Latency:   49.13 ms
  [NOT SELECTED]: ['3', '9', '8', '4', '7']
[2026-07-06 10:19:02] [INFO   ] [performance_cifar10_a0.1_s456] [ROUND_16] Global Accuracy: 39.3000%
[2026-07-06 10:19:06] [INFO   ] [performance_cifar10_a0.1_s456] [STRATEGY] [PERFORMANCE] Round 17 | Selected 5 clients (by latency ascending)
  Rank 01 | Client   5 | Latency:    4.94 ms
  Rank 02 | Client   6 | Latency:   23.32 ms
  Rank 03 | Client   2 | Latency:   23.66 ms
  Rank 04 | Client   1 | Latency:   42.04 ms
  Rank 05 | Client   0 | Latency:   49.13 ms
  [NOT SELECTED]: ['3', '9', '8', '4', '7']
[2026-07-06 10:19:34] [INFO   ] [performance_cifar10_a0.1_s456] [ROUND_17] Global Accuracy: 38.6700%
[2026-07-06 10:19:38] [INFO   ] [performance_cifar10_a0.1_s456] [STRATEGY] [PERFORMANCE] Round 18 | Selected 5 clients (by latency ascending)
  Rank 01 | Client   5 | Latency:    4.94 ms
  Rank 02 | Client   6 | Latency:   23.32 ms
  Rank 03 | Client   2 | Latency:   23.66 ms
  Rank 04 | Client   1 | Latency:   42.04 ms
  Rank 05 | Client   0 | Latency:   49.13 ms
  [NOT SELECTED]: ['3', '9', '8', '4', '7']
[2026-07-06 10:20:06] [INFO   ] [performance_cifar10_a0.1_s456] [ROUND_18] Global Accuracy: 39.9200%
[2026-07-06 10:20:10] [INFO   ] [performance_cifar10_a0.1_s456] [STRATEGY] [PERFORMANCE] Round 19 | Selected 5 clients (by latency ascending)
  Rank 01 | Client   5 | Latency:    4.94 ms
  Rank 02 | Client   6 | Latency:   23.32 ms
  Rank 03 | Client   2 | Latency:   23.66 ms
  Rank 04 | Client   1 | Latency:   42.04 ms
  Rank 05 | Client   0 | Latency:   49.13 ms
  [NOT SELECTED]: ['3', '9', '8', '4', '7']
[2026-07-06 10:20:38] [INFO   ] [performance_cifar10_a0.1_s456] [ROUND_19] Global Accuracy: 38.8600%
[2026-07-06 10:20:42] [INFO   ] [performance_cifar10_a0.1_s456] [STRATEGY] [PERFORMANCE] Round 20 | Selected 5 clients (by latency ascending)
  Rank 01 | Client   5 | Latency:    4.94 ms
  Rank 02 | Client   6 | Latency:   23.32 ms
  Rank 03 | Client   2 | Latency:   23.66 ms
  Rank 04 | Client   1 | Latency:   42.04 ms
  Rank 05 | Client   0 | Latency:   49.13 ms
  [NOT SELECTED]: ['3', '9', '8', '4', '7']
[2026-07-06 10:21:10] [INFO   ] [performance_cifar10_a0.1_s456] [ROUND_20] Global Accuracy: 39.7300%
