[2026-07-03 13:55:20] [INFO   ] [GLOBAL] [CONFIG] ============================================================
[2026-07-03 13:55:20] [INFO   ] [GLOBAL] [CONFIG] EXPERIMENT CONFIGURATION
[2026-07-03 13:55:20] [INFO   ] [GLOBAL] [CONFIG] ============================================================
[2026-07-03 13:55:20] [INFO   ] [GLOBAL] [CONFIG]   experiment_id            : random_mnist_a0.1_s42
[2026-07-03 13:55:20] [INFO   ] [GLOBAL] [CONFIG]   strategy                 : random
[2026-07-03 13:55:20] [INFO   ] [GLOBAL] [CONFIG]   dataset                  : mnist
[2026-07-03 13:55:20] [INFO   ] [GLOBAL] [CONFIG]   alpha                    : 0.1
[2026-07-03 13:55:20] [INFO   ] [GLOBAL] [CONFIG]   seed                     : 42
[2026-07-03 13:55:20] [INFO   ] [GLOBAL] [CONFIG]   num_rounds               : 20
[2026-07-03 13:55:20] [INFO   ] [GLOBAL] [CONFIG]   num_clients              : 10
[2026-07-03 13:55:20] [INFO   ] [GLOBAL] [CONFIG]   clients_per_round        : 5
[2026-07-03 13:55:20] [INFO   ] [GLOBAL] [CONFIG]   local_epochs             : 3
[2026-07-03 13:55:20] [INFO   ] [GLOBAL] [CONFIG]   learning_rate            : 0.01
[2026-07-03 13:55:20] [INFO   ] [GLOBAL] [CONFIG]   device                   : cpu
[2026-07-03 13:55:20] [INFO   ] [GLOBAL] [CONFIG]   trace_mode               : False
[2026-07-03 13:55:20] [INFO   ] [GLOBAL] [CONFIG] ============================================================
[2026-07-03 13:55:20] [INFO   ] [random_mnist_a0.1_s42] [SIMULATION] Starting simulation: 20 rounds | 10 clients | 5/round
[2026-07-03 13:55:28] [INFO   ] [random_mnist_a0.1_s42] [ROUND_00] Global Accuracy: 6.4000%
[2026-07-03 13:55:28] [INFO   ] [random_mnist_a0.1_s42] [STRATEGY] [RANDOM] Round 01 | Selected 5 clients: ['1', '3', '4', '7', '9']
[2026-07-03 13:55:44] [INFO   ] [random_mnist_a0.1_s42] [ROUND_01] Global Accuracy: 73.1500%
[2026-07-03 13:55:48] [INFO   ] [random_mnist_a0.1_s42] [STRATEGY] [RANDOM] Round 02 | Selected 5 clients: ['1', '2', '7', '8', '9']
[2026-07-03 13:55:58] [INFO   ] [random_mnist_a0.1_s42] [ROUND_02] Global Accuracy: 69.8400%
[2026-07-03 13:56:00] [INFO   ] [random_mnist_a0.1_s42] [STRATEGY] [RANDOM] Round 03 | Selected 5 clients: ['1', '2', '6', '7', '8']
[2026-07-03 13:56:11] [INFO   ] [random_mnist_a0.1_s42] [ROUND_03] Global Accuracy: 76.7200%
[2026-07-03 13:56:13] [INFO   ] [random_mnist_a0.1_s42] [STRATEGY] [RANDOM] Round 04 | Selected 5 clients: ['0', '1', '5', '7', '9']
[2026-07-03 13:56:28] [INFO   ] [random_mnist_a0.1_s42] [ROUND_04] Global Accuracy: 89.2300%
[2026-07-03 13:56:30] [INFO   ] [random_mnist_a0.1_s42] [STRATEGY] [RANDOM] Round 05 | Selected 5 clients: ['0', '2', '3', '5', '7']
[2026-07-03 13:56:45] [INFO   ] [random_mnist_a0.1_s42] [ROUND_05] Global Accuracy: 94.1000%
[2026-07-03 13:56:48] [INFO   ] [random_mnist_a0.1_s42] [STRATEGY] [RANDOM] Round 06 | Selected 5 clients: ['4', '5', '6', '7', '8']
[2026-07-03 13:57:03] [INFO   ] [random_mnist_a0.1_s42] [ROUND_06] Global Accuracy: 96.4400%
[2026-07-03 13:57:05] [INFO   ] [random_mnist_a0.1_s42] [STRATEGY] [RANDOM] Round 07 | Selected 5 clients: ['0', '1', '2', '5', '9']
[2026-07-03 13:57:20] [INFO   ] [random_mnist_a0.1_s42] [ROUND_07] Global Accuracy: 94.0900%
[2026-07-03 13:57:22] [INFO   ] [random_mnist_a0.1_s42] [STRATEGY] [RANDOM] Round 08 | Selected 5 clients: ['0', '5', '6', '7', '8']
[2026-07-03 13:57:37] [INFO   ] [random_mnist_a0.1_s42] [ROUND_08] Global Accuracy: 95.0900%
[2026-07-03 13:57:40] [INFO   ] [random_mnist_a0.1_s42] [STRATEGY] [RANDOM] Round 09 | Selected 5 clients: ['0', '1', '2', '7', '9']
[2026-07-03 13:57:49] [INFO   ] [random_mnist_a0.1_s42] [ROUND_09] Global Accuracy: 94.2700%
[2026-07-03 13:57:51] [INFO   ] [random_mnist_a0.1_s42] [STRATEGY] [RANDOM] Round 10 | Selected 5 clients: ['0', '1', '2', '5', '7']
[2026-07-03 13:58:06] [INFO   ] [random_mnist_a0.1_s42] [ROUND_10] Global Accuracy: 94.8100%
[2026-07-03 13:58:09] [INFO   ] [random_mnist_a0.1_s42] [STRATEGY] [RANDOM] Round 11 | Selected 5 clients: ['0', '1', '3', '4', '7']
[2026-07-03 13:58:23] [INFO   ] [random_mnist_a0.1_s42] [ROUND_11] Global Accuracy: 96.2400%
[2026-07-03 13:58:25] [INFO   ] [random_mnist_a0.1_s42] [STRATEGY] [RANDOM] Round 12 | Selected 5 clients: ['1', '2', '3', '8', '9']
[2026-07-03 13:58:38] [INFO   ] [random_mnist_a0.1_s42] [ROUND_12] Global Accuracy: 97.5800%
[2026-07-03 13:58:40] [INFO   ] [random_mnist_a0.1_s42] [STRATEGY] [RANDOM] Round 13 | Selected 5 clients: ['0', '1', '4', '7', '9']
[2026-07-03 13:58:51] [INFO   ] [random_mnist_a0.1_s42] [ROUND_13] Global Accuracy: 97.6800%
[2026-07-03 13:58:53] [INFO   ] [random_mnist_a0.1_s42] [STRATEGY] [RANDOM] Round 14 | Selected 5 clients: ['1', '3', '4', '5', '6']
[2026-07-03 13:59:09] [INFO   ] [random_mnist_a0.1_s42] [ROUND_14] Global Accuracy: 97.4800%
[2026-07-03 13:59:11] [INFO   ] [random_mnist_a0.1_s42] [STRATEGY] [RANDOM] Round 15 | Selected 5 clients: ['1', '2', '3', '6', '9']
[2026-07-03 13:59:24] [INFO   ] [random_mnist_a0.1_s42] [ROUND_15] Global Accuracy: 95.4900%
[2026-07-03 13:59:26] [INFO   ] [random_mnist_a0.1_s42] [STRATEGY] [RANDOM] Round 16 | Selected 5 clients: ['1', '4', '5', '8', '9']
[2026-07-03 13:59:42] [INFO   ] [random_mnist_a0.1_s42] [ROUND_16] Global Accuracy: 98.3800%
[2026-07-03 13:59:44] [INFO   ] [random_mnist_a0.1_s42] [STRATEGY] [RANDOM] Round 17 | Selected 5 clients: ['2', '3', '4', '6', '9']
[2026-07-03 13:59:57] [INFO   ] [random_mnist_a0.1_s42] [ROUND_17] Global Accuracy: 96.2800%
[2026-07-03 14:00:00] [INFO   ] [random_mnist_a0.1_s42] [STRATEGY] [RANDOM] Round 18 | Selected 5 clients: ['0', '2', '6', '8', '9']
[2026-07-03 14:00:07] [INFO   ] [random_mnist_a0.1_s42] [ROUND_18] Global Accuracy: 88.6300%
[2026-07-03 14:00:10] [INFO   ] [random_mnist_a0.1_s42] [STRATEGY] [RANDOM] Round 19 | Selected 5 clients: ['2', '3', '5', '7', '9']
[2026-07-03 14:00:25] [INFO   ] [random_mnist_a0.1_s42] [ROUND_19] Global Accuracy: 98.1200%
[2026-07-03 14:00:27] [INFO   ] [random_mnist_a0.1_s42] [STRATEGY] [RANDOM] Round 20 | Selected 5 clients: ['0', '2', '4', '5', '7']
[2026-07-03 14:00:43] [INFO   ] [random_mnist_a0.1_s42] [ROUND_20] Global Accuracy: 98.5500%
