[2026-07-03 15:41:37] [INFO   ] [GLOBAL] [CONFIG] ============================================================
[2026-07-03 15:41:37] [INFO   ] [GLOBAL] [CONFIG] EXPERIMENT CONFIGURATION
[2026-07-03 15:41:37] [INFO   ] [GLOBAL] [CONFIG] ============================================================
[2026-07-03 15:41:37] [INFO   ] [GLOBAL] [CONFIG]   experiment_id            : random_cifar10_a1.0_s123
[2026-07-03 15:41:37] [INFO   ] [GLOBAL] [CONFIG]   strategy                 : random
[2026-07-03 15:41:37] [INFO   ] [GLOBAL] [CONFIG]   dataset                  : cifar10
[2026-07-03 15:41:37] [INFO   ] [GLOBAL] [CONFIG]   alpha                    : 1.0
[2026-07-03 15:41:37] [INFO   ] [GLOBAL] [CONFIG]   seed                     : 123
[2026-07-03 15:41:37] [INFO   ] [GLOBAL] [CONFIG]   num_rounds               : 20
[2026-07-03 15:41:37] [INFO   ] [GLOBAL] [CONFIG]   num_clients              : 10
[2026-07-03 15:41:37] [INFO   ] [GLOBAL] [CONFIG]   clients_per_round        : 5
[2026-07-03 15:41:37] [INFO   ] [GLOBAL] [CONFIG]   local_epochs             : 3
[2026-07-03 15:41:37] [INFO   ] [GLOBAL] [CONFIG]   learning_rate            : 0.01
[2026-07-03 15:41:37] [INFO   ] [GLOBAL] [CONFIG]   device                   : cpu
[2026-07-03 15:41:37] [INFO   ] [GLOBAL] [CONFIG]   trace_mode               : False
[2026-07-03 15:41:37] [INFO   ] [GLOBAL] [CONFIG] ============================================================
[2026-07-03 15:41:37] [INFO   ] [random_cifar10_a1.0_s123] [SIMULATION] Starting simulation: 20 rounds | 10 clients | 5/round
[2026-07-03 15:41:46] [INFO   ] [random_cifar10_a1.0_s123] [ROUND_00] Global Accuracy: 10.3000%
[2026-07-03 15:41:46] [INFO   ] [random_cifar10_a1.0_s123] [STRATEGY] [RANDOM] Round 01 | Selected 5 clients: ['0', '5', '6', '8', '9']
[2026-07-03 15:42:04] [INFO   ] [random_cifar10_a1.0_s123] [ROUND_01] Global Accuracy: 17.2500%
[2026-07-03 15:42:09] [INFO   ] [random_cifar10_a1.0_s123] [STRATEGY] [RANDOM] Round 02 | Selected 5 clients: ['1', '2', '3', '7', '8']
[2026-07-03 15:42:26] [INFO   ] [random_cifar10_a1.0_s123] [ROUND_02] Global Accuracy: 35.8400%
[2026-07-03 15:42:29] [INFO   ] [random_cifar10_a1.0_s123] [STRATEGY] [RANDOM] Round 03 | Selected 5 clients: ['0', '3', '5', '6', '7']
[2026-07-03 15:42:45] [INFO   ] [random_cifar10_a1.0_s123] [ROUND_03] Global Accuracy: 55.1600%
[2026-07-03 15:42:48] [INFO   ] [random_cifar10_a1.0_s123] [STRATEGY] [RANDOM] Round 04 | Selected 5 clients: ['4', '6', '7', '8', '9']
[2026-07-03 15:43:04] [INFO   ] [random_cifar10_a1.0_s123] [ROUND_04] Global Accuracy: 58.7000%
[2026-07-03 15:43:07] [INFO   ] [random_cifar10_a1.0_s123] [STRATEGY] [RANDOM] Round 05 | Selected 5 clients: ['0', '2', '3', '4', '9']
[2026-07-03 15:43:23] [INFO   ] [random_cifar10_a1.0_s123] [ROUND_05] Global Accuracy: 60.9300%
[2026-07-03 15:43:26] [INFO   ] [random_cifar10_a1.0_s123] [STRATEGY] [RANDOM] Round 06 | Selected 5 clients: ['0', '2', '5', '8', '9']
[2026-07-03 15:43:42] [INFO   ] [random_cifar10_a1.0_s123] [ROUND_06] Global Accuracy: 59.4800%
[2026-07-03 15:43:45] [INFO   ] [random_cifar10_a1.0_s123] [STRATEGY] [RANDOM] Round 07 | Selected 5 clients: ['0', '2', '3', '4', '6']
[2026-07-03 15:44:00] [INFO   ] [random_cifar10_a1.0_s123] [ROUND_07] Global Accuracy: 62.5200%
[2026-07-03 15:44:03] [INFO   ] [random_cifar10_a1.0_s123] [STRATEGY] [RANDOM] Round 08 | Selected 5 clients: ['2', '3', '4', '7', '9']
[2026-07-03 15:44:18] [INFO   ] [random_cifar10_a1.0_s123] [ROUND_08] Global Accuracy: 67.1500%
[2026-07-03 15:44:21] [INFO   ] [random_cifar10_a1.0_s123] [STRATEGY] [RANDOM] Round 09 | Selected 5 clients: ['0', '1', '2', '3', '4']
[2026-07-03 15:44:38] [INFO   ] [random_cifar10_a1.0_s123] [ROUND_09] Global Accuracy: 64.6900%
[2026-07-03 15:44:41] [INFO   ] [random_cifar10_a1.0_s123] [STRATEGY] [RANDOM] Round 10 | Selected 5 clients: ['2', '3', '6', '7', '9']
[2026-07-03 15:44:59] [INFO   ] [random_cifar10_a1.0_s123] [ROUND_10] Global Accuracy: 67.9000%
[2026-07-03 15:45:02] [INFO   ] [random_cifar10_a1.0_s123] [STRATEGY] [RANDOM] Round 11 | Selected 5 clients: ['1', '2', '3', '6', '7']
[2026-07-03 15:45:21] [INFO   ] [random_cifar10_a1.0_s123] [ROUND_11] Global Accuracy: 66.8600%
[2026-07-03 15:45:24] [INFO   ] [random_cifar10_a1.0_s123] [STRATEGY] [RANDOM] Round 12 | Selected 5 clients: ['2', '3', '5', '6', '8']
[2026-07-03 15:45:41] [INFO   ] [random_cifar10_a1.0_s123] [ROUND_12] Global Accuracy: 71.4800%
[2026-07-03 15:45:44] [INFO   ] [random_cifar10_a1.0_s123] [STRATEGY] [RANDOM] Round 13 | Selected 5 clients: ['1', '5', '6', '8', '9']
[2026-07-03 15:46:03] [INFO   ] [random_cifar10_a1.0_s123] [ROUND_13] Global Accuracy: 67.8800%
[2026-07-03 15:46:06] [INFO   ] [random_cifar10_a1.0_s123] [STRATEGY] [RANDOM] Round 14 | Selected 5 clients: ['1', '2', '3', '4', '9']
[2026-07-03 15:46:24] [INFO   ] [random_cifar10_a1.0_s123] [ROUND_14] Global Accuracy: 71.6600%
[2026-07-03 15:46:27] [INFO   ] [random_cifar10_a1.0_s123] [STRATEGY] [RANDOM] Round 15 | Selected 5 clients: ['0', '1', '4', '7', '9']
[2026-07-03 15:46:44] [INFO   ] [random_cifar10_a1.0_s123] [ROUND_15] Global Accuracy: 72.3100%
[2026-07-03 15:46:47] [INFO   ] [random_cifar10_a1.0_s123] [STRATEGY] [RANDOM] Round 16 | Selected 5 clients: ['0', '2', '7', '8', '9']
[2026-07-03 15:47:02] [INFO   ] [random_cifar10_a1.0_s123] [ROUND_16] Global Accuracy: 71.9000%
[2026-07-03 15:47:05] [INFO   ] [random_cifar10_a1.0_s123] [STRATEGY] [RANDOM] Round 17 | Selected 5 clients: ['1', '4', '5', '7', '9']
[2026-07-03 15:47:22] [INFO   ] [random_cifar10_a1.0_s123] [ROUND_17] Global Accuracy: 72.0600%
[2026-07-03 15:47:25] [INFO   ] [random_cifar10_a1.0_s123] [STRATEGY] [RANDOM] Round 18 | Selected 5 clients: ['1', '2', '3', '6', '9']
[2026-07-03 15:47:42] [INFO   ] [random_cifar10_a1.0_s123] [ROUND_18] Global Accuracy: 70.8200%
[2026-07-03 15:47:44] [INFO   ] [random_cifar10_a1.0_s123] [STRATEGY] [RANDOM] Round 19 | Selected 5 clients: ['1', '6', '7', '8', '9']
[2026-07-03 15:48:01] [INFO   ] [random_cifar10_a1.0_s123] [ROUND_19] Global Accuracy: 72.6000%
[2026-07-03 15:48:04] [INFO   ] [random_cifar10_a1.0_s123] [STRATEGY] [RANDOM] Round 20 | Selected 5 clients: ['3', '4', '6', '8', '9']
[2026-07-03 15:48:20] [INFO   ] [random_cifar10_a1.0_s123] [ROUND_20] Global Accuracy: 73.3900%
