[2026-07-03 14:12:02] [INFO   ] [GLOBAL] [CONFIG] ============================================================
[2026-07-03 14:12:02] [INFO   ] [GLOBAL] [CONFIG] EXPERIMENT CONFIGURATION
[2026-07-03 14:12:02] [INFO   ] [GLOBAL] [CONFIG] ============================================================
[2026-07-03 14:12:02] [INFO   ] [GLOBAL] [CONFIG]   experiment_id            : random_mnist_a0.5_s42
[2026-07-03 14:12:02] [INFO   ] [GLOBAL] [CONFIG]   strategy                 : random
[2026-07-03 14:12:02] [INFO   ] [GLOBAL] [CONFIG]   dataset                  : mnist
[2026-07-03 14:12:02] [INFO   ] [GLOBAL] [CONFIG]   alpha                    : 0.5
[2026-07-03 14:12:02] [INFO   ] [GLOBAL] [CONFIG]   seed                     : 42
[2026-07-03 14:12:02] [INFO   ] [GLOBAL] [CONFIG]   num_rounds               : 20
[2026-07-03 14:12:02] [INFO   ] [GLOBAL] [CONFIG]   num_clients              : 10
[2026-07-03 14:12:02] [INFO   ] [GLOBAL] [CONFIG]   clients_per_round        : 5
[2026-07-03 14:12:02] [INFO   ] [GLOBAL] [CONFIG]   local_epochs             : 3
[2026-07-03 14:12:02] [INFO   ] [GLOBAL] [CONFIG]   learning_rate            : 0.01
[2026-07-03 14:12:02] [INFO   ] [GLOBAL] [CONFIG]   device                   : cpu
[2026-07-03 14:12:02] [INFO   ] [GLOBAL] [CONFIG]   trace_mode               : False
[2026-07-03 14:12:02] [INFO   ] [GLOBAL] [CONFIG] ============================================================
[2026-07-03 14:12:02] [INFO   ] [random_mnist_a0.5_s42] [SIMULATION] Starting simulation: 20 rounds | 10 clients | 5/round
[2026-07-03 14:12:10] [INFO   ] [random_mnist_a0.5_s42] [ROUND_00] Global Accuracy: 7.9600%
[2026-07-03 14:12:10] [INFO   ] [random_mnist_a0.5_s42] [STRATEGY] [RANDOM] Round 01 | Selected 5 clients: ['0', '5', '6', '8', '9']
[2026-07-03 14:12:22] [INFO   ] [random_mnist_a0.5_s42] [ROUND_01] Global Accuracy: 90.5300%
[2026-07-03 14:12:25] [INFO   ] [random_mnist_a0.5_s42] [STRATEGY] [RANDOM] Round 02 | Selected 5 clients: ['2', '3', '5', '8', '9']
[2026-07-03 14:12:37] [INFO   ] [random_mnist_a0.5_s42] [ROUND_02] Global Accuracy: 97.0200%
[2026-07-03 14:12:39] [INFO   ] [random_mnist_a0.5_s42] [STRATEGY] [RANDOM] Round 03 | Selected 5 clients: ['1', '2', '4', '5', '7']
[2026-07-03 14:12:50] [INFO   ] [random_mnist_a0.5_s42] [ROUND_03] Global Accuracy: 97.9400%
[2026-07-03 14:12:52] [INFO   ] [random_mnist_a0.5_s42] [STRATEGY] [RANDOM] Round 04 | Selected 5 clients: ['2', '3', '4', '7', '9']
[2026-07-03 14:13:04] [INFO   ] [random_mnist_a0.5_s42] [ROUND_04] Global Accuracy: 98.3000%
[2026-07-03 14:13:06] [INFO   ] [random_mnist_a0.5_s42] [STRATEGY] [RANDOM] Round 05 | Selected 5 clients: ['2', '4', '5', '6', '9']
[2026-07-03 14:13:18] [INFO   ] [random_mnist_a0.5_s42] [ROUND_05] Global Accuracy: 98.3800%
[2026-07-03 14:13:19] [INFO   ] [random_mnist_a0.5_s42] [STRATEGY] [RANDOM] Round 06 | Selected 5 clients: ['3', '4', '5', '8', '9']
[2026-07-03 14:13:28] [INFO   ] [random_mnist_a0.5_s42] [ROUND_06] Global Accuracy: 98.8400%
[2026-07-03 14:13:30] [INFO   ] [random_mnist_a0.5_s42] [STRATEGY] [RANDOM] Round 07 | Selected 5 clients: ['0', '1', '3', '5', '8']
[2026-07-03 14:13:39] [INFO   ] [random_mnist_a0.5_s42] [ROUND_07] Global Accuracy: 98.7900%
[2026-07-03 14:13:41] [INFO   ] [random_mnist_a0.5_s42] [STRATEGY] [RANDOM] Round 08 | Selected 5 clients: ['0', '1', '4', '6', '8']
[2026-07-03 14:13:50] [INFO   ] [random_mnist_a0.5_s42] [ROUND_08] Global Accuracy: 99.0700%
[2026-07-03 14:13:52] [INFO   ] [random_mnist_a0.5_s42] [STRATEGY] [RANDOM] Round 09 | Selected 5 clients: ['1', '2', '6', '7', '9']
[2026-07-03 14:14:04] [INFO   ] [random_mnist_a0.5_s42] [ROUND_09] Global Accuracy: 98.6500%
[2026-07-03 14:14:06] [INFO   ] [random_mnist_a0.5_s42] [STRATEGY] [RANDOM] Round 10 | Selected 5 clients: ['2', '3', '5', '7', '8']
[2026-07-03 14:14:18] [INFO   ] [random_mnist_a0.5_s42] [ROUND_10] Global Accuracy: 98.8600%
[2026-07-03 14:14:19] [INFO   ] [random_mnist_a0.5_s42] [STRATEGY] [RANDOM] Round 11 | Selected 5 clients: ['0', '3', '5', '6', '9']
[2026-07-03 14:14:28] [INFO   ] [random_mnist_a0.5_s42] [ROUND_11] Global Accuracy: 98.7800%
[2026-07-03 14:14:30] [INFO   ] [random_mnist_a0.5_s42] [STRATEGY] [RANDOM] Round 12 | Selected 5 clients: ['0', '3', '5', '7', '9']
[2026-07-03 14:14:39] [INFO   ] [random_mnist_a0.5_s42] [ROUND_12] Global Accuracy: 98.9400%
[2026-07-03 14:14:40] [INFO   ] [random_mnist_a0.5_s42] [STRATEGY] [RANDOM] Round 13 | Selected 5 clients: ['2', '4', '5', '7', '9']
[2026-07-03 14:14:52] [INFO   ] [random_mnist_a0.5_s42] [ROUND_13] Global Accuracy: 98.9200%
[2026-07-03 14:14:54] [INFO   ] [random_mnist_a0.5_s42] [STRATEGY] [RANDOM] Round 14 | Selected 5 clients: ['0', '2', '6', '7', '9']
[2026-07-03 14:15:06] [INFO   ] [random_mnist_a0.5_s42] [ROUND_14] Global Accuracy: 98.9500%
[2026-07-03 14:15:08] [INFO   ] [random_mnist_a0.5_s42] [STRATEGY] [RANDOM] Round 15 | Selected 5 clients: ['0', '1', '3', '5', '6']
[2026-07-03 14:15:16] [INFO   ] [random_mnist_a0.5_s42] [ROUND_15] Global Accuracy: 99.0200%
[2026-07-03 14:15:18] [INFO   ] [random_mnist_a0.5_s42] [STRATEGY] [RANDOM] Round 16 | Selected 5 clients: ['0', '1', '2', '3', '6']
[2026-07-03 14:15:30] [INFO   ] [random_mnist_a0.5_s42] [ROUND_16] Global Accuracy: 99.0000%
[2026-07-03 14:15:32] [INFO   ] [random_mnist_a0.5_s42] [STRATEGY] [RANDOM] Round 17 | Selected 5 clients: ['0', '3', '4', '7', '9']
[2026-07-03 14:15:40] [INFO   ] [random_mnist_a0.5_s42] [ROUND_17] Global Accuracy: 99.0100%
[2026-07-03 14:15:42] [INFO   ] [random_mnist_a0.5_s42] [STRATEGY] [RANDOM] Round 18 | Selected 5 clients: ['2', '3', '5', '8', '9']
[2026-07-03 14:15:54] [INFO   ] [random_mnist_a0.5_s42] [ROUND_18] Global Accuracy: 98.9900%
[2026-07-03 14:15:56] [INFO   ] [random_mnist_a0.5_s42] [STRATEGY] [RANDOM] Round 19 | Selected 5 clients: ['1', '3', '6', '8', '9']
[2026-07-03 14:16:05] [INFO   ] [random_mnist_a0.5_s42] [ROUND_19] Global Accuracy: 99.0200%
[2026-07-03 14:16:07] [INFO   ] [random_mnist_a0.5_s42] [STRATEGY] [RANDOM] Round 20 | Selected 5 clients: ['0', '1', '5', '8', '9']
[2026-07-03 14:16:16] [INFO   ] [random_mnist_a0.5_s42] [ROUND_20] Global Accuracy: 99.1200%
