[2026-07-03 14:33:49] [INFO   ] [GLOBAL] [CONFIG] ============================================================
[2026-07-03 14:33:49] [INFO   ] [GLOBAL] [CONFIG] EXPERIMENT CONFIGURATION
[2026-07-03 14:33:49] [INFO   ] [GLOBAL] [CONFIG] ============================================================
[2026-07-03 14:33:49] [INFO   ] [GLOBAL] [CONFIG]   experiment_id            : random_mnist_a1.0_s456
[2026-07-03 14:33:49] [INFO   ] [GLOBAL] [CONFIG]   strategy                 : random
[2026-07-03 14:33:49] [INFO   ] [GLOBAL] [CONFIG]   dataset                  : mnist
[2026-07-03 14:33:49] [INFO   ] [GLOBAL] [CONFIG]   alpha                    : 1.0
[2026-07-03 14:33:49] [INFO   ] [GLOBAL] [CONFIG]   seed                     : 456
[2026-07-03 14:33:49] [INFO   ] [GLOBAL] [CONFIG]   num_rounds               : 20
[2026-07-03 14:33:49] [INFO   ] [GLOBAL] [CONFIG]   num_clients              : 10
[2026-07-03 14:33:49] [INFO   ] [GLOBAL] [CONFIG]   clients_per_round        : 5
[2026-07-03 14:33:49] [INFO   ] [GLOBAL] [CONFIG]   local_epochs             : 3
[2026-07-03 14:33:49] [INFO   ] [GLOBAL] [CONFIG]   learning_rate            : 0.01
[2026-07-03 14:33:49] [INFO   ] [GLOBAL] [CONFIG]   device                   : cpu
[2026-07-03 14:33:49] [INFO   ] [GLOBAL] [CONFIG]   trace_mode               : False
[2026-07-03 14:33:49] [INFO   ] [GLOBAL] [CONFIG] ============================================================
[2026-07-03 14:33:49] [INFO   ] [random_mnist_a1.0_s456] [SIMULATION] Starting simulation: 20 rounds | 10 clients | 5/round
[2026-07-03 14:33:57] [INFO   ] [random_mnist_a1.0_s456] [ROUND_00] Global Accuracy: 15.4500%
[2026-07-03 14:33:57] [INFO   ] [random_mnist_a1.0_s456] [STRATEGY] [RANDOM] Round 01 | Selected 5 clients: ['0', '3', '5', '8', '9']
[2026-07-03 14:34:10] [INFO   ] [random_mnist_a1.0_s456] [ROUND_01] Global Accuracy: 96.9500%
[2026-07-03 14:34:14] [INFO   ] [random_mnist_a1.0_s456] [STRATEGY] [RANDOM] Round 02 | Selected 5 clients: ['1', '2', '4', '5', '6']
[2026-07-03 14:34:25] [INFO   ] [random_mnist_a1.0_s456] [ROUND_02] Global Accuracy: 98.5500%
[2026-07-03 14:34:27] [INFO   ] [random_mnist_a1.0_s456] [STRATEGY] [RANDOM] Round 03 | Selected 5 clients: ['0', '2', '6', '7', '8']
[2026-07-03 14:34:39] [INFO   ] [random_mnist_a1.0_s456] [ROUND_03] Global Accuracy: 98.8100%
[2026-07-03 14:34:40] [INFO   ] [random_mnist_a1.0_s456] [STRATEGY] [RANDOM] Round 04 | Selected 5 clients: ['2', '3', '4', '6', '9']
[2026-07-03 14:34:52] [INFO   ] [random_mnist_a1.0_s456] [ROUND_04] Global Accuracy: 98.9700%
[2026-07-03 14:34:54] [INFO   ] [random_mnist_a1.0_s456] [STRATEGY] [RANDOM] Round 05 | Selected 5 clients: ['0', '2', '3', '5', '9']
[2026-07-03 14:35:04] [INFO   ] [random_mnist_a1.0_s456] [ROUND_05] Global Accuracy: 99.1100%
[2026-07-03 14:35:06] [INFO   ] [random_mnist_a1.0_s456] [STRATEGY] [RANDOM] Round 06 | Selected 5 clients: ['0', '2', '4', '7', '8']
[2026-07-03 14:35:16] [INFO   ] [random_mnist_a1.0_s456] [ROUND_06] Global Accuracy: 99.0700%
[2026-07-03 14:35:18] [INFO   ] [random_mnist_a1.0_s456] [STRATEGY] [RANDOM] Round 07 | Selected 5 clients: ['0', '2', '3', '5', '6']
[2026-07-03 14:35:30] [INFO   ] [random_mnist_a1.0_s456] [ROUND_07] Global Accuracy: 99.2900%
[2026-07-03 14:35:32] [INFO   ] [random_mnist_a1.0_s456] [STRATEGY] [RANDOM] Round 08 | Selected 5 clients: ['0', '3', '6', '7', '9']
[2026-07-03 14:35:44] [INFO   ] [random_mnist_a1.0_s456] [ROUND_08] Global Accuracy: 99.2300%
[2026-07-03 14:35:46] [INFO   ] [random_mnist_a1.0_s456] [STRATEGY] [RANDOM] Round 09 | Selected 5 clients: ['1', '2', '6', '8', '9']
[2026-07-03 14:35:58] [INFO   ] [random_mnist_a1.0_s456] [ROUND_09] Global Accuracy: 99.1800%
[2026-07-03 14:36:00] [INFO   ] [random_mnist_a1.0_s456] [STRATEGY] [RANDOM] Round 10 | Selected 5 clients: ['0', '1', '5', '6', '9']
[2026-07-03 14:36:12] [INFO   ] [random_mnist_a1.0_s456] [ROUND_10] Global Accuracy: 99.3100%
[2026-07-03 14:36:14] [INFO   ] [random_mnist_a1.0_s456] [STRATEGY] [RANDOM] Round 11 | Selected 5 clients: ['0', '1', '3', '5', '8']
[2026-07-03 14:36:23] [INFO   ] [random_mnist_a1.0_s456] [ROUND_11] Global Accuracy: 99.2000%
[2026-07-03 14:36:25] [INFO   ] [random_mnist_a1.0_s456] [STRATEGY] [RANDOM] Round 12 | Selected 5 clients: ['1', '2', '4', '7', '8']
[2026-07-03 14:36:35] [INFO   ] [random_mnist_a1.0_s456] [ROUND_12] Global Accuracy: 99.2800%
[2026-07-03 14:36:37] [INFO   ] [random_mnist_a1.0_s456] [STRATEGY] [RANDOM] Round 13 | Selected 5 clients: ['0', '3', '4', '6', '7']
[2026-07-03 14:36:48] [INFO   ] [random_mnist_a1.0_s456] [ROUND_13] Global Accuracy: 99.3900%
[2026-07-03 14:36:50] [INFO   ] [random_mnist_a1.0_s456] [STRATEGY] [RANDOM] Round 14 | Selected 5 clients: ['0', '1', '2', '4', '5']
[2026-07-03 14:37:00] [INFO   ] [random_mnist_a1.0_s456] [ROUND_14] Global Accuracy: 99.2800%
[2026-07-03 14:37:02] [INFO   ] [random_mnist_a1.0_s456] [STRATEGY] [RANDOM] Round 15 | Selected 5 clients: ['1', '2', '3', '4', '6']
[2026-07-03 14:37:14] [INFO   ] [random_mnist_a1.0_s456] [ROUND_15] Global Accuracy: 99.3600%
[2026-07-03 14:37:16] [INFO   ] [random_mnist_a1.0_s456] [STRATEGY] [RANDOM] Round 16 | Selected 5 clients: ['0', '1', '4', '5', '9']
[2026-07-03 14:37:25] [INFO   ] [random_mnist_a1.0_s456] [ROUND_16] Global Accuracy: 99.2200%
[2026-07-03 14:37:27] [INFO   ] [random_mnist_a1.0_s456] [STRATEGY] [RANDOM] Round 17 | Selected 5 clients: ['0', '3', '7', '8', '9']
[2026-07-03 14:37:37] [INFO   ] [random_mnist_a1.0_s456] [ROUND_17] Global Accuracy: 99.2400%
[2026-07-03 14:37:39] [INFO   ] [random_mnist_a1.0_s456] [STRATEGY] [RANDOM] Round 18 | Selected 5 clients: ['0', '3', '4', '6', '9']
[2026-07-03 14:37:50] [INFO   ] [random_mnist_a1.0_s456] [ROUND_18] Global Accuracy: 99.3600%
[2026-07-03 14:37:52] [INFO   ] [random_mnist_a1.0_s456] [STRATEGY] [RANDOM] Round 19 | Selected 5 clients: ['0', '4', '5', '6', '9']
[2026-07-03 14:38:04] [INFO   ] [random_mnist_a1.0_s456] [ROUND_19] Global Accuracy: 99.3200%
[2026-07-03 14:38:06] [INFO   ] [random_mnist_a1.0_s456] [STRATEGY] [RANDOM] Round 20 | Selected 5 clients: ['0', '2', '3', '5', '6']
[2026-07-03 14:38:18] [INFO   ] [random_mnist_a1.0_s456] [ROUND_20] Global Accuracy: 99.3200%
