[2026-07-03 14:20:47] [INFO   ] [GLOBAL] [CONFIG] ============================================================
[2026-07-03 14:20:47] [INFO   ] [GLOBAL] [CONFIG] EXPERIMENT CONFIGURATION
[2026-07-03 14:20:47] [INFO   ] [GLOBAL] [CONFIG] ============================================================
[2026-07-03 14:20:47] [INFO   ] [GLOBAL] [CONFIG]   experiment_id            : random_mnist_a0.5_s456
[2026-07-03 14:20:47] [INFO   ] [GLOBAL] [CONFIG]   strategy                 : random
[2026-07-03 14:20:47] [INFO   ] [GLOBAL] [CONFIG]   dataset                  : mnist
[2026-07-03 14:20:47] [INFO   ] [GLOBAL] [CONFIG]   alpha                    : 0.5
[2026-07-03 14:20:47] [INFO   ] [GLOBAL] [CONFIG]   seed                     : 456
[2026-07-03 14:20:47] [INFO   ] [GLOBAL] [CONFIG]   num_rounds               : 20
[2026-07-03 14:20:47] [INFO   ] [GLOBAL] [CONFIG]   num_clients              : 10
[2026-07-03 14:20:47] [INFO   ] [GLOBAL] [CONFIG]   clients_per_round        : 5
[2026-07-03 14:20:47] [INFO   ] [GLOBAL] [CONFIG]   local_epochs             : 3
[2026-07-03 14:20:47] [INFO   ] [GLOBAL] [CONFIG]   learning_rate            : 0.01
[2026-07-03 14:20:47] [INFO   ] [GLOBAL] [CONFIG]   device                   : cpu
[2026-07-03 14:20:47] [INFO   ] [GLOBAL] [CONFIG]   trace_mode               : False
[2026-07-03 14:20:47] [INFO   ] [GLOBAL] [CONFIG] ============================================================
[2026-07-03 14:20:47] [INFO   ] [random_mnist_a0.5_s456] [SIMULATION] Starting simulation: 20 rounds | 10 clients | 5/round
[2026-07-03 14:20:55] [INFO   ] [random_mnist_a0.5_s456] [ROUND_00] Global Accuracy: 9.7700%
[2026-07-03 14:20:55] [INFO   ] [random_mnist_a0.5_s456] [STRATEGY] [RANDOM] Round 01 | Selected 5 clients: ['0', '1', '5', '6', '7']
[2026-07-03 14:21:07] [INFO   ] [random_mnist_a0.5_s456] [ROUND_01] Global Accuracy: 95.2800%
[2026-07-03 14:21:11] [INFO   ] [random_mnist_a0.5_s456] [STRATEGY] [RANDOM] Round 02 | Selected 5 clients: ['2', '4', '7', '8', '9']
[2026-07-03 14:21:20] [INFO   ] [random_mnist_a0.5_s456] [ROUND_02] Global Accuracy: 97.7500%
[2026-07-03 14:21:22] [INFO   ] [random_mnist_a0.5_s456] [STRATEGY] [RANDOM] Round 03 | Selected 5 clients: ['0', '2', '3', '5', '9']
[2026-07-03 14:21:32] [INFO   ] [random_mnist_a0.5_s456] [ROUND_03] Global Accuracy: 98.4300%
[2026-07-03 14:21:34] [INFO   ] [random_mnist_a0.5_s456] [STRATEGY] [RANDOM] Round 04 | Selected 5 clients: ['0', '2', '4', '5', '8']
[2026-07-03 14:21:43] [INFO   ] [random_mnist_a0.5_s456] [ROUND_04] Global Accuracy: 98.4900%
[2026-07-03 14:21:45] [INFO   ] [random_mnist_a0.5_s456] [STRATEGY] [RANDOM] Round 05 | Selected 5 clients: ['1', '3', '4', '6', '7']
[2026-07-03 14:21:57] [INFO   ] [random_mnist_a0.5_s456] [ROUND_05] Global Accuracy: 98.7900%
[2026-07-03 14:21:59] [INFO   ] [random_mnist_a0.5_s456] [STRATEGY] [RANDOM] Round 06 | Selected 5 clients: ['0', '1', '2', '5', '7']
[2026-07-03 14:22:10] [INFO   ] [random_mnist_a0.5_s456] [ROUND_06] Global Accuracy: 98.9500%
[2026-07-03 14:22:12] [INFO   ] [random_mnist_a0.5_s456] [STRATEGY] [RANDOM] Round 07 | Selected 5 clients: ['2', '3', '6', '8', '9']
[2026-07-03 14:22:22] [INFO   ] [random_mnist_a0.5_s456] [ROUND_07] Global Accuracy: 98.8500%
[2026-07-03 14:22:23] [INFO   ] [random_mnist_a0.5_s456] [STRATEGY] [RANDOM] Round 08 | Selected 5 clients: ['1', '5', '6', '8', '9']
[2026-07-03 14:22:35] [INFO   ] [random_mnist_a0.5_s456] [ROUND_08] Global Accuracy: 98.9800%
[2026-07-03 14:22:37] [INFO   ] [random_mnist_a0.5_s456] [STRATEGY] [RANDOM] Round 09 | Selected 5 clients: ['0', '1', '3', '5', '8']
[2026-07-03 14:22:49] [INFO   ] [random_mnist_a0.5_s456] [ROUND_09] Global Accuracy: 98.9700%
[2026-07-03 14:22:51] [INFO   ] [random_mnist_a0.5_s456] [STRATEGY] [RANDOM] Round 10 | Selected 5 clients: ['0', '1', '4', '6', '7']
[2026-07-03 14:23:02] [INFO   ] [random_mnist_a0.5_s456] [ROUND_10] Global Accuracy: 98.9200%
[2026-07-03 14:23:04] [INFO   ] [random_mnist_a0.5_s456] [STRATEGY] [RANDOM] Round 11 | Selected 5 clients: ['5', '6', '7', '8', '9']
[2026-07-03 14:23:13] [INFO   ] [random_mnist_a0.5_s456] [ROUND_11] Global Accuracy: 99.0100%
[2026-07-03 14:23:15] [INFO   ] [random_mnist_a0.5_s456] [STRATEGY] [RANDOM] Round 12 | Selected 5 clients: ['1', '4', '5', '7', '8']
[2026-07-03 14:23:27] [INFO   ] [random_mnist_a0.5_s456] [ROUND_12] Global Accuracy: 99.0900%
[2026-07-03 14:23:29] [INFO   ] [random_mnist_a0.5_s456] [STRATEGY] [RANDOM] Round 13 | Selected 5 clients: ['1', '2', '3', '4', '8']
[2026-07-03 14:23:40] [INFO   ] [random_mnist_a0.5_s456] [ROUND_13] Global Accuracy: 99.1400%
[2026-07-03 14:23:42] [INFO   ] [random_mnist_a0.5_s456] [STRATEGY] [RANDOM] Round 14 | Selected 5 clients: ['0', '2', '3', '4', '6']
[2026-07-03 14:23:52] [INFO   ] [random_mnist_a0.5_s456] [ROUND_14] Global Accuracy: 99.0500%
[2026-07-03 14:23:54] [INFO   ] [random_mnist_a0.5_s456] [STRATEGY] [RANDOM] Round 15 | Selected 5 clients: ['0', '2', '3', '4', '6']
[2026-07-03 14:24:03] [INFO   ] [random_mnist_a0.5_s456] [ROUND_15] Global Accuracy: 98.9800%
[2026-07-03 14:24:05] [INFO   ] [random_mnist_a0.5_s456] [STRATEGY] [RANDOM] Round 16 | Selected 5 clients: ['0', '1', '2', '8', '9']
[2026-07-03 14:24:17] [INFO   ] [random_mnist_a0.5_s456] [ROUND_16] Global Accuracy: 99.2500%
[2026-07-03 14:24:18] [INFO   ] [random_mnist_a0.5_s456] [STRATEGY] [RANDOM] Round 17 | Selected 5 clients: ['0', '6', '7', '8', '9']
[2026-07-03 14:24:27] [INFO   ] [random_mnist_a0.5_s456] [ROUND_17] Global Accuracy: 99.0800%
[2026-07-03 14:24:29] [INFO   ] [random_mnist_a0.5_s456] [STRATEGY] [RANDOM] Round 18 | Selected 5 clients: ['1', '4', '5', '7', '9']
[2026-07-03 14:24:40] [INFO   ] [random_mnist_a0.5_s456] [ROUND_18] Global Accuracy: 99.1200%
[2026-07-03 14:24:42] [INFO   ] [random_mnist_a0.5_s456] [STRATEGY] [RANDOM] Round 19 | Selected 5 clients: ['1', '4', '5', '8', '9']
[2026-07-03 14:24:53] [INFO   ] [random_mnist_a0.5_s456] [ROUND_19] Global Accuracy: 99.1300%
[2026-07-03 14:24:55] [INFO   ] [random_mnist_a0.5_s456] [STRATEGY] [RANDOM] Round 20 | Selected 5 clients: ['2', '5', '7', '8', '9']
[2026-07-03 14:25:05] [INFO   ] [random_mnist_a0.5_s456] [ROUND_20] Global Accuracy: 99.2000%
